[2025-09-06T00:28:23.613+0000] {processor.py:186} INFO - Started process (PID=23951) to work on /opt/airflow/dags/molecular_dynamics_dag.py
[2025-09-06T00:28:23.614+0000] {processor.py:914} INFO - Processing file /opt/airflow/dags/molecular_dynamics_dag.py for tasks to queue
[2025-09-06T00:28:23.618+0000] {logging_mixin.py:190} INFO - [2025-09-06T00:28:23.618+0000] {dagbag.py:588} INFO - Filling up the DagBag from /opt/airflow/dags/molecular_dynamics_dag.py
[2025-09-06T00:28:23.626+0000] {processor.py:925} INFO - DAG(s) 'molecular_dynamics_analysis' retrieved from /opt/airflow/dags/molecular_dynamics_dag.py
[2025-09-06T00:28:23.644+0000] {logging_mixin.py:190} INFO - [2025-09-06T00:28:23.644+0000] {dag.py:3239} INFO - Sync 1 DAGs
[2025-09-06T00:28:23.656+0000] {logging_mixin.py:190} INFO - [2025-09-06T00:28:23.656+0000] {dag.py:4180} INFO - Setting next_dagrun for molecular_dynamics_analysis to None, run_after=None
[2025-09-06T00:28:23.672+0000] {processor.py:208} INFO - Processing /opt/airflow/dags/molecular_dynamics_dag.py took 0.062 seconds
[2025-09-06T01:30:50.526+0000] {processor.py:186} INFO - Started process (PID=23996) to work on /opt/airflow/dags/molecular_dynamics_dag.py
[2025-09-06T01:30:50.527+0000] {processor.py:914} INFO - Processing file /opt/airflow/dags/molecular_dynamics_dag.py for tasks to queue
[2025-09-06T01:30:50.528+0000] {logging_mixin.py:190} INFO - [2025-09-06T01:30:50.528+0000] {dagbag.py:588} INFO - Filling up the DagBag from /opt/airflow/dags/molecular_dynamics_dag.py
[2025-09-06T01:30:50.533+0000] {processor.py:925} INFO - DAG(s) 'molecular_dynamics_analysis' retrieved from /opt/airflow/dags/molecular_dynamics_dag.py
[2025-09-06T01:30:50.545+0000] {logging_mixin.py:190} INFO - [2025-09-06T01:30:50.545+0000] {dag.py:3239} INFO - Sync 1 DAGs
[2025-09-06T01:30:50.552+0000] {logging_mixin.py:190} INFO - [2025-09-06T01:30:50.552+0000] {dag.py:4180} INFO - Setting next_dagrun for molecular_dynamics_analysis to None, run_after=None
[2025-09-06T01:30:50.560+0000] {processor.py:208} INFO - Processing /opt/airflow/dags/molecular_dynamics_dag.py took 0.037 seconds
[2025-09-06T01:31:21.581+0000] {processor.py:186} INFO - Started process (PID=24037) to work on /opt/airflow/dags/molecular_dynamics_dag.py
[2025-09-06T01:31:21.582+0000] {processor.py:914} INFO - Processing file /opt/airflow/dags/molecular_dynamics_dag.py for tasks to queue
[2025-09-06T01:31:21.583+0000] {logging_mixin.py:190} INFO - [2025-09-06T01:31:21.583+0000] {dagbag.py:588} INFO - Filling up the DagBag from /opt/airflow/dags/molecular_dynamics_dag.py
[2025-09-06T01:31:21.590+0000] {processor.py:925} INFO - DAG(s) 'molecular_dynamics_analysis' retrieved from /opt/airflow/dags/molecular_dynamics_dag.py
[2025-09-06T01:31:21.608+0000] {logging_mixin.py:190} INFO - [2025-09-06T01:31:21.608+0000] {dag.py:3239} INFO - Sync 1 DAGs
[2025-09-06T01:31:21.615+0000] {logging_mixin.py:190} INFO - [2025-09-06T01:31:21.615+0000] {dag.py:4180} INFO - Setting next_dagrun for molecular_dynamics_analysis to None, run_after=None
[2025-09-06T01:31:21.627+0000] {processor.py:208} INFO - Processing /opt/airflow/dags/molecular_dynamics_dag.py took 0.049 seconds
[2025-09-06T02:52:18.811+0000] {processor.py:186} INFO - Started process (PID=24080) to work on /opt/airflow/dags/molecular_dynamics_dag.py
[2025-09-06T02:52:18.813+0000] {processor.py:914} INFO - Processing file /opt/airflow/dags/molecular_dynamics_dag.py for tasks to queue
[2025-09-06T02:52:18.814+0000] {logging_mixin.py:190} INFO - [2025-09-06T02:52:18.814+0000] {dagbag.py:588} INFO - Filling up the DagBag from /opt/airflow/dags/molecular_dynamics_dag.py
[2025-09-06T02:52:18.823+0000] {processor.py:925} INFO - DAG(s) 'molecular_dynamics_analysis' retrieved from /opt/airflow/dags/molecular_dynamics_dag.py
[2025-09-06T02:52:18.844+0000] {logging_mixin.py:190} INFO - [2025-09-06T02:52:18.843+0000] {dag.py:3239} INFO - Sync 1 DAGs
[2025-09-06T02:52:18.852+0000] {logging_mixin.py:190} INFO - [2025-09-06T02:52:18.852+0000] {dag.py:4180} INFO - Setting next_dagrun for molecular_dynamics_analysis to None, run_after=None
[2025-09-06T02:52:18.866+0000] {processor.py:208} INFO - Processing /opt/airflow/dags/molecular_dynamics_dag.py took 0.059 seconds
[2025-09-06T03:31:57.560+0000] {processor.py:186} INFO - Started process (PID=24125) to work on /opt/airflow/dags/molecular_dynamics_dag.py
[2025-09-06T03:31:57.561+0000] {processor.py:914} INFO - Processing file /opt/airflow/dags/molecular_dynamics_dag.py for tasks to queue
[2025-09-06T03:31:57.562+0000] {logging_mixin.py:190} INFO - [2025-09-06T03:31:57.562+0000] {dagbag.py:588} INFO - Filling up the DagBag from /opt/airflow/dags/molecular_dynamics_dag.py
[2025-09-06T03:31:57.567+0000] {processor.py:925} INFO - DAG(s) 'molecular_dynamics_analysis' retrieved from /opt/airflow/dags/molecular_dynamics_dag.py
[2025-09-06T03:31:57.580+0000] {logging_mixin.py:190} INFO - [2025-09-06T03:31:57.580+0000] {dag.py:3239} INFO - Sync 1 DAGs
[2025-09-06T03:31:57.586+0000] {logging_mixin.py:190} INFO - [2025-09-06T03:31:57.586+0000] {dag.py:4180} INFO - Setting next_dagrun for molecular_dynamics_analysis to None, run_after=None
[2025-09-06T03:31:57.593+0000] {processor.py:208} INFO - Processing /opt/airflow/dags/molecular_dynamics_dag.py took 0.036 seconds
[2025-09-06T03:50:16.005+0000] {processor.py:186} INFO - Started process (PID=24166) to work on /opt/airflow/dags/molecular_dynamics_dag.py
[2025-09-06T03:50:16.005+0000] {processor.py:914} INFO - Processing file /opt/airflow/dags/molecular_dynamics_dag.py for tasks to queue
[2025-09-06T03:50:16.007+0000] {logging_mixin.py:190} INFO - [2025-09-06T03:50:16.007+0000] {dagbag.py:588} INFO - Filling up the DagBag from /opt/airflow/dags/molecular_dynamics_dag.py
[2025-09-06T03:50:16.014+0000] {processor.py:925} INFO - DAG(s) 'molecular_dynamics_analysis' retrieved from /opt/airflow/dags/molecular_dynamics_dag.py
[2025-09-06T03:50:16.030+0000] {logging_mixin.py:190} INFO - [2025-09-06T03:50:16.030+0000] {dag.py:3239} INFO - Sync 1 DAGs
[2025-09-06T03:50:16.036+0000] {logging_mixin.py:190} INFO - [2025-09-06T03:50:16.036+0000] {dag.py:4180} INFO - Setting next_dagrun for molecular_dynamics_analysis to None, run_after=None
[2025-09-06T03:50:16.047+0000] {processor.py:208} INFO - Processing /opt/airflow/dags/molecular_dynamics_dag.py took 0.045 seconds
[2025-09-06T04:32:55.104+0000] {processor.py:186} INFO - Started process (PID=24209) to work on /opt/airflow/dags/molecular_dynamics_dag.py
[2025-09-06T04:32:55.105+0000] {processor.py:914} INFO - Processing file /opt/airflow/dags/molecular_dynamics_dag.py for tasks to queue
[2025-09-06T04:32:55.106+0000] {logging_mixin.py:190} INFO - [2025-09-06T04:32:55.106+0000] {dagbag.py:588} INFO - Filling up the DagBag from /opt/airflow/dags/molecular_dynamics_dag.py
[2025-09-06T04:32:55.113+0000] {processor.py:925} INFO - DAG(s) 'molecular_dynamics_analysis' retrieved from /opt/airflow/dags/molecular_dynamics_dag.py
[2025-09-06T04:32:55.128+0000] {logging_mixin.py:190} INFO - [2025-09-06T04:32:55.128+0000] {dag.py:3239} INFO - Sync 1 DAGs
[2025-09-06T04:32:55.136+0000] {logging_mixin.py:190} INFO - [2025-09-06T04:32:55.136+0000] {dag.py:4180} INFO - Setting next_dagrun for molecular_dynamics_analysis to None, run_after=None
[2025-09-06T04:32:55.145+0000] {processor.py:208} INFO - Processing /opt/airflow/dags/molecular_dynamics_dag.py took 0.045 seconds
[2025-09-06T04:33:25.690+0000] {processor.py:186} INFO - Started process (PID=24252) to work on /opt/airflow/dags/molecular_dynamics_dag.py
[2025-09-06T04:33:25.691+0000] {processor.py:914} INFO - Processing file /opt/airflow/dags/molecular_dynamics_dag.py for tasks to queue
[2025-09-06T04:33:25.692+0000] {logging_mixin.py:190} INFO - [2025-09-06T04:33:25.692+0000] {dagbag.py:588} INFO - Filling up the DagBag from /opt/airflow/dags/molecular_dynamics_dag.py
[2025-09-06T04:33:25.700+0000] {processor.py:925} INFO - DAG(s) 'molecular_dynamics_analysis' retrieved from /opt/airflow/dags/molecular_dynamics_dag.py
[2025-09-06T04:33:25.719+0000] {logging_mixin.py:190} INFO - [2025-09-06T04:33:25.718+0000] {dag.py:3239} INFO - Sync 1 DAGs
[2025-09-06T04:33:25.726+0000] {logging_mixin.py:190} INFO - [2025-09-06T04:33:25.726+0000] {dag.py:4180} INFO - Setting next_dagrun for molecular_dynamics_analysis to None, run_after=None
[2025-09-06T04:33:25.739+0000] {processor.py:208} INFO - Processing /opt/airflow/dags/molecular_dynamics_dag.py took 0.052 seconds
[2025-09-06T05:33:53.464+0000] {processor.py:186} INFO - Started process (PID=24297) to work on /opt/airflow/dags/molecular_dynamics_dag.py
[2025-09-06T05:33:53.465+0000] {processor.py:914} INFO - Processing file /opt/airflow/dags/molecular_dynamics_dag.py for tasks to queue
[2025-09-06T05:33:53.466+0000] {logging_mixin.py:190} INFO - [2025-09-06T05:33:53.466+0000] {dagbag.py:588} INFO - Filling up the DagBag from /opt/airflow/dags/molecular_dynamics_dag.py
[2025-09-06T05:33:53.472+0000] {processor.py:925} INFO - DAG(s) 'molecular_dynamics_analysis' retrieved from /opt/airflow/dags/molecular_dynamics_dag.py
[2025-09-06T05:33:53.485+0000] {logging_mixin.py:190} INFO - [2025-09-06T05:33:53.485+0000] {dag.py:3239} INFO - Sync 1 DAGs
[2025-09-06T05:33:53.492+0000] {logging_mixin.py:190} INFO - [2025-09-06T05:33:53.492+0000] {dag.py:4180} INFO - Setting next_dagrun for molecular_dynamics_analysis to None, run_after=None
[2025-09-06T05:33:53.500+0000] {processor.py:208} INFO - Processing /opt/airflow/dags/molecular_dynamics_dag.py took 0.038 seconds
[2025-09-06T05:34:24.648+0000] {processor.py:186} INFO - Started process (PID=24338) to work on /opt/airflow/dags/molecular_dynamics_dag.py
[2025-09-06T05:34:24.649+0000] {processor.py:914} INFO - Processing file /opt/airflow/dags/molecular_dynamics_dag.py for tasks to queue
[2025-09-06T05:34:24.651+0000] {logging_mixin.py:190} INFO - [2025-09-06T05:34:24.651+0000] {dagbag.py:588} INFO - Filling up the DagBag from /opt/airflow/dags/molecular_dynamics_dag.py
[2025-09-06T05:34:24.659+0000] {processor.py:925} INFO - DAG(s) 'molecular_dynamics_analysis' retrieved from /opt/airflow/dags/molecular_dynamics_dag.py
[2025-09-06T05:34:24.678+0000] {logging_mixin.py:190} INFO - [2025-09-06T05:34:24.677+0000] {dag.py:3239} INFO - Sync 1 DAGs
[2025-09-06T05:34:24.686+0000] {logging_mixin.py:190} INFO - [2025-09-06T05:34:24.686+0000] {dag.py:4180} INFO - Setting next_dagrun for molecular_dynamics_analysis to None, run_after=None
[2025-09-06T05:34:24.699+0000] {processor.py:208} INFO - Processing /opt/airflow/dags/molecular_dynamics_dag.py took 0.054 seconds
[2025-09-06T06:34:50.738+0000] {processor.py:186} INFO - Started process (PID=24381) to work on /opt/airflow/dags/molecular_dynamics_dag.py
[2025-09-06T06:34:50.738+0000] {processor.py:914} INFO - Processing file /opt/airflow/dags/molecular_dynamics_dag.py for tasks to queue
[2025-09-06T06:34:50.740+0000] {logging_mixin.py:190} INFO - [2025-09-06T06:34:50.739+0000] {dagbag.py:588} INFO - Filling up the DagBag from /opt/airflow/dags/molecular_dynamics_dag.py
[2025-09-06T06:34:50.746+0000] {processor.py:925} INFO - DAG(s) 'molecular_dynamics_analysis' retrieved from /opt/airflow/dags/molecular_dynamics_dag.py
[2025-09-06T06:34:50.763+0000] {logging_mixin.py:190} INFO - [2025-09-06T06:34:50.763+0000] {dag.py:3239} INFO - Sync 1 DAGs
[2025-09-06T06:34:50.773+0000] {logging_mixin.py:190} INFO - [2025-09-06T06:34:50.773+0000] {dag.py:4180} INFO - Setting next_dagrun for molecular_dynamics_analysis to None, run_after=None
[2025-09-06T06:34:50.786+0000] {processor.py:208} INFO - Processing /opt/airflow/dags/molecular_dynamics_dag.py took 0.052 seconds
[2025-09-06T06:35:21.501+0000] {processor.py:186} INFO - Started process (PID=24424) to work on /opt/airflow/dags/molecular_dynamics_dag.py
[2025-09-06T06:35:21.501+0000] {processor.py:914} INFO - Processing file /opt/airflow/dags/molecular_dynamics_dag.py for tasks to queue
[2025-09-06T06:35:21.504+0000] {logging_mixin.py:190} INFO - [2025-09-06T06:35:21.504+0000] {dagbag.py:588} INFO - Filling up the DagBag from /opt/airflow/dags/molecular_dynamics_dag.py
[2025-09-06T06:35:21.511+0000] {processor.py:925} INFO - DAG(s) 'molecular_dynamics_analysis' retrieved from /opt/airflow/dags/molecular_dynamics_dag.py
[2025-09-06T06:35:21.526+0000] {logging_mixin.py:190} INFO - [2025-09-06T06:35:21.526+0000] {dag.py:3239} INFO - Sync 1 DAGs
[2025-09-06T06:35:21.534+0000] {logging_mixin.py:190} INFO - [2025-09-06T06:35:21.534+0000] {dag.py:4180} INFO - Setting next_dagrun for molecular_dynamics_analysis to None, run_after=None
[2025-09-06T06:35:21.546+0000] {processor.py:208} INFO - Processing /opt/airflow/dags/molecular_dynamics_dag.py took 0.049 seconds
[2025-09-06T06:38:03.639+0000] {processor.py:186} INFO - Started process (PID=24467) to work on /opt/airflow/dags/molecular_dynamics_dag.py
[2025-09-06T06:38:03.640+0000] {processor.py:914} INFO - Processing file /opt/airflow/dags/molecular_dynamics_dag.py for tasks to queue
[2025-09-06T06:38:03.642+0000] {logging_mixin.py:190} INFO - [2025-09-06T06:38:03.642+0000] {dagbag.py:588} INFO - Filling up the DagBag from /opt/airflow/dags/molecular_dynamics_dag.py
[2025-09-06T06:38:03.650+0000] {processor.py:925} INFO - DAG(s) 'molecular_dynamics_analysis' retrieved from /opt/airflow/dags/molecular_dynamics_dag.py
[2025-09-06T06:38:03.667+0000] {logging_mixin.py:190} INFO - [2025-09-06T06:38:03.667+0000] {dag.py:3239} INFO - Sync 1 DAGs
[2025-09-06T06:38:03.679+0000] {logging_mixin.py:190} INFO - [2025-09-06T06:38:03.679+0000] {dag.py:4180} INFO - Setting next_dagrun for molecular_dynamics_analysis to None, run_after=None
[2025-09-06T06:38:03.693+0000] {processor.py:208} INFO - Processing /opt/airflow/dags/molecular_dynamics_dag.py took 0.058 seconds
[2025-09-06T06:54:58.216+0000] {processor.py:186} INFO - Started process (PID=24510) to work on /opt/airflow/dags/molecular_dynamics_dag.py
[2025-09-06T06:54:58.217+0000] {processor.py:914} INFO - Processing file /opt/airflow/dags/molecular_dynamics_dag.py for tasks to queue
[2025-09-06T06:54:58.219+0000] {logging_mixin.py:190} INFO - [2025-09-06T06:54:58.218+0000] {dagbag.py:588} INFO - Filling up the DagBag from /opt/airflow/dags/molecular_dynamics_dag.py
[2025-09-06T06:54:58.227+0000] {processor.py:925} INFO - DAG(s) 'molecular_dynamics_analysis' retrieved from /opt/airflow/dags/molecular_dynamics_dag.py
[2025-09-06T06:54:58.247+0000] {logging_mixin.py:190} INFO - [2025-09-06T06:54:58.247+0000] {dag.py:3239} INFO - Sync 1 DAGs
[2025-09-06T06:54:58.254+0000] {logging_mixin.py:190} INFO - [2025-09-06T06:54:58.254+0000] {dag.py:4180} INFO - Setting next_dagrun for molecular_dynamics_analysis to None, run_after=None
[2025-09-06T06:54:58.265+0000] {processor.py:208} INFO - Processing /opt/airflow/dags/molecular_dynamics_dag.py took 0.052 seconds
[2025-09-06T07:36:01.324+0000] {processor.py:186} INFO - Started process (PID=24553) to work on /opt/airflow/dags/molecular_dynamics_dag.py
[2025-09-06T07:36:01.324+0000] {processor.py:914} INFO - Processing file /opt/airflow/dags/molecular_dynamics_dag.py for tasks to queue
[2025-09-06T07:36:01.325+0000] {logging_mixin.py:190} INFO - [2025-09-06T07:36:01.325+0000] {dagbag.py:588} INFO - Filling up the DagBag from /opt/airflow/dags/molecular_dynamics_dag.py
[2025-09-06T07:36:01.417+0000] {processor.py:925} INFO - DAG(s) 'molecular_dynamics_analysis' retrieved from /opt/airflow/dags/molecular_dynamics_dag.py
[2025-09-06T07:36:01.430+0000] {logging_mixin.py:190} INFO - [2025-09-06T07:36:01.430+0000] {dag.py:3239} INFO - Sync 1 DAGs
[2025-09-06T07:36:01.437+0000] {logging_mixin.py:190} INFO - [2025-09-06T07:36:01.437+0000] {dag.py:4180} INFO - Setting next_dagrun for molecular_dynamics_analysis to None, run_after=None
[2025-09-06T07:36:01.448+0000] {processor.py:208} INFO - Processing /opt/airflow/dags/molecular_dynamics_dag.py took 0.127 seconds
[2025-09-06T07:53:03.634+0000] {processor.py:186} INFO - Started process (PID=24596) to work on /opt/airflow/dags/molecular_dynamics_dag.py
[2025-09-06T07:53:03.634+0000] {processor.py:914} INFO - Processing file /opt/airflow/dags/molecular_dynamics_dag.py for tasks to queue
[2025-09-06T07:53:03.636+0000] {logging_mixin.py:190} INFO - [2025-09-06T07:53:03.636+0000] {dagbag.py:588} INFO - Filling up the DagBag from /opt/airflow/dags/molecular_dynamics_dag.py
[2025-09-06T07:53:03.644+0000] {processor.py:925} INFO - DAG(s) 'molecular_dynamics_analysis' retrieved from /opt/airflow/dags/molecular_dynamics_dag.py
[2025-09-06T07:53:03.663+0000] {logging_mixin.py:190} INFO - [2025-09-06T07:53:03.663+0000] {dag.py:3239} INFO - Sync 1 DAGs
[2025-09-06T07:53:03.671+0000] {logging_mixin.py:190} INFO - [2025-09-06T07:53:03.671+0000] {dag.py:4180} INFO - Setting next_dagrun for molecular_dynamics_analysis to None, run_after=None
[2025-09-06T07:53:03.683+0000] {processor.py:208} INFO - Processing /opt/airflow/dags/molecular_dynamics_dag.py took 0.053 seconds
[2025-09-06T08:36:59.690+0000] {processor.py:186} INFO - Started process (PID=24639) to work on /opt/airflow/dags/molecular_dynamics_dag.py
[2025-09-06T08:36:59.691+0000] {processor.py:914} INFO - Processing file /opt/airflow/dags/molecular_dynamics_dag.py for tasks to queue
[2025-09-06T08:36:59.692+0000] {logging_mixin.py:190} INFO - [2025-09-06T08:36:59.692+0000] {dagbag.py:588} INFO - Filling up the DagBag from /opt/airflow/dags/molecular_dynamics_dag.py
[2025-09-06T08:36:59.701+0000] {processor.py:925} INFO - DAG(s) 'molecular_dynamics_analysis' retrieved from /opt/airflow/dags/molecular_dynamics_dag.py
[2025-09-06T08:36:59.718+0000] {logging_mixin.py:190} INFO - [2025-09-06T08:36:59.718+0000] {dag.py:3239} INFO - Sync 1 DAGs
[2025-09-06T08:36:59.725+0000] {logging_mixin.py:190} INFO - [2025-09-06T08:36:59.725+0000] {dag.py:4180} INFO - Setting next_dagrun for molecular_dynamics_analysis to None, run_after=None
[2025-09-06T08:36:59.735+0000] {processor.py:208} INFO - Processing /opt/airflow/dags/molecular_dynamics_dag.py took 0.047 seconds
[2025-09-06T08:37:31.084+0000] {processor.py:186} INFO - Started process (PID=24682) to work on /opt/airflow/dags/molecular_dynamics_dag.py
[2025-09-06T08:37:31.084+0000] {processor.py:914} INFO - Processing file /opt/airflow/dags/molecular_dynamics_dag.py for tasks to queue
[2025-09-06T08:37:31.087+0000] {logging_mixin.py:190} INFO - [2025-09-06T08:37:31.087+0000] {dagbag.py:588} INFO - Filling up the DagBag from /opt/airflow/dags/molecular_dynamics_dag.py
[2025-09-06T08:37:31.098+0000] {processor.py:925} INFO - DAG(s) 'molecular_dynamics_analysis' retrieved from /opt/airflow/dags/molecular_dynamics_dag.py
[2025-09-06T08:37:31.112+0000] {logging_mixin.py:190} INFO - [2025-09-06T08:37:31.112+0000] {dag.py:3239} INFO - Sync 1 DAGs
[2025-09-06T08:37:31.119+0000] {logging_mixin.py:190} INFO - [2025-09-06T08:37:31.119+0000] {dag.py:4180} INFO - Setting next_dagrun for molecular_dynamics_analysis to None, run_after=None
[2025-09-06T08:37:31.130+0000] {processor.py:208} INFO - Processing /opt/airflow/dags/molecular_dynamics_dag.py took 0.050 seconds
[2025-09-06T09:37:57.197+0000] {processor.py:186} INFO - Started process (PID=24725) to work on /opt/airflow/dags/molecular_dynamics_dag.py
[2025-09-06T09:37:57.198+0000] {processor.py:914} INFO - Processing file /opt/airflow/dags/molecular_dynamics_dag.py for tasks to queue
[2025-09-06T09:37:57.200+0000] {logging_mixin.py:190} INFO - [2025-09-06T09:37:57.200+0000] {dagbag.py:588} INFO - Filling up the DagBag from /opt/airflow/dags/molecular_dynamics_dag.py
[2025-09-06T09:37:57.209+0000] {processor.py:925} INFO - DAG(s) 'molecular_dynamics_analysis' retrieved from /opt/airflow/dags/molecular_dynamics_dag.py
[2025-09-06T09:37:57.225+0000] {logging_mixin.py:190} INFO - [2025-09-06T09:37:57.225+0000] {dag.py:3239} INFO - Sync 1 DAGs
[2025-09-06T09:37:57.233+0000] {logging_mixin.py:190} INFO - [2025-09-06T09:37:57.233+0000] {dag.py:4180} INFO - Setting next_dagrun for molecular_dynamics_analysis to None, run_after=None
[2025-09-06T09:37:57.243+0000] {processor.py:208} INFO - Processing /opt/airflow/dags/molecular_dynamics_dag.py took 0.049 seconds
[2025-09-06T10:38:55.814+0000] {processor.py:186} INFO - Started process (PID=24768) to work on /opt/airflow/dags/molecular_dynamics_dag.py
[2025-09-06T10:38:55.815+0000] {processor.py:914} INFO - Processing file /opt/airflow/dags/molecular_dynamics_dag.py for tasks to queue
[2025-09-06T10:38:55.816+0000] {logging_mixin.py:190} INFO - [2025-09-06T10:38:55.816+0000] {dagbag.py:588} INFO - Filling up the DagBag from /opt/airflow/dags/molecular_dynamics_dag.py
[2025-09-06T10:38:55.824+0000] {processor.py:925} INFO - DAG(s) 'molecular_dynamics_analysis' retrieved from /opt/airflow/dags/molecular_dynamics_dag.py
[2025-09-06T10:38:55.840+0000] {logging_mixin.py:190} INFO - [2025-09-06T10:38:55.839+0000] {dag.py:3239} INFO - Sync 1 DAGs
[2025-09-06T10:38:55.848+0000] {logging_mixin.py:190} INFO - [2025-09-06T10:38:55.848+0000] {dag.py:4180} INFO - Setting next_dagrun for molecular_dynamics_analysis to None, run_after=None
[2025-09-06T10:38:55.860+0000] {processor.py:208} INFO - Processing /opt/airflow/dags/molecular_dynamics_dag.py took 0.049 seconds
[2025-09-06T10:39:26.846+0000] {processor.py:186} INFO - Started process (PID=24811) to work on /opt/airflow/dags/molecular_dynamics_dag.py
[2025-09-06T10:39:26.847+0000] {processor.py:914} INFO - Processing file /opt/airflow/dags/molecular_dynamics_dag.py for tasks to queue
[2025-09-06T10:39:26.848+0000] {logging_mixin.py:190} INFO - [2025-09-06T10:39:26.848+0000] {dagbag.py:588} INFO - Filling up the DagBag from /opt/airflow/dags/molecular_dynamics_dag.py
[2025-09-06T10:39:26.858+0000] {processor.py:925} INFO - DAG(s) 'molecular_dynamics_analysis' retrieved from /opt/airflow/dags/molecular_dynamics_dag.py
[2025-09-06T10:39:26.872+0000] {logging_mixin.py:190} INFO - [2025-09-06T10:39:26.872+0000] {dag.py:3239} INFO - Sync 1 DAGs
[2025-09-06T10:39:26.881+0000] {logging_mixin.py:190} INFO - [2025-09-06T10:39:26.881+0000] {dag.py:4180} INFO - Setting next_dagrun for molecular_dynamics_analysis to None, run_after=None
[2025-09-06T10:39:26.894+0000] {processor.py:208} INFO - Processing /opt/airflow/dags/molecular_dynamics_dag.py took 0.051 seconds
[2025-09-06T12:04:59.805+0000] {processor.py:186} INFO - Started process (PID=24854) to work on /opt/airflow/dags/molecular_dynamics_dag.py
[2025-09-06T12:04:59.807+0000] {processor.py:914} INFO - Processing file /opt/airflow/dags/molecular_dynamics_dag.py for tasks to queue
[2025-09-06T12:04:59.808+0000] {logging_mixin.py:190} INFO - [2025-09-06T12:04:59.808+0000] {dagbag.py:588} INFO - Filling up the DagBag from /opt/airflow/dags/molecular_dynamics_dag.py
[2025-09-06T12:04:59.818+0000] {processor.py:925} INFO - DAG(s) 'molecular_dynamics_analysis' retrieved from /opt/airflow/dags/molecular_dynamics_dag.py
[2025-09-06T12:04:59.835+0000] {logging_mixin.py:190} INFO - [2025-09-06T12:04:59.835+0000] {dag.py:3239} INFO - Sync 1 DAGs
[2025-09-06T12:04:59.844+0000] {logging_mixin.py:190} INFO - [2025-09-06T12:04:59.844+0000] {dag.py:4180} INFO - Setting next_dagrun for molecular_dynamics_analysis to None, run_after=None
[2025-09-06T12:04:59.856+0000] {processor.py:208} INFO - Processing /opt/airflow/dags/molecular_dynamics_dag.py took 0.058 seconds
[2025-09-06T13:28:16.274+0000] {processor.py:186} INFO - Started process (PID=24897) to work on /opt/airflow/dags/molecular_dynamics_dag.py
[2025-09-06T13:28:16.275+0000] {processor.py:914} INFO - Processing file /opt/airflow/dags/molecular_dynamics_dag.py for tasks to queue
[2025-09-06T13:28:16.276+0000] {logging_mixin.py:190} INFO - [2025-09-06T13:28:16.276+0000] {dagbag.py:588} INFO - Filling up the DagBag from /opt/airflow/dags/molecular_dynamics_dag.py
[2025-09-06T13:28:16.284+0000] {processor.py:925} INFO - DAG(s) 'molecular_dynamics_analysis' retrieved from /opt/airflow/dags/molecular_dynamics_dag.py
[2025-09-06T13:28:16.301+0000] {logging_mixin.py:190} INFO - [2025-09-06T13:28:16.301+0000] {dag.py:3239} INFO - Sync 1 DAGs
[2025-09-06T13:28:16.309+0000] {logging_mixin.py:190} INFO - [2025-09-06T13:28:16.309+0000] {dag.py:4180} INFO - Setting next_dagrun for molecular_dynamics_analysis to None, run_after=None
[2025-09-06T13:28:16.320+0000] {processor.py:208} INFO - Processing /opt/airflow/dags/molecular_dynamics_dag.py took 0.049 seconds
[2025-09-06T14:31:21.250+0000] {processor.py:186} INFO - Started process (PID=24940) to work on /opt/airflow/dags/molecular_dynamics_dag.py
[2025-09-06T14:31:21.251+0000] {processor.py:914} INFO - Processing file /opt/airflow/dags/molecular_dynamics_dag.py for tasks to queue
[2025-09-06T14:31:21.253+0000] {logging_mixin.py:190} INFO - [2025-09-06T14:31:21.252+0000] {dagbag.py:588} INFO - Filling up the DagBag from /opt/airflow/dags/molecular_dynamics_dag.py
[2025-09-06T14:31:21.262+0000] {processor.py:925} INFO - DAG(s) 'molecular_dynamics_analysis' retrieved from /opt/airflow/dags/molecular_dynamics_dag.py
[2025-09-06T14:31:21.279+0000] {logging_mixin.py:190} INFO - [2025-09-06T14:31:21.279+0000] {dag.py:3239} INFO - Sync 1 DAGs
[2025-09-06T14:31:21.290+0000] {logging_mixin.py:190} INFO - [2025-09-06T14:31:21.290+0000] {dag.py:4180} INFO - Setting next_dagrun for molecular_dynamics_analysis to None, run_after=None
[2025-09-06T14:31:21.303+0000] {processor.py:208} INFO - Processing /opt/airflow/dags/molecular_dynamics_dag.py took 0.057 seconds
[2025-09-06T14:31:51.818+0000] {processor.py:186} INFO - Started process (PID=24983) to work on /opt/airflow/dags/molecular_dynamics_dag.py
[2025-09-06T14:31:51.819+0000] {processor.py:914} INFO - Processing file /opt/airflow/dags/molecular_dynamics_dag.py for tasks to queue
[2025-09-06T14:31:51.821+0000] {logging_mixin.py:190} INFO - [2025-09-06T14:31:51.821+0000] {dagbag.py:588} INFO - Filling up the DagBag from /opt/airflow/dags/molecular_dynamics_dag.py
[2025-09-06T14:31:51.829+0000] {processor.py:925} INFO - DAG(s) 'molecular_dynamics_analysis' retrieved from /opt/airflow/dags/molecular_dynamics_dag.py
[2025-09-06T14:31:51.843+0000] {logging_mixin.py:190} INFO - [2025-09-06T14:31:51.843+0000] {dag.py:3239} INFO - Sync 1 DAGs
[2025-09-06T14:31:51.850+0000] {logging_mixin.py:190} INFO - [2025-09-06T14:31:51.850+0000] {dag.py:4180} INFO - Setting next_dagrun for molecular_dynamics_analysis to None, run_after=None
[2025-09-06T14:31:51.861+0000] {processor.py:208} INFO - Processing /opt/airflow/dags/molecular_dynamics_dag.py took 0.046 seconds
[2025-09-06T14:51:01.609+0000] {processor.py:186} INFO - Started process (PID=25026) to work on /opt/airflow/dags/molecular_dynamics_dag.py
[2025-09-06T14:51:01.609+0000] {processor.py:914} INFO - Processing file /opt/airflow/dags/molecular_dynamics_dag.py for tasks to queue
[2025-09-06T14:51:01.611+0000] {logging_mixin.py:190} INFO - [2025-09-06T14:51:01.611+0000] {dagbag.py:588} INFO - Filling up the DagBag from /opt/airflow/dags/molecular_dynamics_dag.py
[2025-09-06T14:51:01.619+0000] {processor.py:925} INFO - DAG(s) 'molecular_dynamics_analysis' retrieved from /opt/airflow/dags/molecular_dynamics_dag.py
[2025-09-06T14:51:01.635+0000] {logging_mixin.py:190} INFO - [2025-09-06T14:51:01.635+0000] {dag.py:3239} INFO - Sync 1 DAGs
[2025-09-06T14:51:01.644+0000] {logging_mixin.py:190} INFO - [2025-09-06T14:51:01.644+0000] {dag.py:4180} INFO - Setting next_dagrun for molecular_dynamics_analysis to None, run_after=None
[2025-09-06T14:51:01.654+0000] {processor.py:208} INFO - Processing /opt/airflow/dags/molecular_dynamics_dag.py took 0.049 seconds
[2025-09-06T15:08:26.626+0000] {processor.py:186} INFO - Started process (PID=25071) to work on /opt/airflow/dags/molecular_dynamics_dag.py
[2025-09-06T15:08:26.627+0000] {processor.py:914} INFO - Processing file /opt/airflow/dags/molecular_dynamics_dag.py for tasks to queue
[2025-09-06T15:08:26.629+0000] {logging_mixin.py:190} INFO - [2025-09-06T15:08:26.628+0000] {dagbag.py:588} INFO - Filling up the DagBag from /opt/airflow/dags/molecular_dynamics_dag.py
[2025-09-06T15:08:26.634+0000] {processor.py:925} INFO - DAG(s) 'molecular_dynamics_analysis' retrieved from /opt/airflow/dags/molecular_dynamics_dag.py
[2025-09-06T15:08:26.647+0000] {logging_mixin.py:190} INFO - [2025-09-06T15:08:26.647+0000] {dag.py:3239} INFO - Sync 1 DAGs
[2025-09-06T15:08:26.654+0000] {logging_mixin.py:190} INFO - [2025-09-06T15:08:26.654+0000] {dag.py:4180} INFO - Setting next_dagrun for molecular_dynamics_analysis to None, run_after=None
[2025-09-06T15:08:26.662+0000] {processor.py:208} INFO - Processing /opt/airflow/dags/molecular_dynamics_dag.py took 0.039 seconds
[2025-09-06T15:34:17.396+0000] {processor.py:186} INFO - Started process (PID=25112) to work on /opt/airflow/dags/molecular_dynamics_dag.py
[2025-09-06T15:34:17.397+0000] {processor.py:914} INFO - Processing file /opt/airflow/dags/molecular_dynamics_dag.py for tasks to queue
[2025-09-06T15:34:17.398+0000] {logging_mixin.py:190} INFO - [2025-09-06T15:34:17.398+0000] {dagbag.py:588} INFO - Filling up the DagBag from /opt/airflow/dags/molecular_dynamics_dag.py
[2025-09-06T15:34:17.405+0000] {processor.py:925} INFO - DAG(s) 'molecular_dynamics_analysis' retrieved from /opt/airflow/dags/molecular_dynamics_dag.py
[2025-09-06T15:34:17.420+0000] {logging_mixin.py:190} INFO - [2025-09-06T15:34:17.420+0000] {dag.py:3239} INFO - Sync 1 DAGs
[2025-09-06T15:34:17.426+0000] {logging_mixin.py:190} INFO - [2025-09-06T15:34:17.426+0000] {dag.py:4180} INFO - Setting next_dagrun for molecular_dynamics_analysis to None, run_after=None
[2025-09-06T15:34:17.439+0000] {processor.py:208} INFO - Processing /opt/airflow/dags/molecular_dynamics_dag.py took 0.045 seconds
[2025-09-06T15:51:30.714+0000] {processor.py:186} INFO - Started process (PID=25155) to work on /opt/airflow/dags/molecular_dynamics_dag.py
[2025-09-06T15:51:30.714+0000] {processor.py:914} INFO - Processing file /opt/airflow/dags/molecular_dynamics_dag.py for tasks to queue
[2025-09-06T15:51:30.716+0000] {logging_mixin.py:190} INFO - [2025-09-06T15:51:30.716+0000] {dagbag.py:588} INFO - Filling up the DagBag from /opt/airflow/dags/molecular_dynamics_dag.py
[2025-09-06T15:51:30.724+0000] {processor.py:925} INFO - DAG(s) 'molecular_dynamics_analysis' retrieved from /opt/airflow/dags/molecular_dynamics_dag.py
[2025-09-06T15:51:30.739+0000] {logging_mixin.py:190} INFO - [2025-09-06T15:51:30.739+0000] {dag.py:3239} INFO - Sync 1 DAGs
[2025-09-06T15:51:30.747+0000] {logging_mixin.py:190} INFO - [2025-09-06T15:51:30.747+0000] {dag.py:4180} INFO - Setting next_dagrun for molecular_dynamics_analysis to None, run_after=None
[2025-09-06T15:51:30.758+0000] {processor.py:208} INFO - Processing /opt/airflow/dags/molecular_dynamics_dag.py took 0.048 seconds
[2025-09-06T16:32:28.471+0000] {processor.py:186} INFO - Started process (PID=25198) to work on /opt/airflow/dags/molecular_dynamics_dag.py
[2025-09-06T16:32:28.480+0000] {processor.py:914} INFO - Processing file /opt/airflow/dags/molecular_dynamics_dag.py for tasks to queue
[2025-09-06T16:32:28.481+0000] {logging_mixin.py:190} INFO - [2025-09-06T16:32:28.481+0000] {dagbag.py:588} INFO - Filling up the DagBag from /opt/airflow/dags/molecular_dynamics_dag.py
[2025-09-06T16:32:28.492+0000] {processor.py:925} INFO - DAG(s) 'molecular_dynamics_analysis' retrieved from /opt/airflow/dags/molecular_dynamics_dag.py
[2025-09-06T16:32:28.507+0000] {logging_mixin.py:190} INFO - [2025-09-06T16:32:28.507+0000] {dag.py:3239} INFO - Sync 1 DAGs
[2025-09-06T16:32:28.514+0000] {logging_mixin.py:190} INFO - [2025-09-06T16:32:28.514+0000] {dag.py:4180} INFO - Setting next_dagrun for molecular_dynamics_analysis to None, run_after=None
[2025-09-06T16:32:28.523+0000] {processor.py:208} INFO - Processing /opt/airflow/dags/molecular_dynamics_dag.py took 0.055 seconds
[2025-09-06T16:48:37.607+0000] {processor.py:186} INFO - Started process (PID=25241) to work on /opt/airflow/dags/molecular_dynamics_dag.py
[2025-09-06T16:48:37.608+0000] {processor.py:914} INFO - Processing file /opt/airflow/dags/molecular_dynamics_dag.py for tasks to queue
[2025-09-06T16:48:37.610+0000] {logging_mixin.py:190} INFO - [2025-09-06T16:48:37.609+0000] {dagbag.py:588} INFO - Filling up the DagBag from /opt/airflow/dags/molecular_dynamics_dag.py
[2025-09-06T16:48:37.616+0000] {processor.py:925} INFO - DAG(s) 'molecular_dynamics_analysis' retrieved from /opt/airflow/dags/molecular_dynamics_dag.py
[2025-09-06T16:48:37.632+0000] {logging_mixin.py:190} INFO - [2025-09-06T16:48:37.632+0000] {dag.py:3239} INFO - Sync 1 DAGs
[2025-09-06T16:48:37.639+0000] {logging_mixin.py:190} INFO - [2025-09-06T16:48:37.639+0000] {dag.py:4180} INFO - Setting next_dagrun for molecular_dynamics_analysis to None, run_after=None
[2025-09-06T16:48:37.649+0000] {processor.py:208} INFO - Processing /opt/airflow/dags/molecular_dynamics_dag.py took 0.045 seconds
[2025-09-06T18:11:41.895+0000] {processor.py:186} INFO - Started process (PID=25284) to work on /opt/airflow/dags/molecular_dynamics_dag.py
[2025-09-06T18:11:41.896+0000] {processor.py:914} INFO - Processing file /opt/airflow/dags/molecular_dynamics_dag.py for tasks to queue
[2025-09-06T18:11:41.899+0000] {logging_mixin.py:190} INFO - [2025-09-06T18:11:41.899+0000] {dagbag.py:588} INFO - Filling up the DagBag from /opt/airflow/dags/molecular_dynamics_dag.py
[2025-09-06T18:11:41.909+0000] {processor.py:925} INFO - DAG(s) 'molecular_dynamics_analysis' retrieved from /opt/airflow/dags/molecular_dynamics_dag.py
[2025-09-06T18:11:41.925+0000] {logging_mixin.py:190} INFO - [2025-09-06T18:11:41.925+0000] {dag.py:3239} INFO - Sync 1 DAGs
[2025-09-06T18:11:41.932+0000] {logging_mixin.py:190} INFO - [2025-09-06T18:11:41.931+0000] {dag.py:4180} INFO - Setting next_dagrun for molecular_dynamics_analysis to None, run_after=None
[2025-09-06T18:11:41.944+0000] {processor.py:208} INFO - Processing /opt/airflow/dags/molecular_dynamics_dag.py took 0.052 seconds
[2025-09-06T19:50:19.944+0000] {processor.py:186} INFO - Started process (PID=25327) to work on /opt/airflow/dags/molecular_dynamics_dag.py
[2025-09-06T19:50:19.944+0000] {processor.py:914} INFO - Processing file /opt/airflow/dags/molecular_dynamics_dag.py for tasks to queue
[2025-09-06T19:50:19.946+0000] {logging_mixin.py:190} INFO - [2025-09-06T19:50:19.946+0000] {dagbag.py:588} INFO - Filling up the DagBag from /opt/airflow/dags/molecular_dynamics_dag.py
[2025-09-06T19:50:19.956+0000] {processor.py:925} INFO - DAG(s) 'molecular_dynamics_analysis' retrieved from /opt/airflow/dags/molecular_dynamics_dag.py
[2025-09-06T19:50:19.969+0000] {logging_mixin.py:190} INFO - [2025-09-06T19:50:19.969+0000] {dag.py:3239} INFO - Sync 1 DAGs
[2025-09-06T19:50:19.977+0000] {logging_mixin.py:190} INFO - [2025-09-06T19:50:19.977+0000] {dag.py:4180} INFO - Setting next_dagrun for molecular_dynamics_analysis to None, run_after=None
[2025-09-06T19:50:19.988+0000] {processor.py:208} INFO - Processing /opt/airflow/dags/molecular_dynamics_dag.py took 0.048 seconds
[2025-09-06T21:12:25.477+0000] {processor.py:186} INFO - Started process (PID=25370) to work on /opt/airflow/dags/molecular_dynamics_dag.py
[2025-09-06T21:12:25.478+0000] {processor.py:914} INFO - Processing file /opt/airflow/dags/molecular_dynamics_dag.py for tasks to queue
[2025-09-06T21:12:25.479+0000] {logging_mixin.py:190} INFO - [2025-09-06T21:12:25.479+0000] {dagbag.py:588} INFO - Filling up the DagBag from /opt/airflow/dags/molecular_dynamics_dag.py
[2025-09-06T21:12:25.489+0000] {processor.py:925} INFO - DAG(s) 'molecular_dynamics_analysis' retrieved from /opt/airflow/dags/molecular_dynamics_dag.py
[2025-09-06T21:12:25.503+0000] {logging_mixin.py:190} INFO - [2025-09-06T21:12:25.503+0000] {dag.py:3239} INFO - Sync 1 DAGs
[2025-09-06T21:12:25.510+0000] {logging_mixin.py:190} INFO - [2025-09-06T21:12:25.510+0000] {dag.py:4180} INFO - Setting next_dagrun for molecular_dynamics_analysis to None, run_after=None
[2025-09-06T21:12:25.524+0000] {processor.py:208} INFO - Processing /opt/airflow/dags/molecular_dynamics_dag.py took 0.050 seconds
[2025-09-06T22:50:01.964+0000] {processor.py:186} INFO - Started process (PID=25413) to work on /opt/airflow/dags/molecular_dynamics_dag.py
[2025-09-06T22:50:01.965+0000] {processor.py:914} INFO - Processing file /opt/airflow/dags/molecular_dynamics_dag.py for tasks to queue
[2025-09-06T22:50:01.967+0000] {logging_mixin.py:190} INFO - [2025-09-06T22:50:01.967+0000] {dagbag.py:588} INFO - Filling up the DagBag from /opt/airflow/dags/molecular_dynamics_dag.py
[2025-09-06T22:50:01.977+0000] {processor.py:925} INFO - DAG(s) 'molecular_dynamics_analysis' retrieved from /opt/airflow/dags/molecular_dynamics_dag.py
[2025-09-06T22:50:01.994+0000] {logging_mixin.py:190} INFO - [2025-09-06T22:50:01.993+0000] {dag.py:3239} INFO - Sync 1 DAGs
[2025-09-06T22:50:02.001+0000] {logging_mixin.py:190} INFO - [2025-09-06T22:50:02.001+0000] {dag.py:4180} INFO - Setting next_dagrun for molecular_dynamics_analysis to None, run_after=None
[2025-09-06T22:50:02.014+0000] {processor.py:208} INFO - Processing /opt/airflow/dags/molecular_dynamics_dag.py took 0.054 seconds
[2025-09-06T23:04:10.726+0000] {processor.py:186} INFO - Started process (PID=25456) to work on /opt/airflow/dags/molecular_dynamics_dag.py
[2025-09-06T23:04:10.727+0000] {processor.py:914} INFO - Processing file /opt/airflow/dags/molecular_dynamics_dag.py for tasks to queue
[2025-09-06T23:04:10.728+0000] {logging_mixin.py:190} INFO - [2025-09-06T23:04:10.728+0000] {dagbag.py:588} INFO - Filling up the DagBag from /opt/airflow/dags/molecular_dynamics_dag.py
[2025-09-06T23:04:10.739+0000] {processor.py:925} INFO - DAG(s) 'molecular_dynamics_analysis' retrieved from /opt/airflow/dags/molecular_dynamics_dag.py
[2025-09-06T23:04:10.756+0000] {logging_mixin.py:190} INFO - [2025-09-06T23:04:10.755+0000] {dag.py:3239} INFO - Sync 1 DAGs
[2025-09-06T23:04:10.762+0000] {logging_mixin.py:190} INFO - [2025-09-06T23:04:10.762+0000] {dag.py:4180} INFO - Setting next_dagrun for molecular_dynamics_analysis to None, run_after=None
[2025-09-06T23:04:10.774+0000] {processor.py:208} INFO - Processing /opt/airflow/dags/molecular_dynamics_dag.py took 0.052 seconds
[2025-09-06T23:37:27.915+0000] {processor.py:186} INFO - Started process (PID=25499) to work on /opt/airflow/dags/molecular_dynamics_dag.py
[2025-09-06T23:37:27.917+0000] {processor.py:914} INFO - Processing file /opt/airflow/dags/molecular_dynamics_dag.py for tasks to queue
[2025-09-06T23:37:27.919+0000] {logging_mixin.py:190} INFO - [2025-09-06T23:37:27.919+0000] {dagbag.py:588} INFO - Filling up the DagBag from /opt/airflow/dags/molecular_dynamics_dag.py
[2025-09-06T23:37:27.929+0000] {processor.py:925} INFO - DAG(s) 'molecular_dynamics_analysis' retrieved from /opt/airflow/dags/molecular_dynamics_dag.py
[2025-09-06T23:37:27.952+0000] {logging_mixin.py:190} INFO - [2025-09-06T23:37:27.952+0000] {dag.py:3239} INFO - Sync 1 DAGs
[2025-09-06T23:37:27.966+0000] {logging_mixin.py:190} INFO - [2025-09-06T23:37:27.966+0000] {dag.py:4180} INFO - Setting next_dagrun for molecular_dynamics_analysis to None, run_after=None
[2025-09-06T23:37:27.986+0000] {processor.py:208} INFO - Processing /opt/airflow/dags/molecular_dynamics_dag.py took 0.077 seconds
