[2025-09-06T00:28:23.695+0000] {processor.py:186} INFO - Started process (PID=23958) to work on /opt/airflow/dags/molecular_dynamics_dag3.py
[2025-09-06T00:28:23.696+0000] {processor.py:914} INFO - Processing file /opt/airflow/dags/molecular_dynamics_dag3.py for tasks to queue
[2025-09-06T00:28:23.697+0000] {logging_mixin.py:190} INFO - [2025-09-06T00:28:23.697+0000] {dagbag.py:588} INFO - Filling up the DagBag from /opt/airflow/dags/molecular_dynamics_dag3.py
[2025-09-06T00:28:23.703+0000] {processor.py:925} INFO - DAG(s) 'ptraj_big_length' retrieved from /opt/airflow/dags/molecular_dynamics_dag3.py
[2025-09-06T00:28:23.720+0000] {logging_mixin.py:190} INFO - [2025-09-06T00:28:23.720+0000] {dag.py:3239} INFO - Sync 1 DAGs
[2025-09-06T00:28:23.728+0000] {logging_mixin.py:190} INFO - [2025-09-06T00:28:23.728+0000] {dag.py:4180} INFO - Setting next_dagrun for ptraj_big_length to None, run_after=None
[2025-09-06T00:28:23.741+0000] {processor.py:208} INFO - Processing /opt/airflow/dags/molecular_dynamics_dag3.py took 0.050 seconds
[2025-09-06T01:30:50.575+0000] {processor.py:186} INFO - Started process (PID=24001) to work on /opt/airflow/dags/molecular_dynamics_dag3.py
[2025-09-06T01:30:50.576+0000] {processor.py:914} INFO - Processing file /opt/airflow/dags/molecular_dynamics_dag3.py for tasks to queue
[2025-09-06T01:30:50.578+0000] {logging_mixin.py:190} INFO - [2025-09-06T01:30:50.578+0000] {dagbag.py:588} INFO - Filling up the DagBag from /opt/airflow/dags/molecular_dynamics_dag3.py
[2025-09-06T01:30:50.585+0000] {processor.py:925} INFO - DAG(s) 'ptraj_big_length' retrieved from /opt/airflow/dags/molecular_dynamics_dag3.py
[2025-09-06T01:30:50.602+0000] {logging_mixin.py:190} INFO - [2025-09-06T01:30:50.602+0000] {dag.py:3239} INFO - Sync 1 DAGs
[2025-09-06T01:30:50.610+0000] {logging_mixin.py:190} INFO - [2025-09-06T01:30:50.610+0000] {dag.py:4180} INFO - Setting next_dagrun for ptraj_big_length to None, run_after=None
[2025-09-06T01:30:50.621+0000] {processor.py:208} INFO - Processing /opt/airflow/dags/molecular_dynamics_dag3.py took 0.050 seconds
[2025-09-06T01:31:21.639+0000] {processor.py:186} INFO - Started process (PID=24044) to work on /opt/airflow/dags/molecular_dynamics_dag3.py
[2025-09-06T01:31:21.640+0000] {processor.py:914} INFO - Processing file /opt/airflow/dags/molecular_dynamics_dag3.py for tasks to queue
[2025-09-06T01:31:21.641+0000] {logging_mixin.py:190} INFO - [2025-09-06T01:31:21.641+0000] {dagbag.py:588} INFO - Filling up the DagBag from /opt/airflow/dags/molecular_dynamics_dag3.py
[2025-09-06T01:31:21.646+0000] {processor.py:925} INFO - DAG(s) 'ptraj_big_length' retrieved from /opt/airflow/dags/molecular_dynamics_dag3.py
[2025-09-06T01:31:21.659+0000] {logging_mixin.py:190} INFO - [2025-09-06T01:31:21.659+0000] {dag.py:3239} INFO - Sync 1 DAGs
[2025-09-06T01:31:21.666+0000] {logging_mixin.py:190} INFO - [2025-09-06T01:31:21.666+0000] {dag.py:4180} INFO - Setting next_dagrun for ptraj_big_length to None, run_after=None
[2025-09-06T01:31:21.673+0000] {processor.py:208} INFO - Processing /opt/airflow/dags/molecular_dynamics_dag3.py took 0.037 seconds
[2025-09-06T02:52:18.883+0000] {processor.py:186} INFO - Started process (PID=24087) to work on /opt/airflow/dags/molecular_dynamics_dag3.py
[2025-09-06T02:52:18.884+0000] {processor.py:914} INFO - Processing file /opt/airflow/dags/molecular_dynamics_dag3.py for tasks to queue
[2025-09-06T02:52:18.885+0000] {logging_mixin.py:190} INFO - [2025-09-06T02:52:18.885+0000] {dagbag.py:588} INFO - Filling up the DagBag from /opt/airflow/dags/molecular_dynamics_dag3.py
[2025-09-06T02:52:18.891+0000] {processor.py:925} INFO - DAG(s) 'ptraj_big_length' retrieved from /opt/airflow/dags/molecular_dynamics_dag3.py
[2025-09-06T02:52:18.906+0000] {logging_mixin.py:190} INFO - [2025-09-06T02:52:18.906+0000] {dag.py:3239} INFO - Sync 1 DAGs
[2025-09-06T02:52:18.914+0000] {logging_mixin.py:190} INFO - [2025-09-06T02:52:18.914+0000] {dag.py:4180} INFO - Setting next_dagrun for ptraj_big_length to None, run_after=None
[2025-09-06T02:52:18.924+0000] {processor.py:208} INFO - Processing /opt/airflow/dags/molecular_dynamics_dag3.py took 0.046 seconds
[2025-09-06T03:31:57.608+0000] {processor.py:186} INFO - Started process (PID=24130) to work on /opt/airflow/dags/molecular_dynamics_dag3.py
[2025-09-06T03:31:57.609+0000] {processor.py:914} INFO - Processing file /opt/airflow/dags/molecular_dynamics_dag3.py for tasks to queue
[2025-09-06T03:31:57.611+0000] {logging_mixin.py:190} INFO - [2025-09-06T03:31:57.610+0000] {dagbag.py:588} INFO - Filling up the DagBag from /opt/airflow/dags/molecular_dynamics_dag3.py
[2025-09-06T03:31:57.617+0000] {processor.py:925} INFO - DAG(s) 'ptraj_big_length' retrieved from /opt/airflow/dags/molecular_dynamics_dag3.py
[2025-09-06T03:31:57.634+0000] {logging_mixin.py:190} INFO - [2025-09-06T03:31:57.634+0000] {dag.py:3239} INFO - Sync 1 DAGs
[2025-09-06T03:31:57.642+0000] {logging_mixin.py:190} INFO - [2025-09-06T03:31:57.642+0000] {dag.py:4180} INFO - Setting next_dagrun for ptraj_big_length to None, run_after=None
[2025-09-06T03:31:57.652+0000] {processor.py:208} INFO - Processing /opt/airflow/dags/molecular_dynamics_dag3.py took 0.047 seconds
[2025-09-06T03:50:16.063+0000] {processor.py:186} INFO - Started process (PID=24173) to work on /opt/airflow/dags/molecular_dynamics_dag3.py
[2025-09-06T03:50:16.064+0000] {processor.py:914} INFO - Processing file /opt/airflow/dags/molecular_dynamics_dag3.py for tasks to queue
[2025-09-06T03:50:16.065+0000] {logging_mixin.py:190} INFO - [2025-09-06T03:50:16.065+0000] {dagbag.py:588} INFO - Filling up the DagBag from /opt/airflow/dags/molecular_dynamics_dag3.py
[2025-09-06T03:50:16.070+0000] {processor.py:925} INFO - DAG(s) 'ptraj_big_length' retrieved from /opt/airflow/dags/molecular_dynamics_dag3.py
[2025-09-06T03:50:16.084+0000] {logging_mixin.py:190} INFO - [2025-09-06T03:50:16.084+0000] {dag.py:3239} INFO - Sync 1 DAGs
[2025-09-06T03:50:16.091+0000] {logging_mixin.py:190} INFO - [2025-09-06T03:50:16.091+0000] {dag.py:4180} INFO - Setting next_dagrun for ptraj_big_length to None, run_after=None
[2025-09-06T03:50:16.098+0000] {processor.py:208} INFO - Processing /opt/airflow/dags/molecular_dynamics_dag3.py took 0.038 seconds
[2025-09-06T04:32:55.125+0000] {processor.py:186} INFO - Started process (PID=24214) to work on /opt/airflow/dags/molecular_dynamics_dag3.py
[2025-09-06T04:32:55.126+0000] {processor.py:914} INFO - Processing file /opt/airflow/dags/molecular_dynamics_dag3.py for tasks to queue
[2025-09-06T04:32:55.127+0000] {logging_mixin.py:190} INFO - [2025-09-06T04:32:55.127+0000] {dagbag.py:588} INFO - Filling up the DagBag from /opt/airflow/dags/molecular_dynamics_dag3.py
[2025-09-06T04:32:55.136+0000] {processor.py:925} INFO - DAG(s) 'ptraj_big_length' retrieved from /opt/airflow/dags/molecular_dynamics_dag3.py
[2025-09-06T04:32:55.151+0000] {logging_mixin.py:190} INFO - [2025-09-06T04:32:55.151+0000] {dag.py:3239} INFO - Sync 1 DAGs
[2025-09-06T04:32:55.160+0000] {logging_mixin.py:190} INFO - [2025-09-06T04:32:55.160+0000] {dag.py:4180} INFO - Setting next_dagrun for ptraj_big_length to None, run_after=None
[2025-09-06T04:32:55.170+0000] {processor.py:208} INFO - Processing /opt/airflow/dags/molecular_dynamics_dag3.py took 0.049 seconds
[2025-09-06T04:33:25.752+0000] {processor.py:186} INFO - Started process (PID=24259) to work on /opt/airflow/dags/molecular_dynamics_dag3.py
[2025-09-06T04:33:25.753+0000] {processor.py:914} INFO - Processing file /opt/airflow/dags/molecular_dynamics_dag3.py for tasks to queue
[2025-09-06T04:33:25.756+0000] {logging_mixin.py:190} INFO - [2025-09-06T04:33:25.756+0000] {dagbag.py:588} INFO - Filling up the DagBag from /opt/airflow/dags/molecular_dynamics_dag3.py
[2025-09-06T04:33:25.761+0000] {processor.py:925} INFO - DAG(s) 'ptraj_big_length' retrieved from /opt/airflow/dags/molecular_dynamics_dag3.py
[2025-09-06T04:33:25.774+0000] {logging_mixin.py:190} INFO - [2025-09-06T04:33:25.774+0000] {dag.py:3239} INFO - Sync 1 DAGs
[2025-09-06T04:33:25.781+0000] {logging_mixin.py:190} INFO - [2025-09-06T04:33:25.781+0000] {dag.py:4180} INFO - Setting next_dagrun for ptraj_big_length to None, run_after=None
[2025-09-06T04:33:25.790+0000] {processor.py:208} INFO - Processing /opt/airflow/dags/molecular_dynamics_dag3.py took 0.042 seconds
[2025-09-06T05:33:53.515+0000] {processor.py:186} INFO - Started process (PID=24302) to work on /opt/airflow/dags/molecular_dynamics_dag3.py
[2025-09-06T05:33:53.516+0000] {processor.py:914} INFO - Processing file /opt/airflow/dags/molecular_dynamics_dag3.py for tasks to queue
[2025-09-06T05:33:53.517+0000] {logging_mixin.py:190} INFO - [2025-09-06T05:33:53.517+0000] {dagbag.py:588} INFO - Filling up the DagBag from /opt/airflow/dags/molecular_dynamics_dag3.py
[2025-09-06T05:33:53.526+0000] {processor.py:925} INFO - DAG(s) 'ptraj_big_length' retrieved from /opt/airflow/dags/molecular_dynamics_dag3.py
[2025-09-06T05:33:53.544+0000] {logging_mixin.py:190} INFO - [2025-09-06T05:33:53.544+0000] {dag.py:3239} INFO - Sync 1 DAGs
[2025-09-06T05:33:53.554+0000] {logging_mixin.py:190} INFO - [2025-09-06T05:33:53.554+0000] {dag.py:4180} INFO - Setting next_dagrun for ptraj_big_length to None, run_after=None
[2025-09-06T05:33:53.565+0000] {processor.py:208} INFO - Processing /opt/airflow/dags/molecular_dynamics_dag3.py took 0.053 seconds
[2025-09-06T05:34:24.715+0000] {processor.py:186} INFO - Started process (PID=24345) to work on /opt/airflow/dags/molecular_dynamics_dag3.py
[2025-09-06T05:34:24.715+0000] {processor.py:914} INFO - Processing file /opt/airflow/dags/molecular_dynamics_dag3.py for tasks to queue
[2025-09-06T05:34:24.717+0000] {logging_mixin.py:190} INFO - [2025-09-06T05:34:24.717+0000] {dagbag.py:588} INFO - Filling up the DagBag from /opt/airflow/dags/molecular_dynamics_dag3.py
[2025-09-06T05:34:24.722+0000] {processor.py:925} INFO - DAG(s) 'ptraj_big_length' retrieved from /opt/airflow/dags/molecular_dynamics_dag3.py
[2025-09-06T05:34:24.735+0000] {logging_mixin.py:190} INFO - [2025-09-06T05:34:24.735+0000] {dag.py:3239} INFO - Sync 1 DAGs
[2025-09-06T05:34:24.742+0000] {logging_mixin.py:190} INFO - [2025-09-06T05:34:24.742+0000] {dag.py:4180} INFO - Setting next_dagrun for ptraj_big_length to None, run_after=None
[2025-09-06T05:34:24.749+0000] {processor.py:208} INFO - Processing /opt/airflow/dags/molecular_dynamics_dag3.py took 0.038 seconds
[2025-09-06T06:34:50.802+0000] {processor.py:186} INFO - Started process (PID=24388) to work on /opt/airflow/dags/molecular_dynamics_dag3.py
[2025-09-06T06:34:50.803+0000] {processor.py:914} INFO - Processing file /opt/airflow/dags/molecular_dynamics_dag3.py for tasks to queue
[2025-09-06T06:34:50.804+0000] {logging_mixin.py:190} INFO - [2025-09-06T06:34:50.804+0000] {dagbag.py:588} INFO - Filling up the DagBag from /opt/airflow/dags/molecular_dynamics_dag3.py
[2025-09-06T06:34:50.809+0000] {processor.py:925} INFO - DAG(s) 'ptraj_big_length' retrieved from /opt/airflow/dags/molecular_dynamics_dag3.py
[2025-09-06T06:34:50.824+0000] {logging_mixin.py:190} INFO - [2025-09-06T06:34:50.824+0000] {dag.py:3239} INFO - Sync 1 DAGs
[2025-09-06T06:34:50.835+0000] {logging_mixin.py:190} INFO - [2025-09-06T06:34:50.835+0000] {dag.py:4180} INFO - Setting next_dagrun for ptraj_big_length to None, run_after=None
[2025-09-06T06:34:50.847+0000] {processor.py:208} INFO - Processing /opt/airflow/dags/molecular_dynamics_dag3.py took 0.048 seconds
[2025-09-06T06:35:21.561+0000] {processor.py:186} INFO - Started process (PID=24431) to work on /opt/airflow/dags/molecular_dynamics_dag3.py
[2025-09-06T06:35:21.561+0000] {processor.py:914} INFO - Processing file /opt/airflow/dags/molecular_dynamics_dag3.py for tasks to queue
[2025-09-06T06:35:21.563+0000] {logging_mixin.py:190} INFO - [2025-09-06T06:35:21.562+0000] {dagbag.py:588} INFO - Filling up the DagBag from /opt/airflow/dags/molecular_dynamics_dag3.py
[2025-09-06T06:35:21.568+0000] {processor.py:925} INFO - DAG(s) 'ptraj_big_length' retrieved from /opt/airflow/dags/molecular_dynamics_dag3.py
[2025-09-06T06:35:21.581+0000] {logging_mixin.py:190} INFO - [2025-09-06T06:35:21.581+0000] {dag.py:3239} INFO - Sync 1 DAGs
[2025-09-06T06:35:21.588+0000] {logging_mixin.py:190} INFO - [2025-09-06T06:35:21.587+0000] {dag.py:4180} INFO - Setting next_dagrun for ptraj_big_length to None, run_after=None
[2025-09-06T06:35:21.595+0000] {processor.py:208} INFO - Processing /opt/airflow/dags/molecular_dynamics_dag3.py took 0.037 seconds
[2025-09-06T06:38:03.703+0000] {processor.py:186} INFO - Started process (PID=24474) to work on /opt/airflow/dags/molecular_dynamics_dag3.py
[2025-09-06T06:38:03.704+0000] {processor.py:914} INFO - Processing file /opt/airflow/dags/molecular_dynamics_dag3.py for tasks to queue
[2025-09-06T06:38:03.706+0000] {logging_mixin.py:190} INFO - [2025-09-06T06:38:03.706+0000] {dagbag.py:588} INFO - Filling up the DagBag from /opt/airflow/dags/molecular_dynamics_dag3.py
[2025-09-06T06:38:03.711+0000] {processor.py:925} INFO - DAG(s) 'ptraj_big_length' retrieved from /opt/airflow/dags/molecular_dynamics_dag3.py
[2025-09-06T06:38:03.727+0000] {logging_mixin.py:190} INFO - [2025-09-06T06:38:03.727+0000] {dag.py:3239} INFO - Sync 1 DAGs
[2025-09-06T06:38:03.734+0000] {logging_mixin.py:190} INFO - [2025-09-06T06:38:03.734+0000] {dag.py:4180} INFO - Setting next_dagrun for ptraj_big_length to None, run_after=None
[2025-09-06T06:38:03.748+0000] {processor.py:208} INFO - Processing /opt/airflow/dags/molecular_dynamics_dag3.py took 0.049 seconds
[2025-09-06T06:54:58.281+0000] {processor.py:186} INFO - Started process (PID=24517) to work on /opt/airflow/dags/molecular_dynamics_dag3.py
[2025-09-06T06:54:58.281+0000] {processor.py:914} INFO - Processing file /opt/airflow/dags/molecular_dynamics_dag3.py for tasks to queue
[2025-09-06T06:54:58.283+0000] {logging_mixin.py:190} INFO - [2025-09-06T06:54:58.282+0000] {dagbag.py:588} INFO - Filling up the DagBag from /opt/airflow/dags/molecular_dynamics_dag3.py
[2025-09-06T06:54:58.288+0000] {processor.py:925} INFO - DAG(s) 'ptraj_big_length' retrieved from /opt/airflow/dags/molecular_dynamics_dag3.py
[2025-09-06T06:54:58.301+0000] {logging_mixin.py:190} INFO - [2025-09-06T06:54:58.301+0000] {dag.py:3239} INFO - Sync 1 DAGs
[2025-09-06T06:54:58.308+0000] {logging_mixin.py:190} INFO - [2025-09-06T06:54:58.308+0000] {dag.py:4180} INFO - Setting next_dagrun for ptraj_big_length to None, run_after=None
[2025-09-06T06:54:58.316+0000] {processor.py:208} INFO - Processing /opt/airflow/dags/molecular_dynamics_dag3.py took 0.038 seconds
[2025-09-06T07:36:01.466+0000] {processor.py:186} INFO - Started process (PID=24560) to work on /opt/airflow/dags/molecular_dynamics_dag3.py
[2025-09-06T07:36:01.466+0000] {processor.py:914} INFO - Processing file /opt/airflow/dags/molecular_dynamics_dag3.py for tasks to queue
[2025-09-06T07:36:01.468+0000] {logging_mixin.py:190} INFO - [2025-09-06T07:36:01.468+0000] {dagbag.py:588} INFO - Filling up the DagBag from /opt/airflow/dags/molecular_dynamics_dag3.py
[2025-09-06T07:36:01.555+0000] {processor.py:925} INFO - DAG(s) 'ptraj_big_length' retrieved from /opt/airflow/dags/molecular_dynamics_dag3.py
[2025-09-06T07:36:01.566+0000] {logging_mixin.py:190} INFO - [2025-09-06T07:36:01.566+0000] {dag.py:3239} INFO - Sync 1 DAGs
[2025-09-06T07:36:01.572+0000] {logging_mixin.py:190} INFO - [2025-09-06T07:36:01.572+0000] {dag.py:4180} INFO - Setting next_dagrun for ptraj_big_length to None, run_after=None
[2025-09-06T07:36:01.578+0000] {processor.py:208} INFO - Processing /opt/airflow/dags/molecular_dynamics_dag3.py took 0.116 seconds
[2025-09-06T07:53:03.700+0000] {processor.py:186} INFO - Started process (PID=24603) to work on /opt/airflow/dags/molecular_dynamics_dag3.py
[2025-09-06T07:53:03.701+0000] {processor.py:914} INFO - Processing file /opt/airflow/dags/molecular_dynamics_dag3.py for tasks to queue
[2025-09-06T07:53:03.702+0000] {logging_mixin.py:190} INFO - [2025-09-06T07:53:03.702+0000] {dagbag.py:588} INFO - Filling up the DagBag from /opt/airflow/dags/molecular_dynamics_dag3.py
[2025-09-06T07:53:03.707+0000] {processor.py:925} INFO - DAG(s) 'ptraj_big_length' retrieved from /opt/airflow/dags/molecular_dynamics_dag3.py
[2025-09-06T07:53:03.722+0000] {logging_mixin.py:190} INFO - [2025-09-06T07:53:03.722+0000] {dag.py:3239} INFO - Sync 1 DAGs
[2025-09-06T07:53:03.728+0000] {logging_mixin.py:190} INFO - [2025-09-06T07:53:03.728+0000] {dag.py:4180} INFO - Setting next_dagrun for ptraj_big_length to None, run_after=None
[2025-09-06T07:53:03.736+0000] {processor.py:208} INFO - Processing /opt/airflow/dags/molecular_dynamics_dag3.py took 0.040 seconds
[2025-09-06T08:36:59.750+0000] {processor.py:186} INFO - Started process (PID=24646) to work on /opt/airflow/dags/molecular_dynamics_dag3.py
[2025-09-06T08:36:59.751+0000] {processor.py:914} INFO - Processing file /opt/airflow/dags/molecular_dynamics_dag3.py for tasks to queue
[2025-09-06T08:36:59.752+0000] {logging_mixin.py:190} INFO - [2025-09-06T08:36:59.752+0000] {dagbag.py:588} INFO - Filling up the DagBag from /opt/airflow/dags/molecular_dynamics_dag3.py
[2025-09-06T08:36:59.757+0000] {processor.py:925} INFO - DAG(s) 'ptraj_big_length' retrieved from /opt/airflow/dags/molecular_dynamics_dag3.py
[2025-09-06T08:36:59.771+0000] {logging_mixin.py:190} INFO - [2025-09-06T08:36:59.770+0000] {dag.py:3239} INFO - Sync 1 DAGs
[2025-09-06T08:36:59.777+0000] {logging_mixin.py:190} INFO - [2025-09-06T08:36:59.777+0000] {dag.py:4180} INFO - Setting next_dagrun for ptraj_big_length to None, run_after=None
[2025-09-06T08:36:59.785+0000] {processor.py:208} INFO - Processing /opt/airflow/dags/molecular_dynamics_dag3.py took 0.038 seconds
[2025-09-06T08:37:31.146+0000] {processor.py:186} INFO - Started process (PID=24689) to work on /opt/airflow/dags/molecular_dynamics_dag3.py
[2025-09-06T08:37:31.147+0000] {processor.py:914} INFO - Processing file /opt/airflow/dags/molecular_dynamics_dag3.py for tasks to queue
[2025-09-06T08:37:31.148+0000] {logging_mixin.py:190} INFO - [2025-09-06T08:37:31.148+0000] {dagbag.py:588} INFO - Filling up the DagBag from /opt/airflow/dags/molecular_dynamics_dag3.py
[2025-09-06T08:37:31.154+0000] {processor.py:925} INFO - DAG(s) 'ptraj_big_length' retrieved from /opt/airflow/dags/molecular_dynamics_dag3.py
[2025-09-06T08:37:31.166+0000] {logging_mixin.py:190} INFO - [2025-09-06T08:37:31.166+0000] {dag.py:3239} INFO - Sync 1 DAGs
[2025-09-06T08:37:31.174+0000] {logging_mixin.py:190} INFO - [2025-09-06T08:37:31.173+0000] {dag.py:4180} INFO - Setting next_dagrun for ptraj_big_length to None, run_after=None
[2025-09-06T08:37:31.184+0000] {processor.py:208} INFO - Processing /opt/airflow/dags/molecular_dynamics_dag3.py took 0.041 seconds
[2025-09-06T09:37:57.261+0000] {processor.py:186} INFO - Started process (PID=24732) to work on /opt/airflow/dags/molecular_dynamics_dag3.py
[2025-09-06T09:37:57.262+0000] {processor.py:914} INFO - Processing file /opt/airflow/dags/molecular_dynamics_dag3.py for tasks to queue
[2025-09-06T09:37:57.263+0000] {logging_mixin.py:190} INFO - [2025-09-06T09:37:57.263+0000] {dagbag.py:588} INFO - Filling up the DagBag from /opt/airflow/dags/molecular_dynamics_dag3.py
[2025-09-06T09:37:57.268+0000] {processor.py:925} INFO - DAG(s) 'ptraj_big_length' retrieved from /opt/airflow/dags/molecular_dynamics_dag3.py
[2025-09-06T09:37:57.281+0000] {logging_mixin.py:190} INFO - [2025-09-06T09:37:57.281+0000] {dag.py:3239} INFO - Sync 1 DAGs
[2025-09-06T09:37:57.288+0000] {logging_mixin.py:190} INFO - [2025-09-06T09:37:57.288+0000] {dag.py:4180} INFO - Setting next_dagrun for ptraj_big_length to None, run_after=None
[2025-09-06T09:37:57.295+0000] {processor.py:208} INFO - Processing /opt/airflow/dags/molecular_dynamics_dag3.py took 0.037 seconds
[2025-09-06T10:38:55.826+0000] {processor.py:186} INFO - Started process (PID=24773) to work on /opt/airflow/dags/molecular_dynamics_dag3.py
[2025-09-06T10:38:55.826+0000] {processor.py:914} INFO - Processing file /opt/airflow/dags/molecular_dynamics_dag3.py for tasks to queue
[2025-09-06T10:38:55.828+0000] {logging_mixin.py:190} INFO - [2025-09-06T10:38:55.828+0000] {dagbag.py:588} INFO - Filling up the DagBag from /opt/airflow/dags/molecular_dynamics_dag3.py
[2025-09-06T10:38:55.837+0000] {processor.py:925} INFO - DAG(s) 'ptraj_big_length' retrieved from /opt/airflow/dags/molecular_dynamics_dag3.py
[2025-09-06T10:38:55.853+0000] {logging_mixin.py:190} INFO - [2025-09-06T10:38:55.853+0000] {dag.py:3239} INFO - Sync 1 DAGs
[2025-09-06T10:38:55.860+0000] {logging_mixin.py:190} INFO - [2025-09-06T10:38:55.859+0000] {dag.py:4180} INFO - Setting next_dagrun for ptraj_big_length to None, run_after=None
[2025-09-06T10:38:55.869+0000] {processor.py:208} INFO - Processing /opt/airflow/dags/molecular_dynamics_dag3.py took 0.047 seconds
[2025-09-06T10:39:26.906+0000] {processor.py:186} INFO - Started process (PID=24818) to work on /opt/airflow/dags/molecular_dynamics_dag3.py
[2025-09-06T10:39:26.906+0000] {processor.py:914} INFO - Processing file /opt/airflow/dags/molecular_dynamics_dag3.py for tasks to queue
[2025-09-06T10:39:26.908+0000] {logging_mixin.py:190} INFO - [2025-09-06T10:39:26.907+0000] {dagbag.py:588} INFO - Filling up the DagBag from /opt/airflow/dags/molecular_dynamics_dag3.py
[2025-09-06T10:39:26.913+0000] {processor.py:925} INFO - DAG(s) 'ptraj_big_length' retrieved from /opt/airflow/dags/molecular_dynamics_dag3.py
[2025-09-06T10:39:26.926+0000] {logging_mixin.py:190} INFO - [2025-09-06T10:39:26.926+0000] {dag.py:3239} INFO - Sync 1 DAGs
[2025-09-06T10:39:26.932+0000] {logging_mixin.py:190} INFO - [2025-09-06T10:39:26.932+0000] {dag.py:4180} INFO - Setting next_dagrun for ptraj_big_length to None, run_after=None
[2025-09-06T10:39:26.940+0000] {processor.py:208} INFO - Processing /opt/airflow/dags/molecular_dynamics_dag3.py took 0.037 seconds
[2025-09-06T12:04:59.861+0000] {processor.py:186} INFO - Started process (PID=24859) to work on /opt/airflow/dags/molecular_dynamics_dag3.py
[2025-09-06T12:04:59.862+0000] {processor.py:914} INFO - Processing file /opt/airflow/dags/molecular_dynamics_dag3.py for tasks to queue
[2025-09-06T12:04:59.863+0000] {logging_mixin.py:190} INFO - [2025-09-06T12:04:59.863+0000] {dagbag.py:588} INFO - Filling up the DagBag from /opt/airflow/dags/molecular_dynamics_dag3.py
[2025-09-06T12:04:59.872+0000] {processor.py:925} INFO - DAG(s) 'ptraj_big_length' retrieved from /opt/airflow/dags/molecular_dynamics_dag3.py
[2025-09-06T12:04:59.887+0000] {logging_mixin.py:190} INFO - [2025-09-06T12:04:59.887+0000] {dag.py:3239} INFO - Sync 1 DAGs
[2025-09-06T12:04:59.897+0000] {logging_mixin.py:190} INFO - [2025-09-06T12:04:59.897+0000] {dag.py:4180} INFO - Setting next_dagrun for ptraj_big_length to None, run_after=None
[2025-09-06T12:04:59.908+0000] {processor.py:208} INFO - Processing /opt/airflow/dags/molecular_dynamics_dag3.py took 0.051 seconds
[2025-09-06T13:28:16.285+0000] {processor.py:186} INFO - Started process (PID=24902) to work on /opt/airflow/dags/molecular_dynamics_dag3.py
[2025-09-06T13:28:16.285+0000] {processor.py:914} INFO - Processing file /opt/airflow/dags/molecular_dynamics_dag3.py for tasks to queue
[2025-09-06T13:28:16.287+0000] {logging_mixin.py:190} INFO - [2025-09-06T13:28:16.287+0000] {dagbag.py:588} INFO - Filling up the DagBag from /opt/airflow/dags/molecular_dynamics_dag3.py
[2025-09-06T13:28:16.292+0000] {processor.py:925} INFO - DAG(s) 'ptraj_big_length' retrieved from /opt/airflow/dags/molecular_dynamics_dag3.py
[2025-09-06T13:28:16.306+0000] {logging_mixin.py:190} INFO - [2025-09-06T13:28:16.306+0000] {dag.py:3239} INFO - Sync 1 DAGs
[2025-09-06T13:28:16.313+0000] {logging_mixin.py:190} INFO - [2025-09-06T13:28:16.313+0000] {dag.py:4180} INFO - Setting next_dagrun for ptraj_big_length to None, run_after=None
[2025-09-06T13:28:16.324+0000] {processor.py:208} INFO - Processing /opt/airflow/dags/molecular_dynamics_dag3.py took 0.043 seconds
[2025-09-06T14:31:21.272+0000] {processor.py:186} INFO - Started process (PID=24945) to work on /opt/airflow/dags/molecular_dynamics_dag3.py
[2025-09-06T14:31:21.273+0000] {processor.py:914} INFO - Processing file /opt/airflow/dags/molecular_dynamics_dag3.py for tasks to queue
[2025-09-06T14:31:21.274+0000] {logging_mixin.py:190} INFO - [2025-09-06T14:31:21.274+0000] {dagbag.py:588} INFO - Filling up the DagBag from /opt/airflow/dags/molecular_dynamics_dag3.py
[2025-09-06T14:31:21.287+0000] {processor.py:925} INFO - DAG(s) 'ptraj_big_length' retrieved from /opt/airflow/dags/molecular_dynamics_dag3.py
[2025-09-06T14:31:21.303+0000] {logging_mixin.py:190} INFO - [2025-09-06T14:31:21.303+0000] {dag.py:3239} INFO - Sync 1 DAGs
[2025-09-06T14:31:21.314+0000] {logging_mixin.py:190} INFO - [2025-09-06T14:31:21.314+0000] {dag.py:4180} INFO - Setting next_dagrun for ptraj_big_length to None, run_after=None
[2025-09-06T14:31:21.323+0000] {processor.py:208} INFO - Processing /opt/airflow/dags/molecular_dynamics_dag3.py took 0.055 seconds
[2025-09-06T14:31:51.875+0000] {processor.py:186} INFO - Started process (PID=24990) to work on /opt/airflow/dags/molecular_dynamics_dag3.py
[2025-09-06T14:31:51.876+0000] {processor.py:914} INFO - Processing file /opt/airflow/dags/molecular_dynamics_dag3.py for tasks to queue
[2025-09-06T14:31:51.877+0000] {logging_mixin.py:190} INFO - [2025-09-06T14:31:51.877+0000] {dagbag.py:588} INFO - Filling up the DagBag from /opt/airflow/dags/molecular_dynamics_dag3.py
[2025-09-06T14:31:51.883+0000] {processor.py:925} INFO - DAG(s) 'ptraj_big_length' retrieved from /opt/airflow/dags/molecular_dynamics_dag3.py
[2025-09-06T14:31:51.896+0000] {logging_mixin.py:190} INFO - [2025-09-06T14:31:51.896+0000] {dag.py:3239} INFO - Sync 1 DAGs
[2025-09-06T14:31:51.902+0000] {logging_mixin.py:190} INFO - [2025-09-06T14:31:51.902+0000] {dag.py:4180} INFO - Setting next_dagrun for ptraj_big_length to None, run_after=None
[2025-09-06T14:31:51.909+0000] {processor.py:208} INFO - Processing /opt/airflow/dags/molecular_dynamics_dag3.py took 0.037 seconds
[2025-09-06T14:51:01.666+0000] {processor.py:186} INFO - Started process (PID=25033) to work on /opt/airflow/dags/molecular_dynamics_dag3.py
[2025-09-06T14:51:01.667+0000] {processor.py:914} INFO - Processing file /opt/airflow/dags/molecular_dynamics_dag3.py for tasks to queue
[2025-09-06T14:51:01.668+0000] {logging_mixin.py:190} INFO - [2025-09-06T14:51:01.668+0000] {dagbag.py:588} INFO - Filling up the DagBag from /opt/airflow/dags/molecular_dynamics_dag3.py
[2025-09-06T14:51:01.673+0000] {processor.py:925} INFO - DAG(s) 'ptraj_big_length' retrieved from /opt/airflow/dags/molecular_dynamics_dag3.py
[2025-09-06T14:51:01.686+0000] {logging_mixin.py:190} INFO - [2025-09-06T14:51:01.686+0000] {dag.py:3239} INFO - Sync 1 DAGs
[2025-09-06T14:51:01.693+0000] {logging_mixin.py:190} INFO - [2025-09-06T14:51:01.693+0000] {dag.py:4180} INFO - Setting next_dagrun for ptraj_big_length to None, run_after=None
[2025-09-06T14:51:01.700+0000] {processor.py:208} INFO - Processing /opt/airflow/dags/molecular_dynamics_dag3.py took 0.037 seconds
[2025-09-06T15:08:26.677+0000] {processor.py:186} INFO - Started process (PID=25076) to work on /opt/airflow/dags/molecular_dynamics_dag3.py
[2025-09-06T15:08:26.678+0000] {processor.py:914} INFO - Processing file /opt/airflow/dags/molecular_dynamics_dag3.py for tasks to queue
[2025-09-06T15:08:26.679+0000] {logging_mixin.py:190} INFO - [2025-09-06T15:08:26.679+0000] {dagbag.py:588} INFO - Filling up the DagBag from /opt/airflow/dags/molecular_dynamics_dag3.py
[2025-09-06T15:08:26.687+0000] {processor.py:925} INFO - DAG(s) 'ptraj_big_length' retrieved from /opt/airflow/dags/molecular_dynamics_dag3.py
[2025-09-06T15:08:26.706+0000] {logging_mixin.py:190} INFO - [2025-09-06T15:08:26.706+0000] {dag.py:3239} INFO - Sync 1 DAGs
[2025-09-06T15:08:26.714+0000] {logging_mixin.py:190} INFO - [2025-09-06T15:08:26.714+0000] {dag.py:4180} INFO - Setting next_dagrun for ptraj_big_length to None, run_after=None
[2025-09-06T15:08:26.723+0000] {processor.py:208} INFO - Processing /opt/airflow/dags/molecular_dynamics_dag3.py took 0.049 seconds
[2025-09-06T15:34:17.455+0000] {processor.py:186} INFO - Started process (PID=25119) to work on /opt/airflow/dags/molecular_dynamics_dag3.py
[2025-09-06T15:34:17.456+0000] {processor.py:914} INFO - Processing file /opt/airflow/dags/molecular_dynamics_dag3.py for tasks to queue
[2025-09-06T15:34:17.457+0000] {logging_mixin.py:190} INFO - [2025-09-06T15:34:17.457+0000] {dagbag.py:588} INFO - Filling up the DagBag from /opt/airflow/dags/molecular_dynamics_dag3.py
[2025-09-06T15:34:17.462+0000] {processor.py:925} INFO - DAG(s) 'ptraj_big_length' retrieved from /opt/airflow/dags/molecular_dynamics_dag3.py
[2025-09-06T15:34:17.476+0000] {logging_mixin.py:190} INFO - [2025-09-06T15:34:17.476+0000] {dag.py:3239} INFO - Sync 1 DAGs
[2025-09-06T15:34:17.482+0000] {logging_mixin.py:190} INFO - [2025-09-06T15:34:17.482+0000] {dag.py:4180} INFO - Setting next_dagrun for ptraj_big_length to None, run_after=None
[2025-09-06T15:34:17.489+0000] {processor.py:208} INFO - Processing /opt/airflow/dags/molecular_dynamics_dag3.py took 0.038 seconds
[2025-09-06T15:51:30.773+0000] {processor.py:186} INFO - Started process (PID=25162) to work on /opt/airflow/dags/molecular_dynamics_dag3.py
[2025-09-06T15:51:30.773+0000] {processor.py:914} INFO - Processing file /opt/airflow/dags/molecular_dynamics_dag3.py for tasks to queue
[2025-09-06T15:51:30.774+0000] {logging_mixin.py:190} INFO - [2025-09-06T15:51:30.774+0000] {dagbag.py:588} INFO - Filling up the DagBag from /opt/airflow/dags/molecular_dynamics_dag3.py
[2025-09-06T15:51:30.780+0000] {processor.py:925} INFO - DAG(s) 'ptraj_big_length' retrieved from /opt/airflow/dags/molecular_dynamics_dag3.py
[2025-09-06T15:51:30.793+0000] {logging_mixin.py:190} INFO - [2025-09-06T15:51:30.793+0000] {dag.py:3239} INFO - Sync 1 DAGs
[2025-09-06T15:51:30.801+0000] {logging_mixin.py:190} INFO - [2025-09-06T15:51:30.800+0000] {dag.py:4180} INFO - Setting next_dagrun for ptraj_big_length to None, run_after=None
[2025-09-06T15:51:30.808+0000] {processor.py:208} INFO - Processing /opt/airflow/dags/molecular_dynamics_dag3.py took 0.038 seconds
[2025-09-06T16:32:28.543+0000] {processor.py:186} INFO - Started process (PID=25205) to work on /opt/airflow/dags/molecular_dynamics_dag3.py
[2025-09-06T16:32:28.543+0000] {processor.py:914} INFO - Processing file /opt/airflow/dags/molecular_dynamics_dag3.py for tasks to queue
[2025-09-06T16:32:28.545+0000] {logging_mixin.py:190} INFO - [2025-09-06T16:32:28.545+0000] {dagbag.py:588} INFO - Filling up the DagBag from /opt/airflow/dags/molecular_dynamics_dag3.py
[2025-09-06T16:32:28.552+0000] {processor.py:925} INFO - DAG(s) 'ptraj_big_length' retrieved from /opt/airflow/dags/molecular_dynamics_dag3.py
[2025-09-06T16:32:28.566+0000] {logging_mixin.py:190} INFO - [2025-09-06T16:32:28.566+0000] {dag.py:3239} INFO - Sync 1 DAGs
[2025-09-06T16:32:28.572+0000] {logging_mixin.py:190} INFO - [2025-09-06T16:32:28.572+0000] {dag.py:4180} INFO - Setting next_dagrun for ptraj_big_length to None, run_after=None
[2025-09-06T16:32:28.579+0000] {processor.py:208} INFO - Processing /opt/airflow/dags/molecular_dynamics_dag3.py took 0.041 seconds
[2025-09-06T16:48:37.661+0000] {processor.py:186} INFO - Started process (PID=25248) to work on /opt/airflow/dags/molecular_dynamics_dag3.py
[2025-09-06T16:48:37.662+0000] {processor.py:914} INFO - Processing file /opt/airflow/dags/molecular_dynamics_dag3.py for tasks to queue
[2025-09-06T16:48:37.663+0000] {logging_mixin.py:190} INFO - [2025-09-06T16:48:37.663+0000] {dagbag.py:588} INFO - Filling up the DagBag from /opt/airflow/dags/molecular_dynamics_dag3.py
[2025-09-06T16:48:37.668+0000] {processor.py:925} INFO - DAG(s) 'ptraj_big_length' retrieved from /opt/airflow/dags/molecular_dynamics_dag3.py
[2025-09-06T16:48:37.682+0000] {logging_mixin.py:190} INFO - [2025-09-06T16:48:37.681+0000] {dag.py:3239} INFO - Sync 1 DAGs
[2025-09-06T16:48:37.688+0000] {logging_mixin.py:190} INFO - [2025-09-06T16:48:37.688+0000] {dag.py:4180} INFO - Setting next_dagrun for ptraj_big_length to None, run_after=None
[2025-09-06T16:48:37.695+0000] {processor.py:208} INFO - Processing /opt/airflow/dags/molecular_dynamics_dag3.py took 0.037 seconds
[2025-09-06T18:11:41.954+0000] {processor.py:186} INFO - Started process (PID=25290) to work on /opt/airflow/dags/molecular_dynamics_dag3.py
[2025-09-06T18:11:41.955+0000] {processor.py:914} INFO - Processing file /opt/airflow/dags/molecular_dynamics_dag3.py for tasks to queue
[2025-09-06T18:11:41.957+0000] {logging_mixin.py:190} INFO - [2025-09-06T18:11:41.957+0000] {dagbag.py:588} INFO - Filling up the DagBag from /opt/airflow/dags/molecular_dynamics_dag3.py
[2025-09-06T18:11:41.964+0000] {processor.py:925} INFO - DAG(s) 'ptraj_big_length' retrieved from /opt/airflow/dags/molecular_dynamics_dag3.py
[2025-09-06T18:11:41.986+0000] {logging_mixin.py:190} INFO - [2025-09-06T18:11:41.984+0000] {dag.py:3239} INFO - Sync 1 DAGs
[2025-09-06T18:11:41.994+0000] {logging_mixin.py:190} INFO - [2025-09-06T18:11:41.994+0000] {dag.py:4180} INFO - Setting next_dagrun for ptraj_big_length to None, run_after=None
[2025-09-06T18:11:42.006+0000] {processor.py:208} INFO - Processing /opt/airflow/dags/molecular_dynamics_dag3.py took 0.056 seconds
[2025-09-06T19:50:20.007+0000] {processor.py:186} INFO - Started process (PID=25334) to work on /opt/airflow/dags/molecular_dynamics_dag3.py
[2025-09-06T19:50:20.007+0000] {processor.py:914} INFO - Processing file /opt/airflow/dags/molecular_dynamics_dag3.py for tasks to queue
[2025-09-06T19:50:20.008+0000] {logging_mixin.py:190} INFO - [2025-09-06T19:50:20.008+0000] {dagbag.py:588} INFO - Filling up the DagBag from /opt/airflow/dags/molecular_dynamics_dag3.py
[2025-09-06T19:50:20.014+0000] {processor.py:925} INFO - DAG(s) 'ptraj_big_length' retrieved from /opt/airflow/dags/molecular_dynamics_dag3.py
[2025-09-06T19:50:20.027+0000] {logging_mixin.py:190} INFO - [2025-09-06T19:50:20.027+0000] {dag.py:3239} INFO - Sync 1 DAGs
[2025-09-06T19:50:20.034+0000] {logging_mixin.py:190} INFO - [2025-09-06T19:50:20.034+0000] {dag.py:4180} INFO - Setting next_dagrun for ptraj_big_length to None, run_after=None
[2025-09-06T19:50:20.041+0000] {processor.py:208} INFO - Processing /opt/airflow/dags/molecular_dynamics_dag3.py took 0.038 seconds
[2025-09-06T21:12:25.542+0000] {processor.py:186} INFO - Started process (PID=25377) to work on /opt/airflow/dags/molecular_dynamics_dag3.py
[2025-09-06T21:12:25.543+0000] {processor.py:914} INFO - Processing file /opt/airflow/dags/molecular_dynamics_dag3.py for tasks to queue
[2025-09-06T21:12:25.544+0000] {logging_mixin.py:190} INFO - [2025-09-06T21:12:25.544+0000] {dagbag.py:588} INFO - Filling up the DagBag from /opt/airflow/dags/molecular_dynamics_dag3.py
[2025-09-06T21:12:25.549+0000] {processor.py:925} INFO - DAG(s) 'ptraj_big_length' retrieved from /opt/airflow/dags/molecular_dynamics_dag3.py
[2025-09-06T21:12:25.562+0000] {logging_mixin.py:190} INFO - [2025-09-06T21:12:25.562+0000] {dag.py:3239} INFO - Sync 1 DAGs
[2025-09-06T21:12:25.568+0000] {logging_mixin.py:190} INFO - [2025-09-06T21:12:25.568+0000] {dag.py:4180} INFO - Setting next_dagrun for ptraj_big_length to None, run_after=None
[2025-09-06T21:12:25.576+0000] {processor.py:208} INFO - Processing /opt/airflow/dags/molecular_dynamics_dag3.py took 0.040 seconds
[2025-09-06T22:50:01.994+0000] {processor.py:186} INFO - Started process (PID=25418) to work on /opt/airflow/dags/molecular_dynamics_dag3.py
[2025-09-06T22:50:01.995+0000] {processor.py:914} INFO - Processing file /opt/airflow/dags/molecular_dynamics_dag3.py for tasks to queue
[2025-09-06T22:50:01.997+0000] {logging_mixin.py:190} INFO - [2025-09-06T22:50:01.997+0000] {dagbag.py:588} INFO - Filling up the DagBag from /opt/airflow/dags/molecular_dynamics_dag3.py
[2025-09-06T22:50:02.004+0000] {processor.py:925} INFO - DAG(s) 'ptraj_big_length' retrieved from /opt/airflow/dags/molecular_dynamics_dag3.py
[2025-09-06T22:50:02.021+0000] {logging_mixin.py:190} INFO - [2025-09-06T22:50:02.021+0000] {dag.py:3239} INFO - Sync 1 DAGs
[2025-09-06T22:50:02.031+0000] {logging_mixin.py:190} INFO - [2025-09-06T22:50:02.031+0000] {dag.py:4180} INFO - Setting next_dagrun for ptraj_big_length to None, run_after=None
[2025-09-06T22:50:02.044+0000] {processor.py:208} INFO - Processing /opt/airflow/dags/molecular_dynamics_dag3.py took 0.054 seconds
[2025-09-06T23:04:10.789+0000] {processor.py:186} INFO - Started process (PID=25463) to work on /opt/airflow/dags/molecular_dynamics_dag3.py
[2025-09-06T23:04:10.790+0000] {processor.py:914} INFO - Processing file /opt/airflow/dags/molecular_dynamics_dag3.py for tasks to queue
[2025-09-06T23:04:10.791+0000] {logging_mixin.py:190} INFO - [2025-09-06T23:04:10.791+0000] {dagbag.py:588} INFO - Filling up the DagBag from /opt/airflow/dags/molecular_dynamics_dag3.py
[2025-09-06T23:04:10.797+0000] {processor.py:925} INFO - DAG(s) 'ptraj_big_length' retrieved from /opt/airflow/dags/molecular_dynamics_dag3.py
[2025-09-06T23:04:10.810+0000] {logging_mixin.py:190} INFO - [2025-09-06T23:04:10.810+0000] {dag.py:3239} INFO - Sync 1 DAGs
[2025-09-06T23:04:10.817+0000] {logging_mixin.py:190} INFO - [2025-09-06T23:04:10.817+0000] {dag.py:4180} INFO - Setting next_dagrun for ptraj_big_length to None, run_after=None
[2025-09-06T23:04:10.824+0000] {processor.py:208} INFO - Processing /opt/airflow/dags/molecular_dynamics_dag3.py took 0.038 seconds
[2025-09-06T23:37:28.003+0000] {processor.py:186} INFO - Started process (PID=25506) to work on /opt/airflow/dags/molecular_dynamics_dag3.py
[2025-09-06T23:37:28.004+0000] {processor.py:914} INFO - Processing file /opt/airflow/dags/molecular_dynamics_dag3.py for tasks to queue
[2025-09-06T23:37:28.011+0000] {logging_mixin.py:190} INFO - [2025-09-06T23:37:28.010+0000] {dagbag.py:588} INFO - Filling up the DagBag from /opt/airflow/dags/molecular_dynamics_dag3.py
[2025-09-06T23:37:28.022+0000] {processor.py:925} INFO - DAG(s) 'ptraj_big_length' retrieved from /opt/airflow/dags/molecular_dynamics_dag3.py
[2025-09-06T23:37:28.037+0000] {logging_mixin.py:190} INFO - [2025-09-06T23:37:28.037+0000] {dag.py:3239} INFO - Sync 1 DAGs
[2025-09-06T23:37:28.045+0000] {logging_mixin.py:190} INFO - [2025-09-06T23:37:28.045+0000] {dag.py:4180} INFO - Setting next_dagrun for ptraj_big_length to None, run_after=None
[2025-09-06T23:37:28.055+0000] {processor.py:208} INFO - Processing /opt/airflow/dags/molecular_dynamics_dag3.py took 0.056 seconds
