[2025-09-06T00:28:23.611+0000] {processor.py:186} INFO - Started process (PID=23948) to work on /opt/airflow/dags/molecular_dynamics_dag2.py
[2025-09-06T00:28:23.612+0000] {processor.py:914} INFO - Processing file /opt/airflow/dags/molecular_dynamics_dag2.py for tasks to queue
[2025-09-06T00:28:23.614+0000] {logging_mixin.py:190} INFO - [2025-09-06T00:28:23.614+0000] {dagbag.py:588} INFO - Filling up the DagBag from /opt/airflow/dags/molecular_dynamics_dag2.py
[2025-09-06T00:28:23.625+0000] {processor.py:925} INFO - DAG(s) 'ptraj_many_atoms' retrieved from /opt/airflow/dags/molecular_dynamics_dag2.py
[2025-09-06T00:28:23.645+0000] {logging_mixin.py:190} INFO - [2025-09-06T00:28:23.645+0000] {dag.py:3239} INFO - Sync 1 DAGs
[2025-09-06T00:28:23.656+0000] {logging_mixin.py:190} INFO - [2025-09-06T00:28:23.656+0000] {dag.py:4180} INFO - Setting next_dagrun for ptraj_many_atoms to None, run_after=None
[2025-09-06T00:28:23.671+0000] {processor.py:208} INFO - Processing /opt/airflow/dags/molecular_dynamics_dag2.py took 0.064 seconds
[2025-09-06T01:30:50.461+0000] {processor.py:186} INFO - Started process (PID=23989) to work on /opt/airflow/dags/molecular_dynamics_dag2.py
[2025-09-06T01:30:50.462+0000] {processor.py:914} INFO - Processing file /opt/airflow/dags/molecular_dynamics_dag2.py for tasks to queue
[2025-09-06T01:30:50.464+0000] {logging_mixin.py:190} INFO - [2025-09-06T01:30:50.463+0000] {dagbag.py:588} INFO - Filling up the DagBag from /opt/airflow/dags/molecular_dynamics_dag2.py
[2025-09-06T01:30:50.473+0000] {processor.py:925} INFO - DAG(s) 'ptraj_many_atoms' retrieved from /opt/airflow/dags/molecular_dynamics_dag2.py
[2025-09-06T01:30:50.489+0000] {logging_mixin.py:190} INFO - [2025-09-06T01:30:50.489+0000] {dag.py:3239} INFO - Sync 1 DAGs
[2025-09-06T01:30:50.496+0000] {logging_mixin.py:190} INFO - [2025-09-06T01:30:50.496+0000] {dag.py:4180} INFO - Setting next_dagrun for ptraj_many_atoms to None, run_after=None
[2025-09-06T01:30:50.510+0000] {processor.py:208} INFO - Processing /opt/airflow/dags/molecular_dynamics_dag2.py took 0.052 seconds
[2025-09-06T01:31:21.579+0000] {processor.py:186} INFO - Started process (PID=24034) to work on /opt/airflow/dags/molecular_dynamics_dag2.py
[2025-09-06T01:31:21.580+0000] {processor.py:914} INFO - Processing file /opt/airflow/dags/molecular_dynamics_dag2.py for tasks to queue
[2025-09-06T01:31:21.581+0000] {logging_mixin.py:190} INFO - [2025-09-06T01:31:21.581+0000] {dagbag.py:588} INFO - Filling up the DagBag from /opt/airflow/dags/molecular_dynamics_dag2.py
[2025-09-06T01:31:21.589+0000] {processor.py:925} INFO - DAG(s) 'ptraj_many_atoms' retrieved from /opt/airflow/dags/molecular_dynamics_dag2.py
[2025-09-06T01:31:21.605+0000] {logging_mixin.py:190} INFO - [2025-09-06T01:31:21.605+0000] {dag.py:3239} INFO - Sync 1 DAGs
[2025-09-06T01:31:21.612+0000] {logging_mixin.py:190} INFO - [2025-09-06T01:31:21.612+0000] {dag.py:4180} INFO - Setting next_dagrun for ptraj_many_atoms to None, run_after=None
[2025-09-06T01:31:21.622+0000] {processor.py:208} INFO - Processing /opt/airflow/dags/molecular_dynamics_dag2.py took 0.046 seconds
[2025-09-06T02:52:18.808+0000] {processor.py:186} INFO - Started process (PID=24077) to work on /opt/airflow/dags/molecular_dynamics_dag2.py
[2025-09-06T02:52:18.809+0000] {processor.py:914} INFO - Processing file /opt/airflow/dags/molecular_dynamics_dag2.py for tasks to queue
[2025-09-06T02:52:18.810+0000] {logging_mixin.py:190} INFO - [2025-09-06T02:52:18.810+0000] {dagbag.py:588} INFO - Filling up the DagBag from /opt/airflow/dags/molecular_dynamics_dag2.py
[2025-09-06T02:52:18.817+0000] {processor.py:925} INFO - DAG(s) 'ptraj_many_atoms' retrieved from /opt/airflow/dags/molecular_dynamics_dag2.py
[2025-09-06T02:52:18.837+0000] {logging_mixin.py:190} INFO - [2025-09-06T02:52:18.837+0000] {dag.py:3239} INFO - Sync 1 DAGs
[2025-09-06T02:52:18.846+0000] {logging_mixin.py:190} INFO - [2025-09-06T02:52:18.846+0000] {dag.py:4180} INFO - Setting next_dagrun for ptraj_many_atoms to None, run_after=None
[2025-09-06T02:52:18.861+0000] {processor.py:208} INFO - Processing /opt/airflow/dags/molecular_dynamics_dag2.py took 0.058 seconds
[2025-09-06T03:31:57.495+0000] {processor.py:186} INFO - Started process (PID=24118) to work on /opt/airflow/dags/molecular_dynamics_dag2.py
[2025-09-06T03:31:57.495+0000] {processor.py:914} INFO - Processing file /opt/airflow/dags/molecular_dynamics_dag2.py for tasks to queue
[2025-09-06T03:31:57.496+0000] {logging_mixin.py:190} INFO - [2025-09-06T03:31:57.496+0000] {dagbag.py:588} INFO - Filling up the DagBag from /opt/airflow/dags/molecular_dynamics_dag2.py
[2025-09-06T03:31:57.506+0000] {processor.py:925} INFO - DAG(s) 'ptraj_many_atoms' retrieved from /opt/airflow/dags/molecular_dynamics_dag2.py
[2025-09-06T03:31:57.526+0000] {logging_mixin.py:190} INFO - [2025-09-06T03:31:57.526+0000] {dag.py:3239} INFO - Sync 1 DAGs
[2025-09-06T03:31:57.533+0000] {logging_mixin.py:190} INFO - [2025-09-06T03:31:57.533+0000] {dag.py:4180} INFO - Setting next_dagrun for ptraj_many_atoms to None, run_after=None
[2025-09-06T03:31:57.544+0000] {processor.py:208} INFO - Processing /opt/airflow/dags/molecular_dynamics_dag2.py took 0.053 seconds
[2025-09-06T03:50:16.003+0000] {processor.py:186} INFO - Started process (PID=24163) to work on /opt/airflow/dags/molecular_dynamics_dag2.py
[2025-09-06T03:50:16.004+0000] {processor.py:914} INFO - Processing file /opt/airflow/dags/molecular_dynamics_dag2.py for tasks to queue
[2025-09-06T03:50:16.005+0000] {logging_mixin.py:190} INFO - [2025-09-06T03:50:16.005+0000] {dagbag.py:588} INFO - Filling up the DagBag from /opt/airflow/dags/molecular_dynamics_dag2.py
[2025-09-06T03:50:16.013+0000] {processor.py:925} INFO - DAG(s) 'ptraj_many_atoms' retrieved from /opt/airflow/dags/molecular_dynamics_dag2.py
[2025-09-06T03:50:16.029+0000] {logging_mixin.py:190} INFO - [2025-09-06T03:50:16.029+0000] {dag.py:3239} INFO - Sync 1 DAGs
[2025-09-06T03:50:16.037+0000] {logging_mixin.py:190} INFO - [2025-09-06T03:50:16.037+0000] {dag.py:4180} INFO - Setting next_dagrun for ptraj_many_atoms to None, run_after=None
[2025-09-06T03:50:16.048+0000] {processor.py:208} INFO - Processing /opt/airflow/dags/molecular_dynamics_dag2.py took 0.049 seconds
[2025-09-06T04:32:55.059+0000] {processor.py:186} INFO - Started process (PID=24204) to work on /opt/airflow/dags/molecular_dynamics_dag2.py
[2025-09-06T04:32:55.060+0000] {processor.py:914} INFO - Processing file /opt/airflow/dags/molecular_dynamics_dag2.py for tasks to queue
[2025-09-06T04:32:55.062+0000] {logging_mixin.py:190} INFO - [2025-09-06T04:32:55.062+0000] {dagbag.py:588} INFO - Filling up the DagBag from /opt/airflow/dags/molecular_dynamics_dag2.py
[2025-09-06T04:32:55.072+0000] {processor.py:925} INFO - DAG(s) 'ptraj_many_atoms' retrieved from /opt/airflow/dags/molecular_dynamics_dag2.py
[2025-09-06T04:32:55.088+0000] {logging_mixin.py:190} INFO - [2025-09-06T04:32:55.088+0000] {dag.py:3239} INFO - Sync 1 DAGs
[2025-09-06T04:32:55.097+0000] {logging_mixin.py:190} INFO - [2025-09-06T04:32:55.097+0000] {dag.py:4180} INFO - Setting next_dagrun for ptraj_many_atoms to None, run_after=None
[2025-09-06T04:32:55.107+0000] {processor.py:208} INFO - Processing /opt/airflow/dags/molecular_dynamics_dag2.py took 0.051 seconds
[2025-09-06T04:33:25.688+0000] {processor.py:186} INFO - Started process (PID=24249) to work on /opt/airflow/dags/molecular_dynamics_dag2.py
[2025-09-06T04:33:25.688+0000] {processor.py:914} INFO - Processing file /opt/airflow/dags/molecular_dynamics_dag2.py for tasks to queue
[2025-09-06T04:33:25.690+0000] {logging_mixin.py:190} INFO - [2025-09-06T04:33:25.690+0000] {dagbag.py:588} INFO - Filling up the DagBag from /opt/airflow/dags/molecular_dynamics_dag2.py
[2025-09-06T04:33:25.696+0000] {processor.py:925} INFO - DAG(s) 'ptraj_many_atoms' retrieved from /opt/airflow/dags/molecular_dynamics_dag2.py
[2025-09-06T04:33:25.713+0000] {logging_mixin.py:190} INFO - [2025-09-06T04:33:25.713+0000] {dag.py:3239} INFO - Sync 1 DAGs
[2025-09-06T04:33:25.720+0000] {logging_mixin.py:190} INFO - [2025-09-06T04:33:25.720+0000] {dag.py:4180} INFO - Setting next_dagrun for ptraj_many_atoms to None, run_after=None
[2025-09-06T04:33:25.733+0000] {processor.py:208} INFO - Processing /opt/airflow/dags/molecular_dynamics_dag2.py took 0.049 seconds
[2025-09-06T05:33:53.398+0000] {processor.py:186} INFO - Started process (PID=24290) to work on /opt/airflow/dags/molecular_dynamics_dag2.py
[2025-09-06T05:33:53.398+0000] {processor.py:914} INFO - Processing file /opt/airflow/dags/molecular_dynamics_dag2.py for tasks to queue
[2025-09-06T05:33:53.399+0000] {logging_mixin.py:190} INFO - [2025-09-06T05:33:53.399+0000] {dagbag.py:588} INFO - Filling up the DagBag from /opt/airflow/dags/molecular_dynamics_dag2.py
[2025-09-06T05:33:53.408+0000] {processor.py:925} INFO - DAG(s) 'ptraj_many_atoms' retrieved from /opt/airflow/dags/molecular_dynamics_dag2.py
[2025-09-06T05:33:53.428+0000] {logging_mixin.py:190} INFO - [2025-09-06T05:33:53.428+0000] {dag.py:3239} INFO - Sync 1 DAGs
[2025-09-06T05:33:53.435+0000] {logging_mixin.py:190} INFO - [2025-09-06T05:33:53.435+0000] {dag.py:4180} INFO - Setting next_dagrun for ptraj_many_atoms to None, run_after=None
[2025-09-06T05:33:53.450+0000] {processor.py:208} INFO - Processing /opt/airflow/dags/molecular_dynamics_dag2.py took 0.055 seconds
[2025-09-06T05:34:24.646+0000] {processor.py:186} INFO - Started process (PID=24335) to work on /opt/airflow/dags/molecular_dynamics_dag2.py
[2025-09-06T05:34:24.647+0000] {processor.py:914} INFO - Processing file /opt/airflow/dags/molecular_dynamics_dag2.py for tasks to queue
[2025-09-06T05:34:24.648+0000] {logging_mixin.py:190} INFO - [2025-09-06T05:34:24.648+0000] {dagbag.py:588} INFO - Filling up the DagBag from /opt/airflow/dags/molecular_dynamics_dag2.py
[2025-09-06T05:34:24.658+0000] {processor.py:925} INFO - DAG(s) 'ptraj_many_atoms' retrieved from /opt/airflow/dags/molecular_dynamics_dag2.py
[2025-09-06T05:34:24.678+0000] {logging_mixin.py:190} INFO - [2025-09-06T05:34:24.678+0000] {dag.py:3239} INFO - Sync 1 DAGs
[2025-09-06T05:34:24.685+0000] {logging_mixin.py:190} INFO - [2025-09-06T05:34:24.685+0000] {dag.py:4180} INFO - Setting next_dagrun for ptraj_many_atoms to None, run_after=None
[2025-09-06T05:34:24.698+0000] {processor.py:208} INFO - Processing /opt/airflow/dags/molecular_dynamics_dag2.py took 0.055 seconds
[2025-09-06T06:34:50.736+0000] {processor.py:186} INFO - Started process (PID=24378) to work on /opt/airflow/dags/molecular_dynamics_dag2.py
[2025-09-06T06:34:50.736+0000] {processor.py:914} INFO - Processing file /opt/airflow/dags/molecular_dynamics_dag2.py for tasks to queue
[2025-09-06T06:34:50.738+0000] {logging_mixin.py:190} INFO - [2025-09-06T06:34:50.738+0000] {dagbag.py:588} INFO - Filling up the DagBag from /opt/airflow/dags/molecular_dynamics_dag2.py
[2025-09-06T06:34:50.746+0000] {processor.py:925} INFO - DAG(s) 'ptraj_many_atoms' retrieved from /opt/airflow/dags/molecular_dynamics_dag2.py
[2025-09-06T06:34:50.763+0000] {logging_mixin.py:190} INFO - [2025-09-06T06:34:50.763+0000] {dag.py:3239} INFO - Sync 1 DAGs
[2025-09-06T06:34:50.770+0000] {logging_mixin.py:190} INFO - [2025-09-06T06:34:50.770+0000] {dag.py:4180} INFO - Setting next_dagrun for ptraj_many_atoms to None, run_after=None
[2025-09-06T06:34:50.785+0000] {processor.py:208} INFO - Processing /opt/airflow/dags/molecular_dynamics_dag2.py took 0.053 seconds
[2025-09-06T06:35:21.499+0000] {processor.py:186} INFO - Started process (PID=24421) to work on /opt/airflow/dags/molecular_dynamics_dag2.py
[2025-09-06T06:35:21.500+0000] {processor.py:914} INFO - Processing file /opt/airflow/dags/molecular_dynamics_dag2.py for tasks to queue
[2025-09-06T06:35:21.501+0000] {logging_mixin.py:190} INFO - [2025-09-06T06:35:21.501+0000] {dagbag.py:588} INFO - Filling up the DagBag from /opt/airflow/dags/molecular_dynamics_dag2.py
[2025-09-06T06:35:21.508+0000] {processor.py:925} INFO - DAG(s) 'ptraj_many_atoms' retrieved from /opt/airflow/dags/molecular_dynamics_dag2.py
[2025-09-06T06:35:21.525+0000] {logging_mixin.py:190} INFO - [2025-09-06T06:35:21.525+0000] {dag.py:3239} INFO - Sync 1 DAGs
[2025-09-06T06:35:21.532+0000] {logging_mixin.py:190} INFO - [2025-09-06T06:35:21.532+0000] {dag.py:4180} INFO - Setting next_dagrun for ptraj_many_atoms to None, run_after=None
[2025-09-06T06:35:21.545+0000] {processor.py:208} INFO - Processing /opt/airflow/dags/molecular_dynamics_dag2.py took 0.050 seconds
[2025-09-06T06:38:03.637+0000] {processor.py:186} INFO - Started process (PID=24464) to work on /opt/airflow/dags/molecular_dynamics_dag2.py
[2025-09-06T06:38:03.638+0000] {processor.py:914} INFO - Processing file /opt/airflow/dags/molecular_dynamics_dag2.py for tasks to queue
[2025-09-06T06:38:03.639+0000] {logging_mixin.py:190} INFO - [2025-09-06T06:38:03.639+0000] {dagbag.py:588} INFO - Filling up the DagBag from /opt/airflow/dags/molecular_dynamics_dag2.py
[2025-09-06T06:38:03.646+0000] {processor.py:925} INFO - DAG(s) 'ptraj_many_atoms' retrieved from /opt/airflow/dags/molecular_dynamics_dag2.py
[2025-09-06T06:38:03.664+0000] {logging_mixin.py:190} INFO - [2025-09-06T06:38:03.664+0000] {dag.py:3239} INFO - Sync 1 DAGs
[2025-09-06T06:38:03.672+0000] {logging_mixin.py:190} INFO - [2025-09-06T06:38:03.672+0000] {dag.py:4180} INFO - Setting next_dagrun for ptraj_many_atoms to None, run_after=None
[2025-09-06T06:38:03.685+0000] {processor.py:208} INFO - Processing /opt/airflow/dags/molecular_dynamics_dag2.py took 0.052 seconds
[2025-09-06T06:54:58.215+0000] {processor.py:186} INFO - Started process (PID=24507) to work on /opt/airflow/dags/molecular_dynamics_dag2.py
[2025-09-06T06:54:58.216+0000] {processor.py:914} INFO - Processing file /opt/airflow/dags/molecular_dynamics_dag2.py for tasks to queue
[2025-09-06T06:54:58.217+0000] {logging_mixin.py:190} INFO - [2025-09-06T06:54:58.217+0000] {dagbag.py:588} INFO - Filling up the DagBag from /opt/airflow/dags/molecular_dynamics_dag2.py
[2025-09-06T06:54:58.226+0000] {processor.py:925} INFO - DAG(s) 'ptraj_many_atoms' retrieved from /opt/airflow/dags/molecular_dynamics_dag2.py
[2025-09-06T06:54:58.244+0000] {logging_mixin.py:190} INFO - [2025-09-06T06:54:58.244+0000] {dag.py:3239} INFO - Sync 1 DAGs
[2025-09-06T06:54:58.254+0000] {logging_mixin.py:190} INFO - [2025-09-06T06:54:58.254+0000] {dag.py:4180} INFO - Setting next_dagrun for ptraj_many_atoms to None, run_after=None
[2025-09-06T06:54:58.266+0000] {processor.py:208} INFO - Processing /opt/airflow/dags/molecular_dynamics_dag2.py took 0.055 seconds
[2025-09-06T07:36:01.322+0000] {processor.py:186} INFO - Started process (PID=24550) to work on /opt/airflow/dags/molecular_dynamics_dag2.py
[2025-09-06T07:36:01.323+0000] {processor.py:914} INFO - Processing file /opt/airflow/dags/molecular_dynamics_dag2.py for tasks to queue
[2025-09-06T07:36:01.325+0000] {logging_mixin.py:190} INFO - [2025-09-06T07:36:01.325+0000] {dagbag.py:588} INFO - Filling up the DagBag from /opt/airflow/dags/molecular_dynamics_dag2.py
[2025-09-06T07:36:01.417+0000] {processor.py:925} INFO - DAG(s) 'ptraj_many_atoms' retrieved from /opt/airflow/dags/molecular_dynamics_dag2.py
[2025-09-06T07:36:01.432+0000] {logging_mixin.py:190} INFO - [2025-09-06T07:36:01.431+0000] {dag.py:3239} INFO - Sync 1 DAGs
[2025-09-06T07:36:01.438+0000] {logging_mixin.py:190} INFO - [2025-09-06T07:36:01.438+0000] {dag.py:4180} INFO - Setting next_dagrun for ptraj_many_atoms to None, run_after=None
[2025-09-06T07:36:01.448+0000] {processor.py:208} INFO - Processing /opt/airflow/dags/molecular_dynamics_dag2.py took 0.129 seconds
[2025-09-06T07:53:03.632+0000] {processor.py:186} INFO - Started process (PID=24593) to work on /opt/airflow/dags/molecular_dynamics_dag2.py
[2025-09-06T07:53:03.632+0000] {processor.py:914} INFO - Processing file /opt/airflow/dags/molecular_dynamics_dag2.py for tasks to queue
[2025-09-06T07:53:03.634+0000] {logging_mixin.py:190} INFO - [2025-09-06T07:53:03.633+0000] {dagbag.py:588} INFO - Filling up the DagBag from /opt/airflow/dags/molecular_dynamics_dag2.py
[2025-09-06T07:53:03.641+0000] {processor.py:925} INFO - DAG(s) 'ptraj_many_atoms' retrieved from /opt/airflow/dags/molecular_dynamics_dag2.py
[2025-09-06T07:53:03.663+0000] {logging_mixin.py:190} INFO - [2025-09-06T07:53:03.663+0000] {dag.py:3239} INFO - Sync 1 DAGs
[2025-09-06T07:53:03.673+0000] {logging_mixin.py:190} INFO - [2025-09-06T07:53:03.673+0000] {dag.py:4180} INFO - Setting next_dagrun for ptraj_many_atoms to None, run_after=None
[2025-09-06T07:53:03.684+0000] {processor.py:208} INFO - Processing /opt/airflow/dags/molecular_dynamics_dag2.py took 0.057 seconds
[2025-09-06T08:36:59.689+0000] {processor.py:186} INFO - Started process (PID=24636) to work on /opt/airflow/dags/molecular_dynamics_dag2.py
[2025-09-06T08:36:59.689+0000] {processor.py:914} INFO - Processing file /opt/airflow/dags/molecular_dynamics_dag2.py for tasks to queue
[2025-09-06T08:36:59.691+0000] {logging_mixin.py:190} INFO - [2025-09-06T08:36:59.691+0000] {dagbag.py:588} INFO - Filling up the DagBag from /opt/airflow/dags/molecular_dynamics_dag2.py
[2025-09-06T08:36:59.697+0000] {processor.py:925} INFO - DAG(s) 'ptraj_many_atoms' retrieved from /opt/airflow/dags/molecular_dynamics_dag2.py
[2025-09-06T08:36:59.717+0000] {logging_mixin.py:190} INFO - [2025-09-06T08:36:59.716+0000] {dag.py:3239} INFO - Sync 1 DAGs
[2025-09-06T08:36:59.725+0000] {logging_mixin.py:190} INFO - [2025-09-06T08:36:59.725+0000] {dag.py:4180} INFO - Setting next_dagrun for ptraj_many_atoms to None, run_after=None
[2025-09-06T08:36:59.734+0000] {processor.py:208} INFO - Processing /opt/airflow/dags/molecular_dynamics_dag2.py took 0.049 seconds
[2025-09-06T08:37:31.081+0000] {processor.py:186} INFO - Started process (PID=24679) to work on /opt/airflow/dags/molecular_dynamics_dag2.py
[2025-09-06T08:37:31.082+0000] {processor.py:914} INFO - Processing file /opt/airflow/dags/molecular_dynamics_dag2.py for tasks to queue
[2025-09-06T08:37:31.084+0000] {logging_mixin.py:190} INFO - [2025-09-06T08:37:31.083+0000] {dagbag.py:588} INFO - Filling up the DagBag from /opt/airflow/dags/molecular_dynamics_dag2.py
[2025-09-06T08:37:31.091+0000] {processor.py:925} INFO - DAG(s) 'ptraj_many_atoms' retrieved from /opt/airflow/dags/molecular_dynamics_dag2.py
[2025-09-06T08:37:31.110+0000] {logging_mixin.py:190} INFO - [2025-09-06T08:37:31.110+0000] {dag.py:3239} INFO - Sync 1 DAGs
[2025-09-06T08:37:31.117+0000] {logging_mixin.py:190} INFO - [2025-09-06T08:37:31.117+0000] {dag.py:4180} INFO - Setting next_dagrun for ptraj_many_atoms to None, run_after=None
[2025-09-06T08:37:31.130+0000] {processor.py:208} INFO - Processing /opt/airflow/dags/molecular_dynamics_dag2.py took 0.053 seconds
[2025-09-06T09:37:57.197+0000] {processor.py:186} INFO - Started process (PID=24722) to work on /opt/airflow/dags/molecular_dynamics_dag2.py
[2025-09-06T09:37:57.197+0000] {processor.py:914} INFO - Processing file /opt/airflow/dags/molecular_dynamics_dag2.py for tasks to queue
[2025-09-06T09:37:57.199+0000] {logging_mixin.py:190} INFO - [2025-09-06T09:37:57.199+0000] {dagbag.py:588} INFO - Filling up the DagBag from /opt/airflow/dags/molecular_dynamics_dag2.py
[2025-09-06T09:37:57.206+0000] {processor.py:925} INFO - DAG(s) 'ptraj_many_atoms' retrieved from /opt/airflow/dags/molecular_dynamics_dag2.py
[2025-09-06T09:37:57.222+0000] {logging_mixin.py:190} INFO - [2025-09-06T09:37:57.222+0000] {dag.py:3239} INFO - Sync 1 DAGs
[2025-09-06T09:37:57.230+0000] {logging_mixin.py:190} INFO - [2025-09-06T09:37:57.230+0000] {dag.py:4180} INFO - Setting next_dagrun for ptraj_many_atoms to None, run_after=None
[2025-09-06T09:37:57.241+0000] {processor.py:208} INFO - Processing /opt/airflow/dags/molecular_dynamics_dag2.py took 0.050 seconds
[2025-09-06T10:38:55.763+0000] {processor.py:186} INFO - Started process (PID=24763) to work on /opt/airflow/dags/molecular_dynamics_dag2.py
[2025-09-06T10:38:55.763+0000] {processor.py:914} INFO - Processing file /opt/airflow/dags/molecular_dynamics_dag2.py for tasks to queue
[2025-09-06T10:38:55.765+0000] {logging_mixin.py:190} INFO - [2025-09-06T10:38:55.765+0000] {dagbag.py:588} INFO - Filling up the DagBag from /opt/airflow/dags/molecular_dynamics_dag2.py
[2025-09-06T10:38:55.774+0000] {processor.py:925} INFO - DAG(s) 'ptraj_many_atoms' retrieved from /opt/airflow/dags/molecular_dynamics_dag2.py
[2025-09-06T10:38:55.792+0000] {logging_mixin.py:190} INFO - [2025-09-06T10:38:55.791+0000] {dag.py:3239} INFO - Sync 1 DAGs
[2025-09-06T10:38:55.799+0000] {logging_mixin.py:190} INFO - [2025-09-06T10:38:55.799+0000] {dag.py:4180} INFO - Setting next_dagrun for ptraj_many_atoms to None, run_after=None
[2025-09-06T10:38:55.808+0000] {processor.py:208} INFO - Processing /opt/airflow/dags/molecular_dynamics_dag2.py took 0.050 seconds
[2025-09-06T10:39:26.844+0000] {processor.py:186} INFO - Started process (PID=24808) to work on /opt/airflow/dags/molecular_dynamics_dag2.py
[2025-09-06T10:39:26.845+0000] {processor.py:914} INFO - Processing file /opt/airflow/dags/molecular_dynamics_dag2.py for tasks to queue
[2025-09-06T10:39:26.846+0000] {logging_mixin.py:190} INFO - [2025-09-06T10:39:26.846+0000] {dagbag.py:588} INFO - Filling up the DagBag from /opt/airflow/dags/molecular_dynamics_dag2.py
[2025-09-06T10:39:26.852+0000] {processor.py:925} INFO - DAG(s) 'ptraj_many_atoms' retrieved from /opt/airflow/dags/molecular_dynamics_dag2.py
[2025-09-06T10:39:26.870+0000] {logging_mixin.py:190} INFO - [2025-09-06T10:39:26.870+0000] {dag.py:3239} INFO - Sync 1 DAGs
[2025-09-06T10:39:26.877+0000] {logging_mixin.py:190} INFO - [2025-09-06T10:39:26.877+0000] {dag.py:4180} INFO - Setting next_dagrun for ptraj_many_atoms to None, run_after=None
[2025-09-06T10:39:26.889+0000] {processor.py:208} INFO - Processing /opt/airflow/dags/molecular_dynamics_dag2.py took 0.048 seconds
[2025-09-06T12:04:59.799+0000] {processor.py:186} INFO - Started process (PID=24851) to work on /opt/airflow/dags/molecular_dynamics_dag2.py
[2025-09-06T12:04:59.799+0000] {processor.py:914} INFO - Processing file /opt/airflow/dags/molecular_dynamics_dag2.py for tasks to queue
[2025-09-06T12:04:59.801+0000] {logging_mixin.py:190} INFO - [2025-09-06T12:04:59.801+0000] {dagbag.py:588} INFO - Filling up the DagBag from /opt/airflow/dags/molecular_dynamics_dag2.py
[2025-09-06T12:04:59.807+0000] {processor.py:925} INFO - DAG(s) 'ptraj_many_atoms' retrieved from /opt/airflow/dags/molecular_dynamics_dag2.py
[2025-09-06T12:04:59.823+0000] {logging_mixin.py:190} INFO - [2025-09-06T12:04:59.823+0000] {dag.py:3239} INFO - Sync 1 DAGs
[2025-09-06T12:04:59.832+0000] {logging_mixin.py:190} INFO - [2025-09-06T12:04:59.831+0000] {dag.py:4180} INFO - Setting next_dagrun for ptraj_many_atoms to None, run_after=None
[2025-09-06T12:04:59.842+0000] {processor.py:208} INFO - Processing /opt/airflow/dags/molecular_dynamics_dag2.py took 0.048 seconds
[2025-09-06T13:28:16.223+0000] {processor.py:186} INFO - Started process (PID=24892) to work on /opt/airflow/dags/molecular_dynamics_dag2.py
[2025-09-06T13:28:16.224+0000] {processor.py:914} INFO - Processing file /opt/airflow/dags/molecular_dynamics_dag2.py for tasks to queue
[2025-09-06T13:28:16.226+0000] {logging_mixin.py:190} INFO - [2025-09-06T13:28:16.226+0000] {dagbag.py:588} INFO - Filling up the DagBag from /opt/airflow/dags/molecular_dynamics_dag2.py
[2025-09-06T13:28:16.233+0000] {processor.py:925} INFO - DAG(s) 'ptraj_many_atoms' retrieved from /opt/airflow/dags/molecular_dynamics_dag2.py
[2025-09-06T13:28:16.250+0000] {logging_mixin.py:190} INFO - [2025-09-06T13:28:16.250+0000] {dag.py:3239} INFO - Sync 1 DAGs
[2025-09-06T13:28:16.257+0000] {logging_mixin.py:190} INFO - [2025-09-06T13:28:16.257+0000] {dag.py:4180} INFO - Setting next_dagrun for ptraj_many_atoms to None, run_after=None
[2025-09-06T13:28:16.266+0000] {processor.py:208} INFO - Processing /opt/airflow/dags/molecular_dynamics_dag2.py took 0.046 seconds
[2025-09-06T14:31:21.198+0000] {processor.py:186} INFO - Started process (PID=24935) to work on /opt/airflow/dags/molecular_dynamics_dag2.py
[2025-09-06T14:31:21.201+0000] {processor.py:914} INFO - Processing file /opt/airflow/dags/molecular_dynamics_dag2.py for tasks to queue
[2025-09-06T14:31:21.203+0000] {logging_mixin.py:190} INFO - [2025-09-06T14:31:21.203+0000] {dagbag.py:588} INFO - Filling up the DagBag from /opt/airflow/dags/molecular_dynamics_dag2.py
[2025-09-06T14:31:21.212+0000] {processor.py:925} INFO - DAG(s) 'ptraj_many_atoms' retrieved from /opt/airflow/dags/molecular_dynamics_dag2.py
[2025-09-06T14:31:21.229+0000] {logging_mixin.py:190} INFO - [2025-09-06T14:31:21.229+0000] {dag.py:3239} INFO - Sync 1 DAGs
[2025-09-06T14:31:21.239+0000] {logging_mixin.py:190} INFO - [2025-09-06T14:31:21.238+0000] {dag.py:4180} INFO - Setting next_dagrun for ptraj_many_atoms to None, run_after=None
[2025-09-06T14:31:21.251+0000] {processor.py:208} INFO - Processing /opt/airflow/dags/molecular_dynamics_dag2.py took 0.058 seconds
[2025-09-06T14:31:51.816+0000] {processor.py:186} INFO - Started process (PID=24980) to work on /opt/airflow/dags/molecular_dynamics_dag2.py
[2025-09-06T14:31:51.817+0000] {processor.py:914} INFO - Processing file /opt/airflow/dags/molecular_dynamics_dag2.py for tasks to queue
[2025-09-06T14:31:51.818+0000] {logging_mixin.py:190} INFO - [2025-09-06T14:31:51.818+0000] {dagbag.py:588} INFO - Filling up the DagBag from /opt/airflow/dags/molecular_dynamics_dag2.py
[2025-09-06T14:31:51.826+0000] {processor.py:925} INFO - DAG(s) 'ptraj_many_atoms' retrieved from /opt/airflow/dags/molecular_dynamics_dag2.py
[2025-09-06T14:31:51.841+0000] {logging_mixin.py:190} INFO - [2025-09-06T14:31:51.841+0000] {dag.py:3239} INFO - Sync 1 DAGs
[2025-09-06T14:31:51.848+0000] {logging_mixin.py:190} INFO - [2025-09-06T14:31:51.848+0000] {dag.py:4180} INFO - Setting next_dagrun for ptraj_many_atoms to None, run_after=None
[2025-09-06T14:31:51.859+0000] {processor.py:208} INFO - Processing /opt/airflow/dags/molecular_dynamics_dag2.py took 0.046 seconds
[2025-09-06T14:51:01.607+0000] {processor.py:186} INFO - Started process (PID=25023) to work on /opt/airflow/dags/molecular_dynamics_dag2.py
[2025-09-06T14:51:01.607+0000] {processor.py:914} INFO - Processing file /opt/airflow/dags/molecular_dynamics_dag2.py for tasks to queue
[2025-09-06T14:51:01.608+0000] {logging_mixin.py:190} INFO - [2025-09-06T14:51:01.608+0000] {dagbag.py:588} INFO - Filling up the DagBag from /opt/airflow/dags/molecular_dynamics_dag2.py
[2025-09-06T14:51:01.615+0000] {processor.py:925} INFO - DAG(s) 'ptraj_many_atoms' retrieved from /opt/airflow/dags/molecular_dynamics_dag2.py
[2025-09-06T14:51:01.632+0000] {logging_mixin.py:190} INFO - [2025-09-06T14:51:01.632+0000] {dag.py:3239} INFO - Sync 1 DAGs
[2025-09-06T14:51:01.640+0000] {logging_mixin.py:190} INFO - [2025-09-06T14:51:01.640+0000] {dag.py:4180} INFO - Setting next_dagrun for ptraj_many_atoms to None, run_after=None
[2025-09-06T14:51:01.649+0000] {processor.py:208} INFO - Processing /opt/airflow/dags/molecular_dynamics_dag2.py took 0.046 seconds
[2025-09-06T15:08:26.569+0000] {processor.py:186} INFO - Started process (PID=25064) to work on /opt/airflow/dags/molecular_dynamics_dag2.py
[2025-09-06T15:08:26.570+0000] {processor.py:914} INFO - Processing file /opt/airflow/dags/molecular_dynamics_dag2.py for tasks to queue
[2025-09-06T15:08:26.572+0000] {logging_mixin.py:190} INFO - [2025-09-06T15:08:26.571+0000] {dagbag.py:588} INFO - Filling up the DagBag from /opt/airflow/dags/molecular_dynamics_dag2.py
[2025-09-06T15:08:26.577+0000] {processor.py:925} INFO - DAG(s) 'ptraj_many_atoms' retrieved from /opt/airflow/dags/molecular_dynamics_dag2.py
[2025-09-06T15:08:26.591+0000] {logging_mixin.py:190} INFO - [2025-09-06T15:08:26.591+0000] {dag.py:3239} INFO - Sync 1 DAGs
[2025-09-06T15:08:26.598+0000] {logging_mixin.py:190} INFO - [2025-09-06T15:08:26.598+0000] {dag.py:4180} INFO - Setting next_dagrun for ptraj_many_atoms to None, run_after=None
[2025-09-06T15:08:26.609+0000] {processor.py:208} INFO - Processing /opt/airflow/dags/molecular_dynamics_dag2.py took 0.044 seconds
[2025-09-06T15:34:17.395+0000] {processor.py:186} INFO - Started process (PID=25109) to work on /opt/airflow/dags/molecular_dynamics_dag2.py
[2025-09-06T15:34:17.395+0000] {processor.py:914} INFO - Processing file /opt/airflow/dags/molecular_dynamics_dag2.py for tasks to queue
[2025-09-06T15:34:17.397+0000] {logging_mixin.py:190} INFO - [2025-09-06T15:34:17.397+0000] {dagbag.py:588} INFO - Filling up the DagBag from /opt/airflow/dags/molecular_dynamics_dag2.py
[2025-09-06T15:34:17.406+0000] {processor.py:925} INFO - DAG(s) 'ptraj_many_atoms' retrieved from /opt/airflow/dags/molecular_dynamics_dag2.py
[2025-09-06T15:34:17.420+0000] {logging_mixin.py:190} INFO - [2025-09-06T15:34:17.420+0000] {dag.py:3239} INFO - Sync 1 DAGs
[2025-09-06T15:34:17.427+0000] {logging_mixin.py:190} INFO - [2025-09-06T15:34:17.427+0000] {dag.py:4180} INFO - Setting next_dagrun for ptraj_many_atoms to None, run_after=None
[2025-09-06T15:34:17.439+0000] {processor.py:208} INFO - Processing /opt/airflow/dags/molecular_dynamics_dag2.py took 0.048 seconds
[2025-09-06T15:51:30.712+0000] {processor.py:186} INFO - Started process (PID=25152) to work on /opt/airflow/dags/molecular_dynamics_dag2.py
[2025-09-06T15:51:30.713+0000] {processor.py:914} INFO - Processing file /opt/airflow/dags/molecular_dynamics_dag2.py for tasks to queue
[2025-09-06T15:51:30.715+0000] {logging_mixin.py:190} INFO - [2025-09-06T15:51:30.714+0000] {dagbag.py:588} INFO - Filling up the DagBag from /opt/airflow/dags/molecular_dynamics_dag2.py
[2025-09-06T15:51:30.721+0000] {processor.py:925} INFO - DAG(s) 'ptraj_many_atoms' retrieved from /opt/airflow/dags/molecular_dynamics_dag2.py
[2025-09-06T15:51:30.737+0000] {logging_mixin.py:190} INFO - [2025-09-06T15:51:30.737+0000] {dag.py:3239} INFO - Sync 1 DAGs
[2025-09-06T15:51:30.745+0000] {logging_mixin.py:190} INFO - [2025-09-06T15:51:30.745+0000] {dag.py:4180} INFO - Setting next_dagrun for ptraj_many_atoms to None, run_after=None
[2025-09-06T15:51:30.757+0000] {processor.py:208} INFO - Processing /opt/airflow/dags/molecular_dynamics_dag2.py took 0.049 seconds
[2025-09-06T16:32:28.470+0000] {processor.py:186} INFO - Started process (PID=25195) to work on /opt/airflow/dags/molecular_dynamics_dag2.py
[2025-09-06T16:32:28.471+0000] {processor.py:914} INFO - Processing file /opt/airflow/dags/molecular_dynamics_dag2.py for tasks to queue
[2025-09-06T16:32:28.480+0000] {logging_mixin.py:190} INFO - [2025-09-06T16:32:28.480+0000] {dagbag.py:588} INFO - Filling up the DagBag from /opt/airflow/dags/molecular_dynamics_dag2.py
[2025-09-06T16:32:28.491+0000] {processor.py:925} INFO - DAG(s) 'ptraj_many_atoms' retrieved from /opt/airflow/dags/molecular_dynamics_dag2.py
[2025-09-06T16:32:28.507+0000] {logging_mixin.py:190} INFO - [2025-09-06T16:32:28.507+0000] {dag.py:3239} INFO - Sync 1 DAGs
[2025-09-06T16:32:28.514+0000] {logging_mixin.py:190} INFO - [2025-09-06T16:32:28.514+0000] {dag.py:4180} INFO - Setting next_dagrun for ptraj_many_atoms to None, run_after=None
[2025-09-06T16:32:28.524+0000] {processor.py:208} INFO - Processing /opt/airflow/dags/molecular_dynamics_dag2.py took 0.057 seconds
[2025-09-06T16:48:37.604+0000] {processor.py:186} INFO - Started process (PID=25238) to work on /opt/airflow/dags/molecular_dynamics_dag2.py
[2025-09-06T16:48:37.604+0000] {processor.py:914} INFO - Processing file /opt/airflow/dags/molecular_dynamics_dag2.py for tasks to queue
[2025-09-06T16:48:37.606+0000] {logging_mixin.py:190} INFO - [2025-09-06T16:48:37.606+0000] {dagbag.py:588} INFO - Filling up the DagBag from /opt/airflow/dags/molecular_dynamics_dag2.py
[2025-09-06T16:48:37.613+0000] {processor.py:925} INFO - DAG(s) 'ptraj_many_atoms' retrieved from /opt/airflow/dags/molecular_dynamics_dag2.py
[2025-09-06T16:48:37.628+0000] {logging_mixin.py:190} INFO - [2025-09-06T16:48:37.628+0000] {dag.py:3239} INFO - Sync 1 DAGs
[2025-09-06T16:48:37.636+0000] {logging_mixin.py:190} INFO - [2025-09-06T16:48:37.636+0000] {dag.py:4180} INFO - Setting next_dagrun for ptraj_many_atoms to None, run_after=None
[2025-09-06T16:48:37.644+0000] {processor.py:208} INFO - Processing /opt/airflow/dags/molecular_dynamics_dag2.py took 0.044 seconds
[2025-09-06T18:11:41.894+0000] {processor.py:186} INFO - Started process (PID=25281) to work on /opt/airflow/dags/molecular_dynamics_dag2.py
[2025-09-06T18:11:41.894+0000] {processor.py:914} INFO - Processing file /opt/airflow/dags/molecular_dynamics_dag2.py for tasks to queue
[2025-09-06T18:11:41.896+0000] {logging_mixin.py:190} INFO - [2025-09-06T18:11:41.896+0000] {dagbag.py:588} INFO - Filling up the DagBag from /opt/airflow/dags/molecular_dynamics_dag2.py
[2025-09-06T18:11:41.903+0000] {processor.py:925} INFO - DAG(s) 'ptraj_many_atoms' retrieved from /opt/airflow/dags/molecular_dynamics_dag2.py
[2025-09-06T18:11:41.918+0000] {logging_mixin.py:190} INFO - [2025-09-06T18:11:41.918+0000] {dag.py:3239} INFO - Sync 1 DAGs
[2025-09-06T18:11:41.925+0000] {logging_mixin.py:190} INFO - [2025-09-06T18:11:41.925+0000] {dag.py:4180} INFO - Setting next_dagrun for ptraj_many_atoms to None, run_after=None
[2025-09-06T18:11:41.937+0000] {processor.py:208} INFO - Processing /opt/airflow/dags/molecular_dynamics_dag2.py took 0.046 seconds
[2025-09-06T19:50:19.941+0000] {processor.py:186} INFO - Started process (PID=25324) to work on /opt/airflow/dags/molecular_dynamics_dag2.py
[2025-09-06T19:50:19.942+0000] {processor.py:914} INFO - Processing file /opt/airflow/dags/molecular_dynamics_dag2.py for tasks to queue
[2025-09-06T19:50:19.944+0000] {logging_mixin.py:190} INFO - [2025-09-06T19:50:19.944+0000] {dagbag.py:588} INFO - Filling up the DagBag from /opt/airflow/dags/molecular_dynamics_dag2.py
[2025-09-06T19:50:19.951+0000] {processor.py:925} INFO - DAG(s) 'ptraj_many_atoms' retrieved from /opt/airflow/dags/molecular_dynamics_dag2.py
[2025-09-06T19:50:19.966+0000] {logging_mixin.py:190} INFO - [2025-09-06T19:50:19.966+0000] {dag.py:3239} INFO - Sync 1 DAGs
[2025-09-06T19:50:19.976+0000] {logging_mixin.py:190} INFO - [2025-09-06T19:50:19.976+0000] {dag.py:4180} INFO - Setting next_dagrun for ptraj_many_atoms to None, run_after=None
[2025-09-06T19:50:19.989+0000] {processor.py:208} INFO - Processing /opt/airflow/dags/molecular_dynamics_dag2.py took 0.051 seconds
[2025-09-06T21:12:25.475+0000] {processor.py:186} INFO - Started process (PID=25367) to work on /opt/airflow/dags/molecular_dynamics_dag2.py
[2025-09-06T21:12:25.476+0000] {processor.py:914} INFO - Processing file /opt/airflow/dags/molecular_dynamics_dag2.py for tasks to queue
[2025-09-06T21:12:25.478+0000] {logging_mixin.py:190} INFO - [2025-09-06T21:12:25.477+0000] {dagbag.py:588} INFO - Filling up the DagBag from /opt/airflow/dags/molecular_dynamics_dag2.py
[2025-09-06T21:12:25.484+0000] {processor.py:925} INFO - DAG(s) 'ptraj_many_atoms' retrieved from /opt/airflow/dags/molecular_dynamics_dag2.py
[2025-09-06T21:12:25.501+0000] {logging_mixin.py:190} INFO - [2025-09-06T21:12:25.501+0000] {dag.py:3239} INFO - Sync 1 DAGs
[2025-09-06T21:12:25.509+0000] {logging_mixin.py:190} INFO - [2025-09-06T21:12:25.509+0000] {dag.py:4180} INFO - Setting next_dagrun for ptraj_many_atoms to None, run_after=None
[2025-09-06T21:12:25.522+0000] {processor.py:208} INFO - Processing /opt/airflow/dags/molecular_dynamics_dag2.py took 0.051 seconds
[2025-09-06T22:50:01.916+0000] {processor.py:186} INFO - Started process (PID=25408) to work on /opt/airflow/dags/molecular_dynamics_dag2.py
[2025-09-06T22:50:01.917+0000] {processor.py:914} INFO - Processing file /opt/airflow/dags/molecular_dynamics_dag2.py for tasks to queue
[2025-09-06T22:50:01.920+0000] {logging_mixin.py:190} INFO - [2025-09-06T22:50:01.920+0000] {dagbag.py:588} INFO - Filling up the DagBag from /opt/airflow/dags/molecular_dynamics_dag2.py
[2025-09-06T22:50:01.931+0000] {processor.py:925} INFO - DAG(s) 'ptraj_many_atoms' retrieved from /opt/airflow/dags/molecular_dynamics_dag2.py
[2025-09-06T22:50:01.951+0000] {logging_mixin.py:190} INFO - [2025-09-06T22:50:01.950+0000] {dag.py:3239} INFO - Sync 1 DAGs
[2025-09-06T22:50:01.960+0000] {logging_mixin.py:190} INFO - [2025-09-06T22:50:01.959+0000] {dag.py:4180} INFO - Setting next_dagrun for ptraj_many_atoms to None, run_after=None
[2025-09-06T22:50:01.972+0000] {processor.py:208} INFO - Processing /opt/airflow/dags/molecular_dynamics_dag2.py took 0.059 seconds
[2025-09-06T23:04:10.723+0000] {processor.py:186} INFO - Started process (PID=25453) to work on /opt/airflow/dags/molecular_dynamics_dag2.py
[2025-09-06T23:04:10.724+0000] {processor.py:914} INFO - Processing file /opt/airflow/dags/molecular_dynamics_dag2.py for tasks to queue
[2025-09-06T23:04:10.726+0000] {logging_mixin.py:190} INFO - [2025-09-06T23:04:10.726+0000] {dagbag.py:588} INFO - Filling up the DagBag from /opt/airflow/dags/molecular_dynamics_dag2.py
[2025-09-06T23:04:10.732+0000] {processor.py:925} INFO - DAG(s) 'ptraj_many_atoms' retrieved from /opt/airflow/dags/molecular_dynamics_dag2.py
[2025-09-06T23:04:10.753+0000] {logging_mixin.py:190} INFO - [2025-09-06T23:04:10.753+0000] {dag.py:3239} INFO - Sync 1 DAGs
[2025-09-06T23:04:10.761+0000] {logging_mixin.py:190} INFO - [2025-09-06T23:04:10.761+0000] {dag.py:4180} INFO - Setting next_dagrun for ptraj_many_atoms to None, run_after=None
[2025-09-06T23:04:10.773+0000] {processor.py:208} INFO - Processing /opt/airflow/dags/molecular_dynamics_dag2.py took 0.053 seconds
[2025-09-06T23:37:27.908+0000] {processor.py:186} INFO - Started process (PID=25496) to work on /opt/airflow/dags/molecular_dynamics_dag2.py
[2025-09-06T23:37:27.909+0000] {processor.py:914} INFO - Processing file /opt/airflow/dags/molecular_dynamics_dag2.py for tasks to queue
[2025-09-06T23:37:27.912+0000] {logging_mixin.py:190} INFO - [2025-09-06T23:37:27.912+0000] {dagbag.py:588} INFO - Filling up the DagBag from /opt/airflow/dags/molecular_dynamics_dag2.py
[2025-09-06T23:37:27.920+0000] {processor.py:925} INFO - DAG(s) 'ptraj_many_atoms' retrieved from /opt/airflow/dags/molecular_dynamics_dag2.py
[2025-09-06T23:37:27.944+0000] {logging_mixin.py:190} INFO - [2025-09-06T23:37:27.944+0000] {dag.py:3239} INFO - Sync 1 DAGs
[2025-09-06T23:37:27.960+0000] {logging_mixin.py:190} INFO - [2025-09-06T23:37:27.960+0000] {dag.py:4180} INFO - Setting next_dagrun for ptraj_many_atoms to None, run_after=None
[2025-09-06T23:37:27.978+0000] {processor.py:208} INFO - Processing /opt/airflow/dags/molecular_dynamics_dag2.py took 0.074 seconds
