[2025-09-06T00:28:23.542+0000] {processor.py:186} INFO - Started process (PID=23943) to work on /opt/airflow/dags/molecular_dynamics_dag4.py
[2025-09-06T00:28:23.543+0000] {processor.py:914} INFO - Processing file /opt/airflow/dags/molecular_dynamics_dag4.py for tasks to queue
[2025-09-06T00:28:23.545+0000] {logging_mixin.py:190} INFO - [2025-09-06T00:28:23.544+0000] {dagbag.py:588} INFO - Filling up the DagBag from /opt/airflow/dags/molecular_dynamics_dag4.py
[2025-09-06T00:28:23.551+0000] {processor.py:925} INFO - DAG(s) 'ptraj_big_length_many_atoms' retrieved from /opt/airflow/dags/molecular_dynamics_dag4.py
[2025-09-06T00:28:23.568+0000] {logging_mixin.py:190} INFO - [2025-09-06T00:28:23.568+0000] {dag.py:3239} INFO - Sync 1 DAGs
[2025-09-06T00:28:23.576+0000] {logging_mixin.py:190} INFO - [2025-09-06T00:28:23.576+0000] {dag.py:4180} INFO - Setting next_dagrun for ptraj_big_length_many_atoms to None, run_after=None
[2025-09-06T00:28:23.588+0000] {processor.py:208} INFO - Processing /opt/airflow/dags/molecular_dynamics_dag4.py took 0.050 seconds
[2025-09-06T01:30:50.460+0000] {processor.py:186} INFO - Started process (PID=23986) to work on /opt/airflow/dags/molecular_dynamics_dag4.py
[2025-09-06T01:30:50.460+0000] {processor.py:914} INFO - Processing file /opt/airflow/dags/molecular_dynamics_dag4.py for tasks to queue
[2025-09-06T01:30:50.462+0000] {logging_mixin.py:190} INFO - [2025-09-06T01:30:50.462+0000] {dagbag.py:588} INFO - Filling up the DagBag from /opt/airflow/dags/molecular_dynamics_dag4.py
[2025-09-06T01:30:50.470+0000] {processor.py:925} INFO - DAG(s) 'ptraj_big_length_many_atoms' retrieved from /opt/airflow/dags/molecular_dynamics_dag4.py
[2025-09-06T01:30:50.489+0000] {logging_mixin.py:190} INFO - [2025-09-06T01:30:50.489+0000] {dag.py:3239} INFO - Sync 1 DAGs
[2025-09-06T01:30:50.497+0000] {logging_mixin.py:190} INFO - [2025-09-06T01:30:50.497+0000] {dag.py:4180} INFO - Setting next_dagrun for ptraj_big_length_many_atoms to None, run_after=None
[2025-09-06T01:30:50.509+0000] {processor.py:208} INFO - Processing /opt/airflow/dags/molecular_dynamics_dag4.py took 0.053 seconds
[2025-09-06T01:31:21.528+0000] {processor.py:186} INFO - Started process (PID=24029) to work on /opt/airflow/dags/molecular_dynamics_dag4.py
[2025-09-06T01:31:21.529+0000] {processor.py:914} INFO - Processing file /opt/airflow/dags/molecular_dynamics_dag4.py for tasks to queue
[2025-09-06T01:31:21.530+0000] {logging_mixin.py:190} INFO - [2025-09-06T01:31:21.530+0000] {dagbag.py:588} INFO - Filling up the DagBag from /opt/airflow/dags/molecular_dynamics_dag4.py
[2025-09-06T01:31:21.535+0000] {processor.py:925} INFO - DAG(s) 'ptraj_big_length_many_atoms' retrieved from /opt/airflow/dags/molecular_dynamics_dag4.py
[2025-09-06T01:31:21.550+0000] {logging_mixin.py:190} INFO - [2025-09-06T01:31:21.550+0000] {dag.py:3239} INFO - Sync 1 DAGs
[2025-09-06T01:31:21.556+0000] {logging_mixin.py:190} INFO - [2025-09-06T01:31:21.556+0000] {dag.py:4180} INFO - Setting next_dagrun for ptraj_big_length_many_atoms to None, run_after=None
[2025-09-06T01:31:21.564+0000] {processor.py:208} INFO - Processing /opt/airflow/dags/molecular_dynamics_dag4.py took 0.039 seconds
[2025-09-06T02:52:18.735+0000] {processor.py:186} INFO - Started process (PID=24072) to work on /opt/airflow/dags/molecular_dynamics_dag4.py
[2025-09-06T02:52:18.736+0000] {processor.py:914} INFO - Processing file /opt/airflow/dags/molecular_dynamics_dag4.py for tasks to queue
[2025-09-06T02:52:18.738+0000] {logging_mixin.py:190} INFO - [2025-09-06T02:52:18.738+0000] {dagbag.py:588} INFO - Filling up the DagBag from /opt/airflow/dags/molecular_dynamics_dag4.py
[2025-09-06T02:52:18.745+0000] {processor.py:925} INFO - DAG(s) 'ptraj_big_length_many_atoms' retrieved from /opt/airflow/dags/molecular_dynamics_dag4.py
[2025-09-06T02:52:18.765+0000] {logging_mixin.py:190} INFO - [2025-09-06T02:52:18.765+0000] {dag.py:3239} INFO - Sync 1 DAGs
[2025-09-06T02:52:18.774+0000] {logging_mixin.py:190} INFO - [2025-09-06T02:52:18.774+0000] {dag.py:4180} INFO - Setting next_dagrun for ptraj_big_length_many_atoms to None, run_after=None
[2025-09-06T02:52:18.786+0000] {processor.py:208} INFO - Processing /opt/airflow/dags/molecular_dynamics_dag4.py took 0.056 seconds
[2025-09-06T03:31:57.493+0000] {processor.py:186} INFO - Started process (PID=24115) to work on /opt/airflow/dags/molecular_dynamics_dag4.py
[2025-09-06T03:31:57.494+0000] {processor.py:914} INFO - Processing file /opt/airflow/dags/molecular_dynamics_dag4.py for tasks to queue
[2025-09-06T03:31:57.495+0000] {logging_mixin.py:190} INFO - [2025-09-06T03:31:57.495+0000] {dagbag.py:588} INFO - Filling up the DagBag from /opt/airflow/dags/molecular_dynamics_dag4.py
[2025-09-06T03:31:57.502+0000] {processor.py:925} INFO - DAG(s) 'ptraj_big_length_many_atoms' retrieved from /opt/airflow/dags/molecular_dynamics_dag4.py
[2025-09-06T03:31:57.523+0000] {logging_mixin.py:190} INFO - [2025-09-06T03:31:57.523+0000] {dag.py:3239} INFO - Sync 1 DAGs
[2025-09-06T03:31:57.532+0000] {logging_mixin.py:190} INFO - [2025-09-06T03:31:57.532+0000] {dag.py:4180} INFO - Setting next_dagrun for ptraj_big_length_many_atoms to None, run_after=None
[2025-09-06T03:31:57.545+0000] {processor.py:208} INFO - Processing /opt/airflow/dags/molecular_dynamics_dag4.py took 0.055 seconds
[2025-09-06T03:50:15.952+0000] {processor.py:186} INFO - Started process (PID=24158) to work on /opt/airflow/dags/molecular_dynamics_dag4.py
[2025-09-06T03:50:15.952+0000] {processor.py:914} INFO - Processing file /opt/airflow/dags/molecular_dynamics_dag4.py for tasks to queue
[2025-09-06T03:50:15.953+0000] {logging_mixin.py:190} INFO - [2025-09-06T03:50:15.953+0000] {dagbag.py:588} INFO - Filling up the DagBag from /opt/airflow/dags/molecular_dynamics_dag4.py
[2025-09-06T03:50:15.959+0000] {processor.py:925} INFO - DAG(s) 'ptraj_big_length_many_atoms' retrieved from /opt/airflow/dags/molecular_dynamics_dag4.py
[2025-09-06T03:50:15.973+0000] {logging_mixin.py:190} INFO - [2025-09-06T03:50:15.972+0000] {dag.py:3239} INFO - Sync 1 DAGs
[2025-09-06T03:50:15.979+0000] {logging_mixin.py:190} INFO - [2025-09-06T03:50:15.979+0000] {dag.py:4180} INFO - Setting next_dagrun for ptraj_big_length_many_atoms to None, run_after=None
[2025-09-06T03:50:15.987+0000] {processor.py:208} INFO - Processing /opt/airflow/dags/molecular_dynamics_dag4.py took 0.039 seconds
[2025-09-06T04:32:55.041+0000] {processor.py:186} INFO - Started process (PID=24199) to work on /opt/airflow/dags/molecular_dynamics_dag4.py
[2025-09-06T04:32:55.041+0000] {processor.py:914} INFO - Processing file /opt/airflow/dags/molecular_dynamics_dag4.py for tasks to queue
[2025-09-06T04:32:55.043+0000] {logging_mixin.py:190} INFO - [2025-09-06T04:32:55.043+0000] {dagbag.py:588} INFO - Filling up the DagBag from /opt/airflow/dags/molecular_dynamics_dag4.py
[2025-09-06T04:32:55.052+0000] {processor.py:925} INFO - DAG(s) 'ptraj_big_length_many_atoms' retrieved from /opt/airflow/dags/molecular_dynamics_dag4.py
[2025-09-06T04:32:55.067+0000] {logging_mixin.py:190} INFO - [2025-09-06T04:32:55.067+0000] {dag.py:3239} INFO - Sync 1 DAGs
[2025-09-06T04:32:55.076+0000] {logging_mixin.py:190} INFO - [2025-09-06T04:32:55.076+0000] {dag.py:4180} INFO - Setting next_dagrun for ptraj_big_length_many_atoms to None, run_after=None
[2025-09-06T04:32:55.086+0000] {processor.py:208} INFO - Processing /opt/airflow/dags/molecular_dynamics_dag4.py took 0.050 seconds
[2025-09-06T04:33:25.636+0000] {processor.py:186} INFO - Started process (PID=24244) to work on /opt/airflow/dags/molecular_dynamics_dag4.py
[2025-09-06T04:33:25.637+0000] {processor.py:914} INFO - Processing file /opt/airflow/dags/molecular_dynamics_dag4.py for tasks to queue
[2025-09-06T04:33:25.638+0000] {logging_mixin.py:190} INFO - [2025-09-06T04:33:25.638+0000] {dagbag.py:588} INFO - Filling up the DagBag from /opt/airflow/dags/molecular_dynamics_dag4.py
[2025-09-06T04:33:25.643+0000] {processor.py:925} INFO - DAG(s) 'ptraj_big_length_many_atoms' retrieved from /opt/airflow/dags/molecular_dynamics_dag4.py
[2025-09-06T04:33:25.657+0000] {logging_mixin.py:190} INFO - [2025-09-06T04:33:25.657+0000] {dag.py:3239} INFO - Sync 1 DAGs
[2025-09-06T04:33:25.663+0000] {logging_mixin.py:190} INFO - [2025-09-06T04:33:25.663+0000] {dag.py:4180} INFO - Setting next_dagrun for ptraj_big_length_many_atoms to None, run_after=None
[2025-09-06T04:33:25.671+0000] {processor.py:208} INFO - Processing /opt/airflow/dags/molecular_dynamics_dag4.py took 0.038 seconds
[2025-09-06T05:33:53.396+0000] {processor.py:186} INFO - Started process (PID=24287) to work on /opt/airflow/dags/molecular_dynamics_dag4.py
[2025-09-06T05:33:53.397+0000] {processor.py:914} INFO - Processing file /opt/airflow/dags/molecular_dynamics_dag4.py for tasks to queue
[2025-09-06T05:33:53.398+0000] {logging_mixin.py:190} INFO - [2025-09-06T05:33:53.398+0000] {dagbag.py:588} INFO - Filling up the DagBag from /opt/airflow/dags/molecular_dynamics_dag4.py
[2025-09-06T05:33:53.408+0000] {processor.py:925} INFO - DAG(s) 'ptraj_big_length_many_atoms' retrieved from /opt/airflow/dags/molecular_dynamics_dag4.py
[2025-09-06T05:33:53.427+0000] {logging_mixin.py:190} INFO - [2025-09-06T05:33:53.427+0000] {dag.py:3239} INFO - Sync 1 DAGs
[2025-09-06T05:33:53.436+0000] {logging_mixin.py:190} INFO - [2025-09-06T05:33:53.436+0000] {dag.py:4180} INFO - Setting next_dagrun for ptraj_big_length_many_atoms to None, run_after=None
[2025-09-06T05:33:53.449+0000] {processor.py:208} INFO - Processing /opt/airflow/dags/molecular_dynamics_dag4.py took 0.057 seconds
[2025-09-06T05:34:24.596+0000] {processor.py:186} INFO - Started process (PID=24330) to work on /opt/airflow/dags/molecular_dynamics_dag4.py
[2025-09-06T05:34:24.597+0000] {processor.py:914} INFO - Processing file /opt/airflow/dags/molecular_dynamics_dag4.py for tasks to queue
[2025-09-06T05:34:24.598+0000] {logging_mixin.py:190} INFO - [2025-09-06T05:34:24.598+0000] {dagbag.py:588} INFO - Filling up the DagBag from /opt/airflow/dags/molecular_dynamics_dag4.py
[2025-09-06T05:34:24.603+0000] {processor.py:925} INFO - DAG(s) 'ptraj_big_length_many_atoms' retrieved from /opt/airflow/dags/molecular_dynamics_dag4.py
[2025-09-06T05:34:24.616+0000] {logging_mixin.py:190} INFO - [2025-09-06T05:34:24.616+0000] {dag.py:3239} INFO - Sync 1 DAGs
[2025-09-06T05:34:24.623+0000] {logging_mixin.py:190} INFO - [2025-09-06T05:34:24.622+0000] {dag.py:4180} INFO - Setting next_dagrun for ptraj_big_length_many_atoms to None, run_after=None
[2025-09-06T05:34:24.630+0000] {processor.py:208} INFO - Processing /opt/airflow/dags/molecular_dynamics_dag4.py took 0.037 seconds
[2025-09-06T06:34:50.684+0000] {processor.py:186} INFO - Started process (PID=24373) to work on /opt/airflow/dags/molecular_dynamics_dag4.py
[2025-09-06T06:34:50.684+0000] {processor.py:914} INFO - Processing file /opt/airflow/dags/molecular_dynamics_dag4.py for tasks to queue
[2025-09-06T06:34:50.686+0000] {logging_mixin.py:190} INFO - [2025-09-06T06:34:50.685+0000] {dagbag.py:588} INFO - Filling up the DagBag from /opt/airflow/dags/molecular_dynamics_dag4.py
[2025-09-06T06:34:50.691+0000] {processor.py:925} INFO - DAG(s) 'ptraj_big_length_many_atoms' retrieved from /opt/airflow/dags/molecular_dynamics_dag4.py
[2025-09-06T06:34:50.705+0000] {logging_mixin.py:190} INFO - [2025-09-06T06:34:50.705+0000] {dag.py:3239} INFO - Sync 1 DAGs
[2025-09-06T06:34:50.712+0000] {logging_mixin.py:190} INFO - [2025-09-06T06:34:50.712+0000] {dag.py:4180} INFO - Setting next_dagrun for ptraj_big_length_many_atoms to None, run_after=None
[2025-09-06T06:34:50.720+0000] {processor.py:208} INFO - Processing /opt/airflow/dags/molecular_dynamics_dag4.py took 0.040 seconds
[2025-09-06T06:35:21.449+0000] {processor.py:186} INFO - Started process (PID=24416) to work on /opt/airflow/dags/molecular_dynamics_dag4.py
[2025-09-06T06:35:21.450+0000] {processor.py:914} INFO - Processing file /opt/airflow/dags/molecular_dynamics_dag4.py for tasks to queue
[2025-09-06T06:35:21.451+0000] {logging_mixin.py:190} INFO - [2025-09-06T06:35:21.451+0000] {dagbag.py:588} INFO - Filling up the DagBag from /opt/airflow/dags/molecular_dynamics_dag4.py
[2025-09-06T06:35:21.456+0000] {processor.py:925} INFO - DAG(s) 'ptraj_big_length_many_atoms' retrieved from /opt/airflow/dags/molecular_dynamics_dag4.py
[2025-09-06T06:35:21.470+0000] {logging_mixin.py:190} INFO - [2025-09-06T06:35:21.470+0000] {dag.py:3239} INFO - Sync 1 DAGs
[2025-09-06T06:35:21.476+0000] {logging_mixin.py:190} INFO - [2025-09-06T06:35:21.476+0000] {dag.py:4180} INFO - Setting next_dagrun for ptraj_big_length_many_atoms to None, run_after=None
[2025-09-06T06:35:21.484+0000] {processor.py:208} INFO - Processing /opt/airflow/dags/molecular_dynamics_dag4.py took 0.038 seconds
[2025-09-06T06:38:03.585+0000] {processor.py:186} INFO - Started process (PID=24459) to work on /opt/airflow/dags/molecular_dynamics_dag4.py
[2025-09-06T06:38:03.585+0000] {processor.py:914} INFO - Processing file /opt/airflow/dags/molecular_dynamics_dag4.py for tasks to queue
[2025-09-06T06:38:03.587+0000] {logging_mixin.py:190} INFO - [2025-09-06T06:38:03.587+0000] {dagbag.py:588} INFO - Filling up the DagBag from /opt/airflow/dags/molecular_dynamics_dag4.py
[2025-09-06T06:38:03.593+0000] {processor.py:925} INFO - DAG(s) 'ptraj_big_length_many_atoms' retrieved from /opt/airflow/dags/molecular_dynamics_dag4.py
[2025-09-06T06:38:03.606+0000] {logging_mixin.py:190} INFO - [2025-09-06T06:38:03.606+0000] {dag.py:3239} INFO - Sync 1 DAGs
[2025-09-06T06:38:03.613+0000] {logging_mixin.py:190} INFO - [2025-09-06T06:38:03.613+0000] {dag.py:4180} INFO - Setting next_dagrun for ptraj_big_length_many_atoms to None, run_after=None
[2025-09-06T06:38:03.621+0000] {processor.py:208} INFO - Processing /opt/airflow/dags/molecular_dynamics_dag4.py took 0.040 seconds
[2025-09-06T06:54:58.076+0000] {processor.py:186} INFO - Started process (PID=24502) to work on /opt/airflow/dags/molecular_dynamics_dag4.py
[2025-09-06T06:54:58.077+0000] {processor.py:914} INFO - Processing file /opt/airflow/dags/molecular_dynamics_dag4.py for tasks to queue
[2025-09-06T06:54:58.078+0000] {logging_mixin.py:190} INFO - [2025-09-06T06:54:58.078+0000] {dagbag.py:588} INFO - Filling up the DagBag from /opt/airflow/dags/molecular_dynamics_dag4.py
[2025-09-06T06:54:58.084+0000] {processor.py:925} INFO - DAG(s) 'ptraj_big_length_many_atoms' retrieved from /opt/airflow/dags/molecular_dynamics_dag4.py
[2025-09-06T06:54:58.098+0000] {logging_mixin.py:190} INFO - [2025-09-06T06:54:58.098+0000] {dag.py:3239} INFO - Sync 1 DAGs
[2025-09-06T06:54:58.189+0000] {logging_mixin.py:190} INFO - [2025-09-06T06:54:58.189+0000] {dag.py:4180} INFO - Setting next_dagrun for ptraj_big_length_many_atoms to None, run_after=None
[2025-09-06T06:54:58.197+0000] {processor.py:208} INFO - Processing /opt/airflow/dags/molecular_dynamics_dag4.py took 0.124 seconds
[2025-09-06T07:36:01.197+0000] {processor.py:186} INFO - Started process (PID=24545) to work on /opt/airflow/dags/molecular_dynamics_dag4.py
[2025-09-06T07:36:01.198+0000] {processor.py:914} INFO - Processing file /opt/airflow/dags/molecular_dynamics_dag4.py for tasks to queue
[2025-09-06T07:36:01.199+0000] {logging_mixin.py:190} INFO - [2025-09-06T07:36:01.199+0000] {dagbag.py:588} INFO - Filling up the DagBag from /opt/airflow/dags/molecular_dynamics_dag4.py
[2025-09-06T07:36:01.283+0000] {processor.py:925} INFO - DAG(s) 'ptraj_big_length_many_atoms' retrieved from /opt/airflow/dags/molecular_dynamics_dag4.py
[2025-09-06T07:36:01.294+0000] {logging_mixin.py:190} INFO - [2025-09-06T07:36:01.294+0000] {dag.py:3239} INFO - Sync 1 DAGs
[2025-09-06T07:36:01.299+0000] {logging_mixin.py:190} INFO - [2025-09-06T07:36:01.299+0000] {dag.py:4180} INFO - Setting next_dagrun for ptraj_big_length_many_atoms to None, run_after=None
[2025-09-06T07:36:01.306+0000] {processor.py:208} INFO - Processing /opt/airflow/dags/molecular_dynamics_dag4.py took 0.112 seconds
[2025-09-06T07:53:03.574+0000] {processor.py:186} INFO - Started process (PID=24588) to work on /opt/airflow/dags/molecular_dynamics_dag4.py
[2025-09-06T07:53:03.575+0000] {processor.py:914} INFO - Processing file /opt/airflow/dags/molecular_dynamics_dag4.py for tasks to queue
[2025-09-06T07:53:03.577+0000] {logging_mixin.py:190} INFO - [2025-09-06T07:53:03.576+0000] {dagbag.py:588} INFO - Filling up the DagBag from /opt/airflow/dags/molecular_dynamics_dag4.py
[2025-09-06T07:53:03.583+0000] {processor.py:925} INFO - DAG(s) 'ptraj_big_length_many_atoms' retrieved from /opt/airflow/dags/molecular_dynamics_dag4.py
[2025-09-06T07:53:03.599+0000] {logging_mixin.py:190} INFO - [2025-09-06T07:53:03.599+0000] {dag.py:3239} INFO - Sync 1 DAGs
[2025-09-06T07:53:03.607+0000] {logging_mixin.py:190} INFO - [2025-09-06T07:53:03.606+0000] {dag.py:4180} INFO - Setting next_dagrun for ptraj_big_length_many_atoms to None, run_after=None
[2025-09-06T07:53:03.614+0000] {processor.py:208} INFO - Processing /opt/airflow/dags/molecular_dynamics_dag4.py took 0.044 seconds
[2025-09-06T08:36:59.639+0000] {processor.py:186} INFO - Started process (PID=24631) to work on /opt/airflow/dags/molecular_dynamics_dag4.py
[2025-09-06T08:36:59.640+0000] {processor.py:914} INFO - Processing file /opt/airflow/dags/molecular_dynamics_dag4.py for tasks to queue
[2025-09-06T08:36:59.641+0000] {logging_mixin.py:190} INFO - [2025-09-06T08:36:59.641+0000] {dagbag.py:588} INFO - Filling up the DagBag from /opt/airflow/dags/molecular_dynamics_dag4.py
[2025-09-06T08:36:59.647+0000] {processor.py:925} INFO - DAG(s) 'ptraj_big_length_many_atoms' retrieved from /opt/airflow/dags/molecular_dynamics_dag4.py
[2025-09-06T08:36:59.660+0000] {logging_mixin.py:190} INFO - [2025-09-06T08:36:59.660+0000] {dag.py:3239} INFO - Sync 1 DAGs
[2025-09-06T08:36:59.666+0000] {logging_mixin.py:190} INFO - [2025-09-06T08:36:59.666+0000] {dag.py:4180} INFO - Setting next_dagrun for ptraj_big_length_many_atoms to None, run_after=None
[2025-09-06T08:36:59.674+0000] {processor.py:208} INFO - Processing /opt/airflow/dags/molecular_dynamics_dag4.py took 0.037 seconds
[2025-09-06T08:37:31.030+0000] {processor.py:186} INFO - Started process (PID=24674) to work on /opt/airflow/dags/molecular_dynamics_dag4.py
[2025-09-06T08:37:31.031+0000] {processor.py:914} INFO - Processing file /opt/airflow/dags/molecular_dynamics_dag4.py for tasks to queue
[2025-09-06T08:37:31.032+0000] {logging_mixin.py:190} INFO - [2025-09-06T08:37:31.032+0000] {dagbag.py:588} INFO - Filling up the DagBag from /opt/airflow/dags/molecular_dynamics_dag4.py
[2025-09-06T08:37:31.038+0000] {processor.py:925} INFO - DAG(s) 'ptraj_big_length_many_atoms' retrieved from /opt/airflow/dags/molecular_dynamics_dag4.py
[2025-09-06T08:37:31.052+0000] {logging_mixin.py:190} INFO - [2025-09-06T08:37:31.052+0000] {dag.py:3239} INFO - Sync 1 DAGs
[2025-09-06T08:37:31.058+0000] {logging_mixin.py:190} INFO - [2025-09-06T08:37:31.058+0000] {dag.py:4180} INFO - Setting next_dagrun for ptraj_big_length_many_atoms to None, run_after=None
[2025-09-06T08:37:31.066+0000] {processor.py:208} INFO - Processing /opt/airflow/dags/molecular_dynamics_dag4.py took 0.039 seconds
[2025-09-06T09:37:57.136+0000] {processor.py:186} INFO - Started process (PID=24717) to work on /opt/airflow/dags/molecular_dynamics_dag4.py
[2025-09-06T09:37:57.137+0000] {processor.py:914} INFO - Processing file /opt/airflow/dags/molecular_dynamics_dag4.py for tasks to queue
[2025-09-06T09:37:57.139+0000] {logging_mixin.py:190} INFO - [2025-09-06T09:37:57.138+0000] {dagbag.py:588} INFO - Filling up the DagBag from /opt/airflow/dags/molecular_dynamics_dag4.py
[2025-09-06T09:37:57.145+0000] {processor.py:925} INFO - DAG(s) 'ptraj_big_length_many_atoms' retrieved from /opt/airflow/dags/molecular_dynamics_dag4.py
[2025-09-06T09:37:57.160+0000] {logging_mixin.py:190} INFO - [2025-09-06T09:37:57.159+0000] {dag.py:3239} INFO - Sync 1 DAGs
[2025-09-06T09:37:57.167+0000] {logging_mixin.py:190} INFO - [2025-09-06T09:37:57.167+0000] {dag.py:4180} INFO - Setting next_dagrun for ptraj_big_length_many_atoms to None, run_after=None
[2025-09-06T09:37:57.175+0000] {processor.py:208} INFO - Processing /opt/airflow/dags/molecular_dynamics_dag4.py took 0.046 seconds
[2025-09-06T10:38:55.749+0000] {processor.py:186} INFO - Started process (PID=24758) to work on /opt/airflow/dags/molecular_dynamics_dag4.py
[2025-09-06T10:38:55.751+0000] {processor.py:914} INFO - Processing file /opt/airflow/dags/molecular_dynamics_dag4.py for tasks to queue
[2025-09-06T10:38:55.752+0000] {logging_mixin.py:190} INFO - [2025-09-06T10:38:55.752+0000] {dagbag.py:588} INFO - Filling up the DagBag from /opt/airflow/dags/molecular_dynamics_dag4.py
[2025-09-06T10:38:55.761+0000] {processor.py:925} INFO - DAG(s) 'ptraj_big_length_many_atoms' retrieved from /opt/airflow/dags/molecular_dynamics_dag4.py
[2025-09-06T10:38:55.776+0000] {logging_mixin.py:190} INFO - [2025-09-06T10:38:55.776+0000] {dag.py:3239} INFO - Sync 1 DAGs
[2025-09-06T10:38:55.783+0000] {logging_mixin.py:190} INFO - [2025-09-06T10:38:55.783+0000] {dag.py:4180} INFO - Setting next_dagrun for ptraj_big_length_many_atoms to None, run_after=None
[2025-09-06T10:38:55.794+0000] {processor.py:208} INFO - Processing /opt/airflow/dags/molecular_dynamics_dag4.py took 0.049 seconds
[2025-09-06T10:39:26.795+0000] {processor.py:186} INFO - Started process (PID=24803) to work on /opt/airflow/dags/molecular_dynamics_dag4.py
[2025-09-06T10:39:26.796+0000] {processor.py:914} INFO - Processing file /opt/airflow/dags/molecular_dynamics_dag4.py for tasks to queue
[2025-09-06T10:39:26.797+0000] {logging_mixin.py:190} INFO - [2025-09-06T10:39:26.797+0000] {dagbag.py:588} INFO - Filling up the DagBag from /opt/airflow/dags/molecular_dynamics_dag4.py
[2025-09-06T10:39:26.802+0000] {processor.py:925} INFO - DAG(s) 'ptraj_big_length_many_atoms' retrieved from /opt/airflow/dags/molecular_dynamics_dag4.py
[2025-09-06T10:39:26.815+0000] {logging_mixin.py:190} INFO - [2025-09-06T10:39:26.815+0000] {dag.py:3239} INFO - Sync 1 DAGs
[2025-09-06T10:39:26.822+0000] {logging_mixin.py:190} INFO - [2025-09-06T10:39:26.822+0000] {dag.py:4180} INFO - Setting next_dagrun for ptraj_big_length_many_atoms to None, run_after=None
[2025-09-06T10:39:26.829+0000] {processor.py:208} INFO - Processing /opt/airflow/dags/molecular_dynamics_dag4.py took 0.038 seconds
[2025-09-06T12:04:59.738+0000] {processor.py:186} INFO - Started process (PID=24846) to work on /opt/airflow/dags/molecular_dynamics_dag4.py
[2025-09-06T12:04:59.739+0000] {processor.py:914} INFO - Processing file /opt/airflow/dags/molecular_dynamics_dag4.py for tasks to queue
[2025-09-06T12:04:59.740+0000] {logging_mixin.py:190} INFO - [2025-09-06T12:04:59.740+0000] {dagbag.py:588} INFO - Filling up the DagBag from /opt/airflow/dags/molecular_dynamics_dag4.py
[2025-09-06T12:04:59.747+0000] {processor.py:925} INFO - DAG(s) 'ptraj_big_length_many_atoms' retrieved from /opt/airflow/dags/molecular_dynamics_dag4.py
[2025-09-06T12:04:59.764+0000] {logging_mixin.py:190} INFO - [2025-09-06T12:04:59.764+0000] {dag.py:3239} INFO - Sync 1 DAGs
[2025-09-06T12:04:59.772+0000] {logging_mixin.py:190} INFO - [2025-09-06T12:04:59.772+0000] {dag.py:4180} INFO - Setting next_dagrun for ptraj_big_length_many_atoms to None, run_after=None
[2025-09-06T12:04:59.780+0000] {processor.py:208} INFO - Processing /opt/airflow/dags/molecular_dynamics_dag4.py took 0.046 seconds
[2025-09-06T13:28:16.208+0000] {processor.py:186} INFO - Started process (PID=24887) to work on /opt/airflow/dags/molecular_dynamics_dag4.py
[2025-09-06T13:28:16.209+0000] {processor.py:914} INFO - Processing file /opt/airflow/dags/molecular_dynamics_dag4.py for tasks to queue
[2025-09-06T13:28:16.211+0000] {logging_mixin.py:190} INFO - [2025-09-06T13:28:16.211+0000] {dagbag.py:588} INFO - Filling up the DagBag from /opt/airflow/dags/molecular_dynamics_dag4.py
[2025-09-06T13:28:16.219+0000] {processor.py:925} INFO - DAG(s) 'ptraj_big_length_many_atoms' retrieved from /opt/airflow/dags/molecular_dynamics_dag4.py
[2025-09-06T13:28:16.236+0000] {logging_mixin.py:190} INFO - [2025-09-06T13:28:16.235+0000] {dag.py:3239} INFO - Sync 1 DAGs
[2025-09-06T13:28:16.244+0000] {logging_mixin.py:190} INFO - [2025-09-06T13:28:16.244+0000] {dag.py:4180} INFO - Setting next_dagrun for ptraj_big_length_many_atoms to None, run_after=None
[2025-09-06T13:28:16.256+0000] {processor.py:208} INFO - Processing /opt/airflow/dags/molecular_dynamics_dag4.py took 0.051 seconds
[2025-09-06T14:31:21.177+0000] {processor.py:186} INFO - Started process (PID=24930) to work on /opt/airflow/dags/molecular_dynamics_dag4.py
[2025-09-06T14:31:21.180+0000] {processor.py:914} INFO - Processing file /opt/airflow/dags/molecular_dynamics_dag4.py for tasks to queue
[2025-09-06T14:31:21.182+0000] {logging_mixin.py:190} INFO - [2025-09-06T14:31:21.181+0000] {dagbag.py:588} INFO - Filling up the DagBag from /opt/airflow/dags/molecular_dynamics_dag4.py
[2025-09-06T14:31:21.189+0000] {processor.py:925} INFO - DAG(s) 'ptraj_big_length_many_atoms' retrieved from /opt/airflow/dags/molecular_dynamics_dag4.py
[2025-09-06T14:31:21.210+0000] {logging_mixin.py:190} INFO - [2025-09-06T14:31:21.210+0000] {dag.py:3239} INFO - Sync 1 DAGs
[2025-09-06T14:31:21.220+0000] {logging_mixin.py:190} INFO - [2025-09-06T14:31:21.220+0000] {dag.py:4180} INFO - Setting next_dagrun for ptraj_big_length_many_atoms to None, run_after=None
[2025-09-06T14:31:21.229+0000] {processor.py:208} INFO - Processing /opt/airflow/dags/molecular_dynamics_dag4.py took 0.057 seconds
[2025-09-06T14:31:51.765+0000] {processor.py:186} INFO - Started process (PID=24975) to work on /opt/airflow/dags/molecular_dynamics_dag4.py
[2025-09-06T14:31:51.766+0000] {processor.py:914} INFO - Processing file /opt/airflow/dags/molecular_dynamics_dag4.py for tasks to queue
[2025-09-06T14:31:51.767+0000] {logging_mixin.py:190} INFO - [2025-09-06T14:31:51.767+0000] {dagbag.py:588} INFO - Filling up the DagBag from /opt/airflow/dags/molecular_dynamics_dag4.py
[2025-09-06T14:31:51.773+0000] {processor.py:925} INFO - DAG(s) 'ptraj_big_length_many_atoms' retrieved from /opt/airflow/dags/molecular_dynamics_dag4.py
[2025-09-06T14:31:51.787+0000] {logging_mixin.py:190} INFO - [2025-09-06T14:31:51.787+0000] {dag.py:3239} INFO - Sync 1 DAGs
[2025-09-06T14:31:51.793+0000] {logging_mixin.py:190} INFO - [2025-09-06T14:31:51.793+0000] {dag.py:4180} INFO - Setting next_dagrun for ptraj_big_length_many_atoms to None, run_after=None
[2025-09-06T14:31:51.801+0000] {processor.py:208} INFO - Processing /opt/airflow/dags/molecular_dynamics_dag4.py took 0.039 seconds
[2025-09-06T14:51:01.554+0000] {processor.py:186} INFO - Started process (PID=25018) to work on /opt/airflow/dags/molecular_dynamics_dag4.py
[2025-09-06T14:51:01.554+0000] {processor.py:914} INFO - Processing file /opt/airflow/dags/molecular_dynamics_dag4.py for tasks to queue
[2025-09-06T14:51:01.556+0000] {logging_mixin.py:190} INFO - [2025-09-06T14:51:01.555+0000] {dagbag.py:588} INFO - Filling up the DagBag from /opt/airflow/dags/molecular_dynamics_dag4.py
[2025-09-06T14:51:01.561+0000] {processor.py:925} INFO - DAG(s) 'ptraj_big_length_many_atoms' retrieved from /opt/airflow/dags/molecular_dynamics_dag4.py
[2025-09-06T14:51:01.577+0000] {logging_mixin.py:190} INFO - [2025-09-06T14:51:01.576+0000] {dag.py:3239} INFO - Sync 1 DAGs
[2025-09-06T14:51:01.584+0000] {logging_mixin.py:190} INFO - [2025-09-06T14:51:01.584+0000] {dag.py:4180} INFO - Setting next_dagrun for ptraj_big_length_many_atoms to None, run_after=None
[2025-09-06T14:51:01.592+0000] {processor.py:208} INFO - Processing /opt/airflow/dags/molecular_dynamics_dag4.py took 0.041 seconds
[2025-09-06T15:08:26.555+0000] {processor.py:186} INFO - Started process (PID=25059) to work on /opt/airflow/dags/molecular_dynamics_dag4.py
[2025-09-06T15:08:26.557+0000] {processor.py:914} INFO - Processing file /opt/airflow/dags/molecular_dynamics_dag4.py for tasks to queue
[2025-09-06T15:08:26.558+0000] {logging_mixin.py:190} INFO - [2025-09-06T15:08:26.558+0000] {dagbag.py:588} INFO - Filling up the DagBag from /opt/airflow/dags/molecular_dynamics_dag4.py
[2025-09-06T15:08:26.568+0000] {processor.py:925} INFO - DAG(s) 'ptraj_big_length_many_atoms' retrieved from /opt/airflow/dags/molecular_dynamics_dag4.py
[2025-09-06T15:08:26.587+0000] {logging_mixin.py:190} INFO - [2025-09-06T15:08:26.587+0000] {dag.py:3239} INFO - Sync 1 DAGs
[2025-09-06T15:08:26.595+0000] {logging_mixin.py:190} INFO - [2025-09-06T15:08:26.595+0000] {dag.py:4180} INFO - Setting next_dagrun for ptraj_big_length_many_atoms to None, run_after=None
[2025-09-06T15:08:26.610+0000] {processor.py:208} INFO - Processing /opt/airflow/dags/molecular_dynamics_dag4.py took 0.059 seconds
[2025-09-06T15:34:17.344+0000] {processor.py:186} INFO - Started process (PID=25104) to work on /opt/airflow/dags/molecular_dynamics_dag4.py
[2025-09-06T15:34:17.344+0000] {processor.py:914} INFO - Processing file /opt/airflow/dags/molecular_dynamics_dag4.py for tasks to queue
[2025-09-06T15:34:17.346+0000] {logging_mixin.py:190} INFO - [2025-09-06T15:34:17.346+0000] {dagbag.py:588} INFO - Filling up the DagBag from /opt/airflow/dags/molecular_dynamics_dag4.py
[2025-09-06T15:34:17.351+0000] {processor.py:925} INFO - DAG(s) 'ptraj_big_length_many_atoms' retrieved from /opt/airflow/dags/molecular_dynamics_dag4.py
[2025-09-06T15:34:17.365+0000] {logging_mixin.py:190} INFO - [2025-09-06T15:34:17.365+0000] {dag.py:3239} INFO - Sync 1 DAGs
[2025-09-06T15:34:17.371+0000] {logging_mixin.py:190} INFO - [2025-09-06T15:34:17.371+0000] {dag.py:4180} INFO - Setting next_dagrun for ptraj_big_length_many_atoms to None, run_after=None
[2025-09-06T15:34:17.380+0000] {processor.py:208} INFO - Processing /opt/airflow/dags/molecular_dynamics_dag4.py took 0.039 seconds
[2025-09-06T15:51:30.658+0000] {processor.py:186} INFO - Started process (PID=25147) to work on /opt/airflow/dags/molecular_dynamics_dag4.py
[2025-09-06T15:51:30.658+0000] {processor.py:914} INFO - Processing file /opt/airflow/dags/molecular_dynamics_dag4.py for tasks to queue
[2025-09-06T15:51:30.660+0000] {logging_mixin.py:190} INFO - [2025-09-06T15:51:30.660+0000] {dagbag.py:588} INFO - Filling up the DagBag from /opt/airflow/dags/molecular_dynamics_dag4.py
[2025-09-06T15:51:30.665+0000] {processor.py:925} INFO - DAG(s) 'ptraj_big_length_many_atoms' retrieved from /opt/airflow/dags/molecular_dynamics_dag4.py
[2025-09-06T15:51:30.682+0000] {logging_mixin.py:190} INFO - [2025-09-06T15:51:30.681+0000] {dag.py:3239} INFO - Sync 1 DAGs
[2025-09-06T15:51:30.689+0000] {logging_mixin.py:190} INFO - [2025-09-06T15:51:30.689+0000] {dag.py:4180} INFO - Setting next_dagrun for ptraj_big_length_many_atoms to None, run_after=None
[2025-09-06T15:51:30.697+0000] {processor.py:208} INFO - Processing /opt/airflow/dags/molecular_dynamics_dag4.py took 0.043 seconds
[2025-09-06T16:32:28.419+0000] {processor.py:186} INFO - Started process (PID=25190) to work on /opt/airflow/dags/molecular_dynamics_dag4.py
[2025-09-06T16:32:28.420+0000] {processor.py:914} INFO - Processing file /opt/airflow/dags/molecular_dynamics_dag4.py for tasks to queue
[2025-09-06T16:32:28.421+0000] {logging_mixin.py:190} INFO - [2025-09-06T16:32:28.421+0000] {dagbag.py:588} INFO - Filling up the DagBag from /opt/airflow/dags/molecular_dynamics_dag4.py
[2025-09-06T16:32:28.426+0000] {processor.py:925} INFO - DAG(s) 'ptraj_big_length_many_atoms' retrieved from /opt/airflow/dags/molecular_dynamics_dag4.py
[2025-09-06T16:32:28.439+0000] {logging_mixin.py:190} INFO - [2025-09-06T16:32:28.439+0000] {dag.py:3239} INFO - Sync 1 DAGs
[2025-09-06T16:32:28.446+0000] {logging_mixin.py:190} INFO - [2025-09-06T16:32:28.445+0000] {dag.py:4180} INFO - Setting next_dagrun for ptraj_big_length_many_atoms to None, run_after=None
[2025-09-06T16:32:28.454+0000] {processor.py:208} INFO - Processing /opt/airflow/dags/molecular_dynamics_dag4.py took 0.038 seconds
[2025-09-06T16:48:37.553+0000] {processor.py:186} INFO - Started process (PID=25233) to work on /opt/airflow/dags/molecular_dynamics_dag4.py
[2025-09-06T16:48:37.554+0000] {processor.py:914} INFO - Processing file /opt/airflow/dags/molecular_dynamics_dag4.py for tasks to queue
[2025-09-06T16:48:37.555+0000] {logging_mixin.py:190} INFO - [2025-09-06T16:48:37.555+0000] {dagbag.py:588} INFO - Filling up the DagBag from /opt/airflow/dags/molecular_dynamics_dag4.py
[2025-09-06T16:48:37.560+0000] {processor.py:925} INFO - DAG(s) 'ptraj_big_length_many_atoms' retrieved from /opt/airflow/dags/molecular_dynamics_dag4.py
[2025-09-06T16:48:37.574+0000] {logging_mixin.py:190} INFO - [2025-09-06T16:48:37.574+0000] {dag.py:3239} INFO - Sync 1 DAGs
[2025-09-06T16:48:37.581+0000] {logging_mixin.py:190} INFO - [2025-09-06T16:48:37.581+0000] {dag.py:4180} INFO - Setting next_dagrun for ptraj_big_length_many_atoms to None, run_after=None
[2025-09-06T16:48:37.588+0000] {processor.py:208} INFO - Processing /opt/airflow/dags/molecular_dynamics_dag4.py took 0.038 seconds
[2025-09-06T18:11:41.839+0000] {processor.py:186} INFO - Started process (PID=25276) to work on /opt/airflow/dags/molecular_dynamics_dag4.py
[2025-09-06T18:11:41.840+0000] {processor.py:914} INFO - Processing file /opt/airflow/dags/molecular_dynamics_dag4.py for tasks to queue
[2025-09-06T18:11:41.842+0000] {logging_mixin.py:190} INFO - [2025-09-06T18:11:41.842+0000] {dagbag.py:588} INFO - Filling up the DagBag from /opt/airflow/dags/molecular_dynamics_dag4.py
[2025-09-06T18:11:41.848+0000] {processor.py:925} INFO - DAG(s) 'ptraj_big_length_many_atoms' retrieved from /opt/airflow/dags/molecular_dynamics_dag4.py
[2025-09-06T18:11:41.863+0000] {logging_mixin.py:190} INFO - [2025-09-06T18:11:41.863+0000] {dag.py:3239} INFO - Sync 1 DAGs
[2025-09-06T18:11:41.870+0000] {logging_mixin.py:190} INFO - [2025-09-06T18:11:41.870+0000] {dag.py:4180} INFO - Setting next_dagrun for ptraj_big_length_many_atoms to None, run_after=None
[2025-09-06T18:11:41.879+0000] {processor.py:208} INFO - Processing /opt/airflow/dags/molecular_dynamics_dag4.py took 0.043 seconds
[2025-09-06T19:50:19.883+0000] {processor.py:186} INFO - Started process (PID=25319) to work on /opt/airflow/dags/molecular_dynamics_dag4.py
[2025-09-06T19:50:19.885+0000] {processor.py:914} INFO - Processing file /opt/airflow/dags/molecular_dynamics_dag4.py for tasks to queue
[2025-09-06T19:50:19.888+0000] {logging_mixin.py:190} INFO - [2025-09-06T19:50:19.888+0000] {dagbag.py:588} INFO - Filling up the DagBag from /opt/airflow/dags/molecular_dynamics_dag4.py
[2025-09-06T19:50:19.894+0000] {processor.py:925} INFO - DAG(s) 'ptraj_big_length_many_atoms' retrieved from /opt/airflow/dags/molecular_dynamics_dag4.py
[2025-09-06T19:50:19.909+0000] {logging_mixin.py:190} INFO - [2025-09-06T19:50:19.909+0000] {dag.py:3239} INFO - Sync 1 DAGs
[2025-09-06T19:50:19.917+0000] {logging_mixin.py:190} INFO - [2025-09-06T19:50:19.917+0000] {dag.py:4180} INFO - Setting next_dagrun for ptraj_big_length_many_atoms to None, run_after=None
[2025-09-06T19:50:19.925+0000] {processor.py:208} INFO - Processing /opt/airflow/dags/molecular_dynamics_dag4.py took 0.046 seconds
[2025-09-06T21:12:25.421+0000] {processor.py:186} INFO - Started process (PID=25362) to work on /opt/airflow/dags/molecular_dynamics_dag4.py
[2025-09-06T21:12:25.422+0000] {processor.py:914} INFO - Processing file /opt/airflow/dags/molecular_dynamics_dag4.py for tasks to queue
[2025-09-06T21:12:25.423+0000] {logging_mixin.py:190} INFO - [2025-09-06T21:12:25.423+0000] {dagbag.py:588} INFO - Filling up the DagBag from /opt/airflow/dags/molecular_dynamics_dag4.py
[2025-09-06T21:12:25.429+0000] {processor.py:925} INFO - DAG(s) 'ptraj_big_length_many_atoms' retrieved from /opt/airflow/dags/molecular_dynamics_dag4.py
[2025-09-06T21:12:25.444+0000] {logging_mixin.py:190} INFO - [2025-09-06T21:12:25.444+0000] {dag.py:3239} INFO - Sync 1 DAGs
[2025-09-06T21:12:25.450+0000] {logging_mixin.py:190} INFO - [2025-09-06T21:12:25.450+0000] {dag.py:4180} INFO - Setting next_dagrun for ptraj_big_length_many_atoms to None, run_after=None
[2025-09-06T21:12:25.459+0000] {processor.py:208} INFO - Processing /opt/airflow/dags/molecular_dynamics_dag4.py took 0.041 seconds
[2025-09-06T22:50:01.898+0000] {processor.py:186} INFO - Started process (PID=25403) to work on /opt/airflow/dags/molecular_dynamics_dag4.py
[2025-09-06T22:50:01.899+0000] {processor.py:914} INFO - Processing file /opt/airflow/dags/molecular_dynamics_dag4.py for tasks to queue
[2025-09-06T22:50:01.900+0000] {logging_mixin.py:190} INFO - [2025-09-06T22:50:01.900+0000] {dagbag.py:588} INFO - Filling up the DagBag from /opt/airflow/dags/molecular_dynamics_dag4.py
[2025-09-06T22:50:01.909+0000] {processor.py:925} INFO - DAG(s) 'ptraj_big_length_many_atoms' retrieved from /opt/airflow/dags/molecular_dynamics_dag4.py
[2025-09-06T22:50:01.924+0000] {logging_mixin.py:190} INFO - [2025-09-06T22:50:01.924+0000] {dag.py:3239} INFO - Sync 1 DAGs
[2025-09-06T22:50:01.933+0000] {logging_mixin.py:190} INFO - [2025-09-06T22:50:01.933+0000] {dag.py:4180} INFO - Setting next_dagrun for ptraj_big_length_many_atoms to None, run_after=None
[2025-09-06T22:50:01.946+0000] {processor.py:208} INFO - Processing /opt/airflow/dags/molecular_dynamics_dag4.py took 0.052 seconds
[2025-09-06T23:04:10.669+0000] {processor.py:186} INFO - Started process (PID=25448) to work on /opt/airflow/dags/molecular_dynamics_dag4.py
[2025-09-06T23:04:10.669+0000] {processor.py:914} INFO - Processing file /opt/airflow/dags/molecular_dynamics_dag4.py for tasks to queue
[2025-09-06T23:04:10.671+0000] {logging_mixin.py:190} INFO - [2025-09-06T23:04:10.671+0000] {dagbag.py:588} INFO - Filling up the DagBag from /opt/airflow/dags/molecular_dynamics_dag4.py
[2025-09-06T23:04:10.677+0000] {processor.py:925} INFO - DAG(s) 'ptraj_big_length_many_atoms' retrieved from /opt/airflow/dags/molecular_dynamics_dag4.py
[2025-09-06T23:04:10.691+0000] {logging_mixin.py:190} INFO - [2025-09-06T23:04:10.691+0000] {dag.py:3239} INFO - Sync 1 DAGs
[2025-09-06T23:04:10.699+0000] {logging_mixin.py:190} INFO - [2025-09-06T23:04:10.699+0000] {dag.py:4180} INFO - Setting next_dagrun for ptraj_big_length_many_atoms to None, run_after=None
[2025-09-06T23:04:10.707+0000] {processor.py:208} INFO - Processing /opt/airflow/dags/molecular_dynamics_dag4.py took 0.042 seconds
[2025-09-06T23:37:27.842+0000] {processor.py:186} INFO - Started process (PID=25491) to work on /opt/airflow/dags/molecular_dynamics_dag4.py
[2025-09-06T23:37:27.843+0000] {processor.py:914} INFO - Processing file /opt/airflow/dags/molecular_dynamics_dag4.py for tasks to queue
[2025-09-06T23:37:27.845+0000] {logging_mixin.py:190} INFO - [2025-09-06T23:37:27.845+0000] {dagbag.py:588} INFO - Filling up the DagBag from /opt/airflow/dags/molecular_dynamics_dag4.py
[2025-09-06T23:37:27.852+0000] {processor.py:925} INFO - DAG(s) 'ptraj_big_length_many_atoms' retrieved from /opt/airflow/dags/molecular_dynamics_dag4.py
[2025-09-06T23:37:27.869+0000] {logging_mixin.py:190} INFO - [2025-09-06T23:37:27.869+0000] {dag.py:3239} INFO - Sync 1 DAGs
[2025-09-06T23:37:27.877+0000] {logging_mixin.py:190} INFO - [2025-09-06T23:37:27.877+0000] {dag.py:4180} INFO - Setting next_dagrun for ptraj_big_length_many_atoms to None, run_after=None
[2025-09-06T23:37:27.888+0000] {processor.py:208} INFO - Processing /opt/airflow/dags/molecular_dynamics_dag4.py took 0.050 seconds
