[2025-09-06T00:28:22.925+0000] {processor.py:186} INFO - Started process (PID=23931) to work on /opt/airflow/dags/transposition_demo_dag.py
[2025-09-06T00:28:22.926+0000] {processor.py:914} INFO - Processing file /opt/airflow/dags/transposition_demo_dag.py for tasks to queue
[2025-09-06T00:28:22.928+0000] {logging_mixin.py:190} INFO - [2025-09-06T00:28:22.928+0000] {dagbag.py:588} INFO - Filling up the DagBag from /opt/airflow/dags/transposition_demo_dag.py
[2025-09-06T00:28:23.451+0000] {processor.py:925} INFO - DAG(s) 'transposition_demo' retrieved from /opt/airflow/dags/transposition_demo_dag.py
[2025-09-06T00:28:23.487+0000] {logging_mixin.py:190} INFO - [2025-09-06T00:28:23.487+0000] {dag.py:3239} INFO - Sync 1 DAGs
[2025-09-06T00:28:23.498+0000] {logging_mixin.py:190} INFO - [2025-09-06T00:28:23.498+0000] {dag.py:4180} INFO - Setting next_dagrun for transposition_demo to None, run_after=None
[2025-09-06T00:28:23.515+0000] {processor.py:208} INFO - Processing /opt/airflow/dags/transposition_demo_dag.py took 0.595 seconds
[2025-09-06T01:30:49.916+0000] {processor.py:186} INFO - Started process (PID=23974) to work on /opt/airflow/dags/transposition_demo_dag.py
[2025-09-06T01:30:49.918+0000] {processor.py:914} INFO - Processing file /opt/airflow/dags/transposition_demo_dag.py for tasks to queue
[2025-09-06T01:30:49.921+0000] {logging_mixin.py:190} INFO - [2025-09-06T01:30:49.921+0000] {dagbag.py:588} INFO - Filling up the DagBag from /opt/airflow/dags/transposition_demo_dag.py
[2025-09-06T01:30:50.386+0000] {processor.py:925} INFO - DAG(s) 'transposition_demo' retrieved from /opt/airflow/dags/transposition_demo_dag.py
[2025-09-06T01:30:50.416+0000] {logging_mixin.py:190} INFO - [2025-09-06T01:30:50.415+0000] {dag.py:3239} INFO - Sync 1 DAGs
[2025-09-06T01:30:50.426+0000] {logging_mixin.py:190} INFO - [2025-09-06T01:30:50.426+0000] {dag.py:4180} INFO - Setting next_dagrun for transposition_demo to None, run_after=None
[2025-09-06T01:30:50.439+0000] {processor.py:208} INFO - Processing /opt/airflow/dags/transposition_demo_dag.py took 0.532 seconds
[2025-09-06T01:31:21.115+0000] {processor.py:186} INFO - Started process (PID=24017) to work on /opt/airflow/dags/transposition_demo_dag.py
[2025-09-06T01:31:21.116+0000] {processor.py:914} INFO - Processing file /opt/airflow/dags/transposition_demo_dag.py for tasks to queue
[2025-09-06T01:31:21.118+0000] {logging_mixin.py:190} INFO - [2025-09-06T01:31:21.118+0000] {dagbag.py:588} INFO - Filling up the DagBag from /opt/airflow/dags/transposition_demo_dag.py
[2025-09-06T01:31:21.470+0000] {processor.py:925} INFO - DAG(s) 'transposition_demo' retrieved from /opt/airflow/dags/transposition_demo_dag.py
[2025-09-06T01:31:21.492+0000] {logging_mixin.py:190} INFO - [2025-09-06T01:31:21.492+0000] {dag.py:3239} INFO - Sync 1 DAGs
[2025-09-06T01:31:21.499+0000] {logging_mixin.py:190} INFO - [2025-09-06T01:31:21.499+0000] {dag.py:4180} INFO - Setting next_dagrun for transposition_demo to None, run_after=None
[2025-09-06T01:31:21.510+0000] {processor.py:208} INFO - Processing /opt/airflow/dags/transposition_demo_dag.py took 0.400 seconds
[2025-09-06T02:52:17.840+0000] {processor.py:186} INFO - Started process (PID=24060) to work on /opt/airflow/dags/transposition_demo_dag.py
[2025-09-06T02:52:17.841+0000] {processor.py:914} INFO - Processing file /opt/airflow/dags/transposition_demo_dag.py for tasks to queue
[2025-09-06T02:52:17.844+0000] {logging_mixin.py:190} INFO - [2025-09-06T02:52:17.843+0000] {dagbag.py:588} INFO - Filling up the DagBag from /opt/airflow/dags/transposition_demo_dag.py
[2025-09-06T02:52:18.413+0000] {processor.py:925} INFO - DAG(s) 'transposition_demo' retrieved from /opt/airflow/dags/transposition_demo_dag.py
[2025-09-06T02:52:18.501+0000] {logging_mixin.py:190} INFO - [2025-09-06T02:52:18.501+0000] {dag.py:3239} INFO - Sync 1 DAGs
[2025-09-06T02:52:18.513+0000] {logging_mixin.py:190} INFO - [2025-09-06T02:52:18.513+0000] {dag.py:4180} INFO - Setting next_dagrun for transposition_demo to None, run_after=None
[2025-09-06T02:52:18.708+0000] {processor.py:208} INFO - Processing /opt/airflow/dags/transposition_demo_dag.py took 0.875 seconds
[2025-09-06T03:31:56.955+0000] {processor.py:186} INFO - Started process (PID=24103) to work on /opt/airflow/dags/transposition_demo_dag.py
[2025-09-06T03:31:56.956+0000] {processor.py:914} INFO - Processing file /opt/airflow/dags/transposition_demo_dag.py for tasks to queue
[2025-09-06T03:31:56.958+0000] {logging_mixin.py:190} INFO - [2025-09-06T03:31:56.958+0000] {dagbag.py:588} INFO - Filling up the DagBag from /opt/airflow/dags/transposition_demo_dag.py
[2025-09-06T03:31:57.434+0000] {processor.py:925} INFO - DAG(s) 'transposition_demo' retrieved from /opt/airflow/dags/transposition_demo_dag.py
[2025-09-06T03:31:57.456+0000] {logging_mixin.py:190} INFO - [2025-09-06T03:31:57.456+0000] {dag.py:3239} INFO - Sync 1 DAGs
[2025-09-06T03:31:57.462+0000] {logging_mixin.py:190} INFO - [2025-09-06T03:31:57.462+0000] {dag.py:4180} INFO - Setting next_dagrun for transposition_demo to None, run_after=None
[2025-09-06T03:31:57.473+0000] {processor.py:208} INFO - Processing /opt/airflow/dags/transposition_demo_dag.py took 0.523 seconds
[2025-09-06T03:50:15.455+0000] {processor.py:186} INFO - Started process (PID=24146) to work on /opt/airflow/dags/transposition_demo_dag.py
[2025-09-06T03:50:15.456+0000] {processor.py:914} INFO - Processing file /opt/airflow/dags/transposition_demo_dag.py for tasks to queue
[2025-09-06T03:50:15.458+0000] {logging_mixin.py:190} INFO - [2025-09-06T03:50:15.457+0000] {dagbag.py:588} INFO - Filling up the DagBag from /opt/airflow/dags/transposition_demo_dag.py
[2025-09-06T03:50:15.885+0000] {processor.py:925} INFO - DAG(s) 'transposition_demo' retrieved from /opt/airflow/dags/transposition_demo_dag.py
[2025-09-06T03:50:15.906+0000] {logging_mixin.py:190} INFO - [2025-09-06T03:50:15.906+0000] {dag.py:3239} INFO - Sync 1 DAGs
[2025-09-06T03:50:15.913+0000] {logging_mixin.py:190} INFO - [2025-09-06T03:50:15.913+0000] {dag.py:4180} INFO - Setting next_dagrun for transposition_demo to None, run_after=None
[2025-09-06T03:50:15.925+0000] {processor.py:208} INFO - Processing /opt/airflow/dags/transposition_demo_dag.py took 0.474 seconds
[2025-09-06T04:32:54.515+0000] {processor.py:186} INFO - Started process (PID=24189) to work on /opt/airflow/dags/transposition_demo_dag.py
[2025-09-06T04:32:54.516+0000] {processor.py:914} INFO - Processing file /opt/airflow/dags/transposition_demo_dag.py for tasks to queue
[2025-09-06T04:32:54.518+0000] {logging_mixin.py:190} INFO - [2025-09-06T04:32:54.518+0000] {dagbag.py:588} INFO - Filling up the DagBag from /opt/airflow/dags/transposition_demo_dag.py
[2025-09-06T04:32:54.983+0000] {processor.py:925} INFO - DAG(s) 'transposition_demo' retrieved from /opt/airflow/dags/transposition_demo_dag.py
[2025-09-06T04:32:55.001+0000] {logging_mixin.py:190} INFO - [2025-09-06T04:32:55.001+0000] {dag.py:3239} INFO - Sync 1 DAGs
[2025-09-06T04:32:55.008+0000] {logging_mixin.py:190} INFO - [2025-09-06T04:32:55.008+0000] {dag.py:4180} INFO - Setting next_dagrun for transposition_demo to None, run_after=None
[2025-09-06T04:32:55.018+0000] {processor.py:208} INFO - Processing /opt/airflow/dags/transposition_demo_dag.py took 0.508 seconds
[2025-09-06T04:33:25.094+0000] {processor.py:186} INFO - Started process (PID=24232) to work on /opt/airflow/dags/transposition_demo_dag.py
[2025-09-06T04:33:25.095+0000] {processor.py:914} INFO - Processing file /opt/airflow/dags/transposition_demo_dag.py for tasks to queue
[2025-09-06T04:33:25.099+0000] {logging_mixin.py:190} INFO - [2025-09-06T04:33:25.098+0000] {dagbag.py:588} INFO - Filling up the DagBag from /opt/airflow/dags/transposition_demo_dag.py
[2025-09-06T04:33:25.575+0000] {processor.py:925} INFO - DAG(s) 'transposition_demo' retrieved from /opt/airflow/dags/transposition_demo_dag.py
[2025-09-06T04:33:25.596+0000] {logging_mixin.py:190} INFO - [2025-09-06T04:33:25.595+0000] {dag.py:3239} INFO - Sync 1 DAGs
[2025-09-06T04:33:25.603+0000] {logging_mixin.py:190} INFO - [2025-09-06T04:33:25.603+0000] {dag.py:4180} INFO - Setting next_dagrun for transposition_demo to None, run_after=None
[2025-09-06T04:33:25.616+0000] {processor.py:208} INFO - Processing /opt/airflow/dags/transposition_demo_dag.py took 0.530 seconds
[2025-09-06T05:33:52.824+0000] {processor.py:186} INFO - Started process (PID=24275) to work on /opt/airflow/dags/transposition_demo_dag.py
[2025-09-06T05:33:52.825+0000] {processor.py:914} INFO - Processing file /opt/airflow/dags/transposition_demo_dag.py for tasks to queue
[2025-09-06T05:33:52.828+0000] {logging_mixin.py:190} INFO - [2025-09-06T05:33:52.828+0000] {dagbag.py:588} INFO - Filling up the DagBag from /opt/airflow/dags/transposition_demo_dag.py
[2025-09-06T05:33:53.331+0000] {processor.py:925} INFO - DAG(s) 'transposition_demo' retrieved from /opt/airflow/dags/transposition_demo_dag.py
[2025-09-06T05:33:53.352+0000] {logging_mixin.py:190} INFO - [2025-09-06T05:33:53.351+0000] {dag.py:3239} INFO - Sync 1 DAGs
[2025-09-06T05:33:53.362+0000] {logging_mixin.py:190} INFO - [2025-09-06T05:33:53.362+0000] {dag.py:4180} INFO - Setting next_dagrun for transposition_demo to None, run_after=None
[2025-09-06T05:33:53.375+0000] {processor.py:208} INFO - Processing /opt/airflow/dags/transposition_demo_dag.py took 0.556 seconds
[2025-09-06T05:34:24.092+0000] {processor.py:186} INFO - Started process (PID=24318) to work on /opt/airflow/dags/transposition_demo_dag.py
[2025-09-06T05:34:24.093+0000] {processor.py:914} INFO - Processing file /opt/airflow/dags/transposition_demo_dag.py for tasks to queue
[2025-09-06T05:34:24.095+0000] {logging_mixin.py:190} INFO - [2025-09-06T05:34:24.095+0000] {dagbag.py:588} INFO - Filling up the DagBag from /opt/airflow/dags/transposition_demo_dag.py
[2025-09-06T05:34:24.539+0000] {processor.py:925} INFO - DAG(s) 'transposition_demo' retrieved from /opt/airflow/dags/transposition_demo_dag.py
[2025-09-06T05:34:24.557+0000] {logging_mixin.py:190} INFO - [2025-09-06T05:34:24.557+0000] {dag.py:3239} INFO - Sync 1 DAGs
[2025-09-06T05:34:24.563+0000] {logging_mixin.py:190} INFO - [2025-09-06T05:34:24.563+0000] {dag.py:4180} INFO - Setting next_dagrun for transposition_demo to None, run_after=None
[2025-09-06T05:34:24.576+0000] {processor.py:208} INFO - Processing /opt/airflow/dags/transposition_demo_dag.py took 0.490 seconds
[2025-09-06T06:34:50.188+0000] {processor.py:186} INFO - Started process (PID=24361) to work on /opt/airflow/dags/transposition_demo_dag.py
[2025-09-06T06:34:50.189+0000] {processor.py:914} INFO - Processing file /opt/airflow/dags/transposition_demo_dag.py for tasks to queue
[2025-09-06T06:34:50.190+0000] {logging_mixin.py:190} INFO - [2025-09-06T06:34:50.190+0000] {dagbag.py:588} INFO - Filling up the DagBag from /opt/airflow/dags/transposition_demo_dag.py
[2025-09-06T06:34:50.621+0000] {processor.py:925} INFO - DAG(s) 'transposition_demo' retrieved from /opt/airflow/dags/transposition_demo_dag.py
[2025-09-06T06:34:50.644+0000] {logging_mixin.py:190} INFO - [2025-09-06T06:34:50.643+0000] {dag.py:3239} INFO - Sync 1 DAGs
[2025-09-06T06:34:50.651+0000] {logging_mixin.py:190} INFO - [2025-09-06T06:34:50.651+0000] {dag.py:4180} INFO - Setting next_dagrun for transposition_demo to None, run_after=None
[2025-09-06T06:34:50.663+0000] {processor.py:208} INFO - Processing /opt/airflow/dags/transposition_demo_dag.py took 0.479 seconds
[2025-09-06T06:35:20.864+0000] {processor.py:186} INFO - Started process (PID=24404) to work on /opt/airflow/dags/transposition_demo_dag.py
[2025-09-06T06:35:20.865+0000] {processor.py:914} INFO - Processing file /opt/airflow/dags/transposition_demo_dag.py for tasks to queue
[2025-09-06T06:35:20.867+0000] {logging_mixin.py:190} INFO - [2025-09-06T06:35:20.867+0000] {dagbag.py:588} INFO - Filling up the DagBag from /opt/airflow/dags/transposition_demo_dag.py
[2025-09-06T06:35:21.385+0000] {processor.py:925} INFO - DAG(s) 'transposition_demo' retrieved from /opt/airflow/dags/transposition_demo_dag.py
[2025-09-06T06:35:21.408+0000] {logging_mixin.py:190} INFO - [2025-09-06T06:35:21.408+0000] {dag.py:3239} INFO - Sync 1 DAGs
[2025-09-06T06:35:21.417+0000] {logging_mixin.py:190} INFO - [2025-09-06T06:35:21.417+0000] {dag.py:4180} INFO - Setting next_dagrun for transposition_demo to None, run_after=None
[2025-09-06T06:35:21.430+0000] {processor.py:208} INFO - Processing /opt/airflow/dags/transposition_demo_dag.py took 0.571 seconds
[2025-09-06T06:38:02.956+0000] {processor.py:186} INFO - Started process (PID=24447) to work on /opt/airflow/dags/transposition_demo_dag.py
[2025-09-06T06:38:02.958+0000] {processor.py:914} INFO - Processing file /opt/airflow/dags/transposition_demo_dag.py for tasks to queue
[2025-09-06T06:38:02.964+0000] {logging_mixin.py:190} INFO - [2025-09-06T06:38:02.963+0000] {dagbag.py:588} INFO - Filling up the DagBag from /opt/airflow/dags/transposition_demo_dag.py
[2025-09-06T06:38:03.518+0000] {processor.py:925} INFO - DAG(s) 'transposition_demo' retrieved from /opt/airflow/dags/transposition_demo_dag.py
[2025-09-06T06:38:03.543+0000] {logging_mixin.py:190} INFO - [2025-09-06T06:38:03.543+0000] {dag.py:3239} INFO - Sync 1 DAGs
[2025-09-06T06:38:03.551+0000] {logging_mixin.py:190} INFO - [2025-09-06T06:38:03.551+0000] {dag.py:4180} INFO - Setting next_dagrun for transposition_demo to None, run_after=None
[2025-09-06T06:38:03.563+0000] {processor.py:208} INFO - Processing /opt/airflow/dags/transposition_demo_dag.py took 0.614 seconds
[2025-09-06T06:54:57.388+0000] {processor.py:186} INFO - Started process (PID=24490) to work on /opt/airflow/dags/transposition_demo_dag.py
[2025-09-06T06:54:57.392+0000] {processor.py:914} INFO - Processing file /opt/airflow/dags/transposition_demo_dag.py for tasks to queue
[2025-09-06T06:54:57.403+0000] {logging_mixin.py:190} INFO - [2025-09-06T06:54:57.400+0000] {dagbag.py:588} INFO - Filling up the DagBag from /opt/airflow/dags/transposition_demo_dag.py
[2025-09-06T06:54:58.007+0000] {processor.py:925} INFO - DAG(s) 'transposition_demo' retrieved from /opt/airflow/dags/transposition_demo_dag.py
[2025-09-06T06:54:58.031+0000] {logging_mixin.py:190} INFO - [2025-09-06T06:54:58.031+0000] {dag.py:3239} INFO - Sync 1 DAGs
[2025-09-06T06:54:58.041+0000] {logging_mixin.py:190} INFO - [2025-09-06T06:54:58.040+0000] {dag.py:4180} INFO - Setting next_dagrun for transposition_demo to None, run_after=None
[2025-09-06T06:54:58.054+0000] {processor.py:208} INFO - Processing /opt/airflow/dags/transposition_demo_dag.py took 0.676 seconds
[2025-09-06T07:36:00.722+0000] {processor.py:186} INFO - Started process (PID=24533) to work on /opt/airflow/dags/transposition_demo_dag.py
[2025-09-06T07:36:00.722+0000] {processor.py:914} INFO - Processing file /opt/airflow/dags/transposition_demo_dag.py for tasks to queue
[2025-09-06T07:36:00.724+0000] {logging_mixin.py:190} INFO - [2025-09-06T07:36:00.724+0000] {dagbag.py:588} INFO - Filling up the DagBag from /opt/airflow/dags/transposition_demo_dag.py
[2025-09-06T07:36:01.144+0000] {processor.py:925} INFO - DAG(s) 'transposition_demo' retrieved from /opt/airflow/dags/transposition_demo_dag.py
[2025-09-06T07:36:01.162+0000] {logging_mixin.py:190} INFO - [2025-09-06T07:36:01.162+0000] {dag.py:3239} INFO - Sync 1 DAGs
[2025-09-06T07:36:01.169+0000] {logging_mixin.py:190} INFO - [2025-09-06T07:36:01.169+0000] {dag.py:4180} INFO - Setting next_dagrun for transposition_demo to None, run_after=None
[2025-09-06T07:36:01.179+0000] {processor.py:208} INFO - Processing /opt/airflow/dags/transposition_demo_dag.py took 0.462 seconds
[2025-09-06T07:53:03.128+0000] {processor.py:186} INFO - Started process (PID=24576) to work on /opt/airflow/dags/transposition_demo_dag.py
[2025-09-06T07:53:03.129+0000] {processor.py:914} INFO - Processing file /opt/airflow/dags/transposition_demo_dag.py for tasks to queue
[2025-09-06T07:53:03.130+0000] {logging_mixin.py:190} INFO - [2025-09-06T07:53:03.130+0000] {dagbag.py:588} INFO - Filling up the DagBag from /opt/airflow/dags/transposition_demo_dag.py
[2025-09-06T07:53:03.510+0000] {processor.py:925} INFO - DAG(s) 'transposition_demo' retrieved from /opt/airflow/dags/transposition_demo_dag.py
[2025-09-06T07:53:03.534+0000] {logging_mixin.py:190} INFO - [2025-09-06T07:53:03.534+0000] {dag.py:3239} INFO - Sync 1 DAGs
[2025-09-06T07:53:03.543+0000] {logging_mixin.py:190} INFO - [2025-09-06T07:53:03.543+0000] {dag.py:4180} INFO - Setting next_dagrun for transposition_demo to None, run_after=None
[2025-09-06T07:53:03.554+0000] {processor.py:208} INFO - Processing /opt/airflow/dags/transposition_demo_dag.py took 0.433 seconds
[2025-09-06T08:36:59.224+0000] {processor.py:186} INFO - Started process (PID=24619) to work on /opt/airflow/dags/transposition_demo_dag.py
[2025-09-06T08:36:59.226+0000] {processor.py:914} INFO - Processing file /opt/airflow/dags/transposition_demo_dag.py for tasks to queue
[2025-09-06T08:36:59.229+0000] {logging_mixin.py:190} INFO - [2025-09-06T08:36:59.229+0000] {dagbag.py:588} INFO - Filling up the DagBag from /opt/airflow/dags/transposition_demo_dag.py
[2025-09-06T08:36:59.580+0000] {processor.py:925} INFO - DAG(s) 'transposition_demo' retrieved from /opt/airflow/dags/transposition_demo_dag.py
[2025-09-06T08:36:59.602+0000] {logging_mixin.py:190} INFO - [2025-09-06T08:36:59.602+0000] {dag.py:3239} INFO - Sync 1 DAGs
[2025-09-06T08:36:59.612+0000] {logging_mixin.py:190} INFO - [2025-09-06T08:36:59.612+0000] {dag.py:4180} INFO - Setting next_dagrun for transposition_demo to None, run_after=None
[2025-09-06T08:36:59.623+0000] {processor.py:208} INFO - Processing /opt/airflow/dags/transposition_demo_dag.py took 0.405 seconds
[2025-09-06T08:37:30.426+0000] {processor.py:186} INFO - Started process (PID=24662) to work on /opt/airflow/dags/transposition_demo_dag.py
[2025-09-06T08:37:30.516+0000] {processor.py:914} INFO - Processing file /opt/airflow/dags/transposition_demo_dag.py for tasks to queue
[2025-09-06T08:37:30.522+0000] {logging_mixin.py:190} INFO - [2025-09-06T08:37:30.521+0000] {dagbag.py:588} INFO - Filling up the DagBag from /opt/airflow/dags/transposition_demo_dag.py
[2025-09-06T08:37:30.965+0000] {processor.py:925} INFO - DAG(s) 'transposition_demo' retrieved from /opt/airflow/dags/transposition_demo_dag.py
[2025-09-06T08:37:30.989+0000] {logging_mixin.py:190} INFO - [2025-09-06T08:37:30.989+0000] {dag.py:3239} INFO - Sync 1 DAGs
[2025-09-06T08:37:30.999+0000] {logging_mixin.py:190} INFO - [2025-09-06T08:37:30.998+0000] {dag.py:4180} INFO - Setting next_dagrun for transposition_demo to None, run_after=None
[2025-09-06T08:37:31.011+0000] {processor.py:208} INFO - Processing /opt/airflow/dags/transposition_demo_dag.py took 0.595 seconds
[2025-09-06T09:37:56.539+0000] {processor.py:186} INFO - Started process (PID=24705) to work on /opt/airflow/dags/transposition_demo_dag.py
[2025-09-06T09:37:56.542+0000] {processor.py:914} INFO - Processing file /opt/airflow/dags/transposition_demo_dag.py for tasks to queue
[2025-09-06T09:37:56.549+0000] {logging_mixin.py:190} INFO - [2025-09-06T09:37:56.548+0000] {dagbag.py:588} INFO - Filling up the DagBag from /opt/airflow/dags/transposition_demo_dag.py
[2025-09-06T09:37:57.047+0000] {processor.py:925} INFO - DAG(s) 'transposition_demo' retrieved from /opt/airflow/dags/transposition_demo_dag.py
[2025-09-06T09:37:57.078+0000] {logging_mixin.py:190} INFO - [2025-09-06T09:37:57.078+0000] {dag.py:3239} INFO - Sync 1 DAGs
[2025-09-06T09:37:57.093+0000] {logging_mixin.py:190} INFO - [2025-09-06T09:37:57.093+0000] {dag.py:4180} INFO - Setting next_dagrun for transposition_demo to None, run_after=None
[2025-09-06T09:37:57.105+0000] {processor.py:208} INFO - Processing /opt/airflow/dags/transposition_demo_dag.py took 0.576 seconds
[2025-09-06T10:38:55.318+0000] {processor.py:186} INFO - Started process (PID=24748) to work on /opt/airflow/dags/transposition_demo_dag.py
[2025-09-06T10:38:55.319+0000] {processor.py:914} INFO - Processing file /opt/airflow/dags/transposition_demo_dag.py for tasks to queue
[2025-09-06T10:38:55.320+0000] {logging_mixin.py:190} INFO - [2025-09-06T10:38:55.320+0000] {dagbag.py:588} INFO - Filling up the DagBag from /opt/airflow/dags/transposition_demo_dag.py
[2025-09-06T10:38:55.687+0000] {processor.py:925} INFO - DAG(s) 'transposition_demo' retrieved from /opt/airflow/dags/transposition_demo_dag.py
[2025-09-06T10:38:55.709+0000] {logging_mixin.py:190} INFO - [2025-09-06T10:38:55.709+0000] {dag.py:3239} INFO - Sync 1 DAGs
[2025-09-06T10:38:55.717+0000] {logging_mixin.py:190} INFO - [2025-09-06T10:38:55.717+0000] {dag.py:4180} INFO - Setting next_dagrun for transposition_demo to None, run_after=None
[2025-09-06T10:38:55.731+0000] {processor.py:208} INFO - Processing /opt/airflow/dags/transposition_demo_dag.py took 0.417 seconds
[2025-09-06T10:39:26.381+0000] {processor.py:186} INFO - Started process (PID=24791) to work on /opt/airflow/dags/transposition_demo_dag.py
[2025-09-06T10:39:26.382+0000] {processor.py:914} INFO - Processing file /opt/airflow/dags/transposition_demo_dag.py for tasks to queue
[2025-09-06T10:39:26.385+0000] {logging_mixin.py:190} INFO - [2025-09-06T10:39:26.385+0000] {dagbag.py:588} INFO - Filling up the DagBag from /opt/airflow/dags/transposition_demo_dag.py
[2025-09-06T10:39:26.737+0000] {processor.py:925} INFO - DAG(s) 'transposition_demo' retrieved from /opt/airflow/dags/transposition_demo_dag.py
[2025-09-06T10:39:26.756+0000] {logging_mixin.py:190} INFO - [2025-09-06T10:39:26.756+0000] {dag.py:3239} INFO - Sync 1 DAGs
[2025-09-06T10:39:26.765+0000] {logging_mixin.py:190} INFO - [2025-09-06T10:39:26.765+0000] {dag.py:4180} INFO - Setting next_dagrun for transposition_demo to None, run_after=None
[2025-09-06T10:39:26.779+0000] {processor.py:208} INFO - Processing /opt/airflow/dags/transposition_demo_dag.py took 0.403 seconds
[2025-09-06T12:04:59.200+0000] {processor.py:186} INFO - Started process (PID=24834) to work on /opt/airflow/dags/transposition_demo_dag.py
[2025-09-06T12:04:59.202+0000] {processor.py:914} INFO - Processing file /opt/airflow/dags/transposition_demo_dag.py for tasks to queue
[2025-09-06T12:04:59.206+0000] {logging_mixin.py:190} INFO - [2025-09-06T12:04:59.206+0000] {dagbag.py:588} INFO - Filling up the DagBag from /opt/airflow/dags/transposition_demo_dag.py
[2025-09-06T12:04:59.642+0000] {processor.py:925} INFO - DAG(s) 'transposition_demo' retrieved from /opt/airflow/dags/transposition_demo_dag.py
[2025-09-06T12:04:59.691+0000] {logging_mixin.py:190} INFO - [2025-09-06T12:04:59.690+0000] {dag.py:3239} INFO - Sync 1 DAGs
[2025-09-06T12:04:59.703+0000] {logging_mixin.py:190} INFO - [2025-09-06T12:04:59.703+0000] {dag.py:4180} INFO - Setting next_dagrun for transposition_demo to None, run_after=None
[2025-09-06T12:04:59.714+0000] {processor.py:208} INFO - Processing /opt/airflow/dags/transposition_demo_dag.py took 0.523 seconds
[2025-09-06T13:28:15.779+0000] {processor.py:186} INFO - Started process (PID=24877) to work on /opt/airflow/dags/transposition_demo_dag.py
[2025-09-06T13:28:15.780+0000] {processor.py:914} INFO - Processing file /opt/airflow/dags/transposition_demo_dag.py for tasks to queue
[2025-09-06T13:28:15.784+0000] {logging_mixin.py:190} INFO - [2025-09-06T13:28:15.783+0000] {dagbag.py:588} INFO - Filling up the DagBag from /opt/airflow/dags/transposition_demo_dag.py
[2025-09-06T13:28:16.143+0000] {processor.py:925} INFO - DAG(s) 'transposition_demo' retrieved from /opt/airflow/dags/transposition_demo_dag.py
[2025-09-06T13:28:16.167+0000] {logging_mixin.py:190} INFO - [2025-09-06T13:28:16.167+0000] {dag.py:3239} INFO - Sync 1 DAGs
[2025-09-06T13:28:16.176+0000] {logging_mixin.py:190} INFO - [2025-09-06T13:28:16.176+0000] {dag.py:4180} INFO - Setting next_dagrun for transposition_demo to None, run_after=None
[2025-09-06T13:28:16.189+0000] {processor.py:208} INFO - Processing /opt/airflow/dags/transposition_demo_dag.py took 0.414 seconds
[2025-09-06T14:31:20.582+0000] {processor.py:186} INFO - Started process (PID=24920) to work on /opt/airflow/dags/transposition_demo_dag.py
[2025-09-06T14:31:20.583+0000] {processor.py:914} INFO - Processing file /opt/airflow/dags/transposition_demo_dag.py for tasks to queue
[2025-09-06T14:31:20.587+0000] {logging_mixin.py:190} INFO - [2025-09-06T14:31:20.586+0000] {dagbag.py:588} INFO - Filling up the DagBag from /opt/airflow/dags/transposition_demo_dag.py
[2025-09-06T14:31:20.967+0000] {processor.py:925} INFO - DAG(s) 'transposition_demo' retrieved from /opt/airflow/dags/transposition_demo_dag.py
[2025-09-06T14:31:21.133+0000] {logging_mixin.py:190} INFO - [2025-09-06T14:31:21.132+0000] {dag.py:3239} INFO - Sync 1 DAGs
[2025-09-06T14:31:21.142+0000] {logging_mixin.py:190} INFO - [2025-09-06T14:31:21.142+0000] {dag.py:4180} INFO - Setting next_dagrun for transposition_demo to None, run_after=None
[2025-09-06T14:31:21.151+0000] {processor.py:208} INFO - Processing /opt/airflow/dags/transposition_demo_dag.py took 0.576 seconds
[2025-09-06T14:31:51.227+0000] {processor.py:186} INFO - Started process (PID=24963) to work on /opt/airflow/dags/transposition_demo_dag.py
[2025-09-06T14:31:51.228+0000] {processor.py:914} INFO - Processing file /opt/airflow/dags/transposition_demo_dag.py for tasks to queue
[2025-09-06T14:31:51.230+0000] {logging_mixin.py:190} INFO - [2025-09-06T14:31:51.230+0000] {dagbag.py:588} INFO - Filling up the DagBag from /opt/airflow/dags/transposition_demo_dag.py
[2025-09-06T14:31:51.707+0000] {processor.py:925} INFO - DAG(s) 'transposition_demo' retrieved from /opt/airflow/dags/transposition_demo_dag.py
[2025-09-06T14:31:51.726+0000] {logging_mixin.py:190} INFO - [2025-09-06T14:31:51.725+0000] {dag.py:3239} INFO - Sync 1 DAGs
[2025-09-06T14:31:51.732+0000] {logging_mixin.py:190} INFO - [2025-09-06T14:31:51.732+0000] {dag.py:4180} INFO - Setting next_dagrun for transposition_demo to None, run_after=None
[2025-09-06T14:31:51.744+0000] {processor.py:208} INFO - Processing /opt/airflow/dags/transposition_demo_dag.py took 0.524 seconds
[2025-09-06T14:51:01.030+0000] {processor.py:186} INFO - Started process (PID=25006) to work on /opt/airflow/dags/transposition_demo_dag.py
[2025-09-06T14:51:01.031+0000] {processor.py:914} INFO - Processing file /opt/airflow/dags/transposition_demo_dag.py for tasks to queue
[2025-09-06T14:51:01.032+0000] {logging_mixin.py:190} INFO - [2025-09-06T14:51:01.032+0000] {dagbag.py:588} INFO - Filling up the DagBag from /opt/airflow/dags/transposition_demo_dag.py
[2025-09-06T14:51:01.483+0000] {processor.py:925} INFO - DAG(s) 'transposition_demo' retrieved from /opt/airflow/dags/transposition_demo_dag.py
[2025-09-06T14:51:01.509+0000] {logging_mixin.py:190} INFO - [2025-09-06T14:51:01.509+0000] {dag.py:3239} INFO - Sync 1 DAGs
[2025-09-06T14:51:01.521+0000] {logging_mixin.py:190} INFO - [2025-09-06T14:51:01.521+0000] {dag.py:4180} INFO - Setting next_dagrun for transposition_demo to None, run_after=None
[2025-09-06T14:51:01.534+0000] {processor.py:208} INFO - Processing /opt/airflow/dags/transposition_demo_dag.py took 0.508 seconds
[2025-09-06T15:08:26.031+0000] {processor.py:186} INFO - Started process (PID=25049) to work on /opt/airflow/dags/transposition_demo_dag.py
[2025-09-06T15:08:26.032+0000] {processor.py:914} INFO - Processing file /opt/airflow/dags/transposition_demo_dag.py for tasks to queue
[2025-09-06T15:08:26.034+0000] {logging_mixin.py:190} INFO - [2025-09-06T15:08:26.034+0000] {dagbag.py:588} INFO - Filling up the DagBag from /opt/airflow/dags/transposition_demo_dag.py
[2025-09-06T15:08:26.493+0000] {processor.py:925} INFO - DAG(s) 'transposition_demo' retrieved from /opt/airflow/dags/transposition_demo_dag.py
[2025-09-06T15:08:26.516+0000] {logging_mixin.py:190} INFO - [2025-09-06T15:08:26.516+0000] {dag.py:3239} INFO - Sync 1 DAGs
[2025-09-06T15:08:26.524+0000] {logging_mixin.py:190} INFO - [2025-09-06T15:08:26.524+0000] {dag.py:4180} INFO - Setting next_dagrun for transposition_demo to None, run_after=None
[2025-09-06T15:08:26.534+0000] {processor.py:208} INFO - Processing /opt/airflow/dags/transposition_demo_dag.py took 0.508 seconds
[2025-09-06T15:34:16.857+0000] {processor.py:186} INFO - Started process (PID=25092) to work on /opt/airflow/dags/transposition_demo_dag.py
[2025-09-06T15:34:16.859+0000] {processor.py:914} INFO - Processing file /opt/airflow/dags/transposition_demo_dag.py for tasks to queue
[2025-09-06T15:34:16.861+0000] {logging_mixin.py:190} INFO - [2025-09-06T15:34:16.860+0000] {dagbag.py:588} INFO - Filling up the DagBag from /opt/airflow/dags/transposition_demo_dag.py
[2025-09-06T15:34:17.288+0000] {processor.py:925} INFO - DAG(s) 'transposition_demo' retrieved from /opt/airflow/dags/transposition_demo_dag.py
[2025-09-06T15:34:17.307+0000] {logging_mixin.py:190} INFO - [2025-09-06T15:34:17.306+0000] {dag.py:3239} INFO - Sync 1 DAGs
[2025-09-06T15:34:17.313+0000] {logging_mixin.py:190} INFO - [2025-09-06T15:34:17.312+0000] {dag.py:4180} INFO - Setting next_dagrun for transposition_demo to None, run_after=None
[2025-09-06T15:34:17.323+0000] {processor.py:208} INFO - Processing /opt/airflow/dags/transposition_demo_dag.py took 0.470 seconds
[2025-09-06T15:51:30.065+0000] {processor.py:186} INFO - Started process (PID=25135) to work on /opt/airflow/dags/transposition_demo_dag.py
[2025-09-06T15:51:30.067+0000] {processor.py:914} INFO - Processing file /opt/airflow/dags/transposition_demo_dag.py for tasks to queue
[2025-09-06T15:51:30.072+0000] {logging_mixin.py:190} INFO - [2025-09-06T15:51:30.071+0000] {dagbag.py:588} INFO - Filling up the DagBag from /opt/airflow/dags/transposition_demo_dag.py
[2025-09-06T15:51:30.597+0000] {processor.py:925} INFO - DAG(s) 'transposition_demo' retrieved from /opt/airflow/dags/transposition_demo_dag.py
[2025-09-06T15:51:30.618+0000] {logging_mixin.py:190} INFO - [2025-09-06T15:51:30.618+0000] {dag.py:3239} INFO - Sync 1 DAGs
[2025-09-06T15:51:30.625+0000] {logging_mixin.py:190} INFO - [2025-09-06T15:51:30.625+0000] {dag.py:4180} INFO - Setting next_dagrun for transposition_demo to None, run_after=None
[2025-09-06T15:51:30.636+0000] {processor.py:208} INFO - Processing /opt/airflow/dags/transposition_demo_dag.py took 0.577 seconds
[2025-09-06T16:32:27.918+0000] {processor.py:186} INFO - Started process (PID=25178) to work on /opt/airflow/dags/transposition_demo_dag.py
[2025-09-06T16:32:27.918+0000] {processor.py:914} INFO - Processing file /opt/airflow/dags/transposition_demo_dag.py for tasks to queue
[2025-09-06T16:32:27.922+0000] {logging_mixin.py:190} INFO - [2025-09-06T16:32:27.922+0000] {dagbag.py:588} INFO - Filling up the DagBag from /opt/airflow/dags/transposition_demo_dag.py
[2025-09-06T16:32:28.365+0000] {processor.py:925} INFO - DAG(s) 'transposition_demo' retrieved from /opt/airflow/dags/transposition_demo_dag.py
[2025-09-06T16:32:28.383+0000] {logging_mixin.py:190} INFO - [2025-09-06T16:32:28.383+0000] {dag.py:3239} INFO - Sync 1 DAGs
[2025-09-06T16:32:28.389+0000] {logging_mixin.py:190} INFO - [2025-09-06T16:32:28.389+0000] {dag.py:4180} INFO - Setting next_dagrun for transposition_demo to None, run_after=None
[2025-09-06T16:32:28.401+0000] {processor.py:208} INFO - Processing /opt/airflow/dags/transposition_demo_dag.py took 0.488 seconds
[2025-09-06T16:48:37.051+0000] {processor.py:186} INFO - Started process (PID=25221) to work on /opt/airflow/dags/transposition_demo_dag.py
[2025-09-06T16:48:37.052+0000] {processor.py:914} INFO - Processing file /opt/airflow/dags/transposition_demo_dag.py for tasks to queue
[2025-09-06T16:48:37.054+0000] {logging_mixin.py:190} INFO - [2025-09-06T16:48:37.054+0000] {dagbag.py:588} INFO - Filling up the DagBag from /opt/airflow/dags/transposition_demo_dag.py
[2025-09-06T16:48:37.501+0000] {processor.py:925} INFO - DAG(s) 'transposition_demo' retrieved from /opt/airflow/dags/transposition_demo_dag.py
[2025-09-06T16:48:37.518+0000] {logging_mixin.py:190} INFO - [2025-09-06T16:48:37.518+0000] {dag.py:3239} INFO - Sync 1 DAGs
[2025-09-06T16:48:37.525+0000] {logging_mixin.py:190} INFO - [2025-09-06T16:48:37.525+0000] {dag.py:4180} INFO - Setting next_dagrun for transposition_demo to None, run_after=None
[2025-09-06T16:48:37.534+0000] {processor.py:208} INFO - Processing /opt/airflow/dags/transposition_demo_dag.py took 0.489 seconds
[2025-09-06T18:11:41.281+0000] {processor.py:186} INFO - Started process (PID=25264) to work on /opt/airflow/dags/transposition_demo_dag.py
[2025-09-06T18:11:41.282+0000] {processor.py:914} INFO - Processing file /opt/airflow/dags/transposition_demo_dag.py for tasks to queue
[2025-09-06T18:11:41.285+0000] {logging_mixin.py:190} INFO - [2025-09-06T18:11:41.285+0000] {dagbag.py:588} INFO - Filling up the DagBag from /opt/airflow/dags/transposition_demo_dag.py
[2025-09-06T18:11:41.783+0000] {processor.py:925} INFO - DAG(s) 'transposition_demo' retrieved from /opt/airflow/dags/transposition_demo_dag.py
[2025-09-06T18:11:41.802+0000] {logging_mixin.py:190} INFO - [2025-09-06T18:11:41.802+0000] {dag.py:3239} INFO - Sync 1 DAGs
[2025-09-06T18:11:41.810+0000] {logging_mixin.py:190} INFO - [2025-09-06T18:11:41.810+0000] {dag.py:4180} INFO - Setting next_dagrun for transposition_demo to None, run_after=None
[2025-09-06T18:11:41.819+0000] {processor.py:208} INFO - Processing /opt/airflow/dags/transposition_demo_dag.py took 0.543 seconds
[2025-09-06T19:50:19.266+0000] {processor.py:186} INFO - Started process (PID=25307) to work on /opt/airflow/dags/transposition_demo_dag.py
[2025-09-06T19:50:19.267+0000] {processor.py:914} INFO - Processing file /opt/airflow/dags/transposition_demo_dag.py for tasks to queue
[2025-09-06T19:50:19.270+0000] {logging_mixin.py:190} INFO - [2025-09-06T19:50:19.269+0000] {dagbag.py:588} INFO - Filling up the DagBag from /opt/airflow/dags/transposition_demo_dag.py
[2025-09-06T19:50:19.823+0000] {processor.py:925} INFO - DAG(s) 'transposition_demo' retrieved from /opt/airflow/dags/transposition_demo_dag.py
[2025-09-06T19:50:19.843+0000] {logging_mixin.py:190} INFO - [2025-09-06T19:50:19.842+0000] {dag.py:3239} INFO - Sync 1 DAGs
[2025-09-06T19:50:19.850+0000] {logging_mixin.py:190} INFO - [2025-09-06T19:50:19.850+0000] {dag.py:4180} INFO - Setting next_dagrun for transposition_demo to None, run_after=None
[2025-09-06T19:50:19.863+0000] {processor.py:208} INFO - Processing /opt/airflow/dags/transposition_demo_dag.py took 0.603 seconds
[2025-09-06T21:12:24.843+0000] {processor.py:186} INFO - Started process (PID=25350) to work on /opt/airflow/dags/transposition_demo_dag.py
[2025-09-06T21:12:24.844+0000] {processor.py:914} INFO - Processing file /opt/airflow/dags/transposition_demo_dag.py for tasks to queue
[2025-09-06T21:12:24.847+0000] {logging_mixin.py:190} INFO - [2025-09-06T21:12:24.847+0000] {dagbag.py:588} INFO - Filling up the DagBag from /opt/airflow/dags/transposition_demo_dag.py
[2025-09-06T21:12:25.362+0000] {processor.py:925} INFO - DAG(s) 'transposition_demo' retrieved from /opt/airflow/dags/transposition_demo_dag.py
[2025-09-06T21:12:25.382+0000] {logging_mixin.py:190} INFO - [2025-09-06T21:12:25.382+0000] {dag.py:3239} INFO - Sync 1 DAGs
[2025-09-06T21:12:25.389+0000] {logging_mixin.py:190} INFO - [2025-09-06T21:12:25.389+0000] {dag.py:4180} INFO - Setting next_dagrun for transposition_demo to None, run_after=None
[2025-09-06T21:12:25.402+0000] {processor.py:208} INFO - Processing /opt/airflow/dags/transposition_demo_dag.py took 0.565 seconds
[2025-09-06T22:50:01.286+0000] {processor.py:186} INFO - Started process (PID=25393) to work on /opt/airflow/dags/transposition_demo_dag.py
[2025-09-06T22:50:01.287+0000] {processor.py:914} INFO - Processing file /opt/airflow/dags/transposition_demo_dag.py for tasks to queue
[2025-09-06T22:50:01.289+0000] {logging_mixin.py:190} INFO - [2025-09-06T22:50:01.288+0000] {dagbag.py:588} INFO - Filling up the DagBag from /opt/airflow/dags/transposition_demo_dag.py
[2025-09-06T22:50:01.830+0000] {processor.py:925} INFO - DAG(s) 'transposition_demo' retrieved from /opt/airflow/dags/transposition_demo_dag.py
[2025-09-06T22:50:01.854+0000] {logging_mixin.py:190} INFO - [2025-09-06T22:50:01.853+0000] {dag.py:3239} INFO - Sync 1 DAGs
[2025-09-06T22:50:01.861+0000] {logging_mixin.py:190} INFO - [2025-09-06T22:50:01.861+0000] {dag.py:4180} INFO - Setting next_dagrun for transposition_demo to None, run_after=None
[2025-09-06T22:50:01.873+0000] {processor.py:208} INFO - Processing /opt/airflow/dags/transposition_demo_dag.py took 0.590 seconds
[2025-09-06T23:04:10.209+0000] {processor.py:186} INFO - Started process (PID=25436) to work on /opt/airflow/dags/transposition_demo_dag.py
[2025-09-06T23:04:10.210+0000] {processor.py:914} INFO - Processing file /opt/airflow/dags/transposition_demo_dag.py for tasks to queue
[2025-09-06T23:04:10.215+0000] {logging_mixin.py:190} INFO - [2025-09-06T23:04:10.214+0000] {dagbag.py:588} INFO - Filling up the DagBag from /opt/airflow/dags/transposition_demo_dag.py
[2025-09-06T23:04:10.601+0000] {processor.py:925} INFO - DAG(s) 'transposition_demo' retrieved from /opt/airflow/dags/transposition_demo_dag.py
[2025-09-06T23:04:10.629+0000] {logging_mixin.py:190} INFO - [2025-09-06T23:04:10.629+0000] {dag.py:3239} INFO - Sync 1 DAGs
[2025-09-06T23:04:10.639+0000] {logging_mixin.py:190} INFO - [2025-09-06T23:04:10.639+0000] {dag.py:4180} INFO - Setting next_dagrun for transposition_demo to None, run_after=None
[2025-09-06T23:04:10.651+0000] {processor.py:208} INFO - Processing /opt/airflow/dags/transposition_demo_dag.py took 0.450 seconds
[2025-09-06T23:37:27.072+0000] {processor.py:186} INFO - Started process (PID=25479) to work on /opt/airflow/dags/transposition_demo_dag.py
[2025-09-06T23:37:27.073+0000] {processor.py:914} INFO - Processing file /opt/airflow/dags/transposition_demo_dag.py for tasks to queue
[2025-09-06T23:37:27.075+0000] {logging_mixin.py:190} INFO - [2025-09-06T23:37:27.075+0000] {dagbag.py:588} INFO - Filling up the DagBag from /opt/airflow/dags/transposition_demo_dag.py
[2025-09-06T23:37:27.724+0000] {processor.py:925} INFO - DAG(s) 'transposition_demo' retrieved from /opt/airflow/dags/transposition_demo_dag.py
[2025-09-06T23:37:27.761+0000] {logging_mixin.py:190} INFO - [2025-09-06T23:37:27.761+0000] {dag.py:3239} INFO - Sync 1 DAGs
[2025-09-06T23:37:27.788+0000] {logging_mixin.py:190} INFO - [2025-09-06T23:37:27.787+0000] {dag.py:4180} INFO - Setting next_dagrun for transposition_demo to None, run_after=None
[2025-09-06T23:37:27.812+0000] {processor.py:208} INFO - Processing /opt/airflow/dags/transposition_demo_dag.py took 0.746 seconds
